Note: NumExpr detected 48 cores but "NUMEXPR_MAX_THREADS" not set, so enforcing safe limit of 8.
NumExpr defaulting to 8 threads.
Begin Training Epoch 1
Epoch [1] [390/391]	Time 0.000 (0.004)	Loss 4.4712	Prec@1 0.421 (2.077)	Prec@5 6.659 (9.706)
Begin Validation @ Epoch 1
Epoch Summary: 
	Epoch Accuracy: 3.71
	Best Accuracy: 3.71
Begin Training Epoch 2
Epoch [2] [390/391]	Time 0.003 (0.005)	Loss 4.2955	Prec@1 8.165 (4.212)	Prec@5 32.544 (16.920)
Begin Validation @ Epoch 2
Epoch Summary: 
	Epoch Accuracy: 7.89
	Best Accuracy: 7.89
Begin Training Epoch 3
Epoch [3] [390/391]	Time 0.002 (0.007)	Loss 4.1355	Prec@1 2.939 (6.895)	Prec@5 16.557 (23.569)
Begin Validation @ Epoch 3
Epoch Summary: 
	Epoch Accuracy: 10.94
	Best Accuracy: 10.94
Begin Training Epoch 4
Epoch [4] [390/391]	Time 0.002 (0.008)	Loss 4.0355	Prec@1 7.351 (8.547)	Prec@5 26.722 (27.517)
Begin Validation @ Epoch 4
Epoch Summary: 
	Epoch Accuracy: 14.03
	Best Accuracy: 14.03
Begin Training Epoch 5
Epoch [5] [390/391]	Time 0.001 (0.004)	Loss 3.9615	Prec@1 6.671 (10.063)	Prec@5 30.435 (30.150)
Begin Validation @ Epoch 5
Epoch Summary: 
	Epoch Accuracy: 15.47
	Best Accuracy: 15.47
Begin Training Epoch 6
Epoch [6] [390/391]	Time 0.002 (0.006)	Loss 3.8759	Prec@1 11.402 (11.395)	Prec@5 27.256 (33.147)
Begin Validation @ Epoch 6
Epoch Summary: 
	Epoch Accuracy: 17.18
	Best Accuracy: 17.18
Begin Training Epoch 7
Epoch [7] [390/391]	Time 0.002 (0.005)	Loss 3.8416	Prec@1 7.522 (12.263)	Prec@5 25.643 (34.340)
Begin Validation @ Epoch 7
Epoch Summary: 
	Epoch Accuracy: 19.18
	Best Accuracy: 19.18
Begin Training Epoch 8
Epoch [8] [390/391]	Time 0.004 (0.005)	Loss 3.7686	Prec@1 15.173 (13.656)	Prec@5 38.442 (36.742)
Begin Validation @ Epoch 8
Epoch Summary: 
	Epoch Accuracy: 21.14
	Best Accuracy: 21.14
Begin Training Epoch 9
Epoch [9] [390/391]	Time 0.002 (0.005)	Loss 3.7204	Prec@1 12.541 (14.698)	Prec@5 42.417 (38.237)
Begin Validation @ Epoch 9
Epoch Summary: 
	Epoch Accuracy: 22.32
	Best Accuracy: 22.32
Begin Training Epoch 10
Epoch [10] [390/391]	Time 0.002 (0.006)	Loss 3.6880	Prec@1 9.861 (15.736)	Prec@5 29.582 (39.418)
Begin Validation @ Epoch 10
Epoch Summary: 
	Epoch Accuracy: 24.18
	Best Accuracy: 24.18
Begin Training Epoch 11
Epoch [11] [390/391]	Time 0.000 (0.007)	Loss 3.6180	Prec@1 15.197 (17.292)	Prec@5 36.528 (41.534)
Begin Validation @ Epoch 11
Epoch Summary: 
	Epoch Accuracy: 24.34
	Best Accuracy: 24.34
Begin Training Epoch 12
Epoch [12] [390/391]	Time 0.002 (0.007)	Loss 3.6002	Prec@1 9.023 (17.719)	Prec@5 30.662 (41.975)
Begin Validation @ Epoch 12
Epoch Summary: 
	Epoch Accuracy: 28.18
	Best Accuracy: 28.18
Begin Training Epoch 13
Epoch [13] [390/391]	Time 0.001 (0.005)	Loss 3.5516	Prec@1 15.084 (18.904)	Prec@5 39.789 (43.584)
Begin Validation @ Epoch 13
Epoch Summary: 
	Epoch Accuracy: 28.32
	Best Accuracy: 28.32
Begin Training Epoch 14
Epoch [14] [390/391]	Time 0.002 (0.005)	Loss 3.5354	Prec@1 23.445 (19.409)	Prec@5 47.311 (44.056)
Begin Validation @ Epoch 14
Epoch Summary: 
	Epoch Accuracy: 29.56
	Best Accuracy: 29.56
Begin Training Epoch 15
Epoch [15] [390/391]	Time 0.000 (0.006)	Loss 3.4640	Prec@1 19.154 (20.694)	Prec@5 47.276 (46.169)
Begin Validation @ Epoch 15
Epoch Summary: 
	Epoch Accuracy: 30.64
	Best Accuracy: 30.64
Begin Training Epoch 16
Epoch [16] [390/391]	Time 0.000 (0.006)	Loss 3.4552	Prec@1 14.927 (21.167)	Prec@5 36.827 (46.600)
Begin Validation @ Epoch 16
Epoch Summary: 
	Epoch Accuracy: 30.47
	Best Accuracy: 30.64
Begin Training Epoch 17
Epoch [17] [390/391]	Time 0.000 (0.005)	Loss 3.4018	Prec@1 25.853 (22.249)	Prec@5 47.395 (48.044)
Begin Validation @ Epoch 17
Epoch Summary: 
	Epoch Accuracy: 31.74
	Best Accuracy: 31.74
Begin Training Epoch 18
Epoch [18] [390/391]	Time 0.004 (0.005)	Loss 3.3921	Prec@1 28.684 (22.320)	Prec@5 66.100 (48.024)
Begin Validation @ Epoch 18
Epoch Summary: 
	Epoch Accuracy: 33.15
	Best Accuracy: 33.15
Begin Training Epoch 19
Epoch [19] [390/391]	Time 0.003 (0.006)	Loss 3.3735	Prec@1 19.393 (23.166)	Prec@5 49.106 (49.066)
Begin Validation @ Epoch 19
Epoch Summary: 
	Epoch Accuracy: 32.75
	Best Accuracy: 33.15
Begin Training Epoch 20
Epoch [20] [390/391]	Time 0.001 (0.006)	Loss 3.3211	Prec@1 35.630 (24.266)	Prec@5 66.648 (50.223)
Begin Validation @ Epoch 20
Epoch Summary: 
	Epoch Accuracy: 35.25
	Best Accuracy: 35.25
Begin Training Epoch 21
Epoch [21] [390/391]	Time 0.004 (0.005)	Loss 3.3445	Prec@1 23.397 (24.203)	Prec@5 39.641 (49.887)
Begin Validation @ Epoch 21
Epoch Summary: 
	Epoch Accuracy: 33.41
	Best Accuracy: 35.25
Begin Training Epoch 22
Epoch [22] [390/391]	Time 0.002 (0.007)	Loss 3.2822	Prec@1 28.834 (25.263)	Prec@5 59.798 (51.122)
Begin Validation @ Epoch 22
Epoch Summary: 
	Epoch Accuracy: 35.33
	Best Accuracy: 35.33
Begin Training Epoch 23
Epoch [23] [390/391]	Time 0.002 (0.005)	Loss 3.2609	Prec@1 25.924 (25.963)	Prec@5 58.099 (51.888)
Begin Validation @ Epoch 23
Epoch Summary: 
	Epoch Accuracy: 36.46
	Best Accuracy: 36.46
Begin Training Epoch 24
Epoch [24] [390/391]	Time 0.002 (0.006)	Loss 3.2276	Prec@1 25.851 (26.603)	Prec@5 57.766 (52.617)
Begin Validation @ Epoch 24
Epoch Summary: 
	Epoch Accuracy: 36.54
	Best Accuracy: 36.54
Begin Training Epoch 25
Epoch [25] [390/391]	Time 0.002 (0.006)	Loss 3.1967	Prec@1 27.224 (27.522)	Prec@5 55.214 (53.601)
Begin Validation @ Epoch 25
Epoch Summary: 
	Epoch Accuracy: 36.97
	Best Accuracy: 36.97
Begin Training Epoch 26
Epoch [26] [390/391]	Time 0.001 (0.005)	Loss 3.2291	Prec@1 11.833 (27.018)	Prec@5 34.417 (52.893)
Begin Validation @ Epoch 26
Epoch Summary: 
	Epoch Accuracy: 38.08
	Best Accuracy: 38.08
Begin Training Epoch 27
Epoch [27] [390/391]	Time 0.003 (0.005)	Loss 3.1267	Prec@1 18.712 (29.163)	Prec@5 35.391 (55.352)
Begin Validation @ Epoch 27
Epoch Summary: 
	Epoch Accuracy: 38.14
	Best Accuracy: 38.14
Begin Training Epoch 28
Epoch [28] [390/391]	Time 0.001 (0.006)	Loss 3.1056	Prec@1 18.937 (29.808)	Prec@5 41.624 (55.897)
Begin Validation @ Epoch 28
Epoch Summary: 
	Epoch Accuracy: 38.05
	Best Accuracy: 38.14
Begin Training Epoch 29
Epoch [29] [390/391]	Time 0.001 (0.005)	Loss 3.1133	Prec@1 31.804 (29.863)	Prec@5 57.904 (55.603)
Begin Validation @ Epoch 29
Epoch Summary: 
	Epoch Accuracy: 38.84
	Best Accuracy: 38.84
Begin Training Epoch 30
Epoch [30] [390/391]	Time 0.002 (0.005)	Loss 3.0751	Prec@1 51.453 (30.586)	Prec@5 82.113 (56.395)
Begin Validation @ Epoch 30
Epoch Summary: 
	Epoch Accuracy: 39.06
	Best Accuracy: 39.06
Begin Training Epoch 31
Epoch [31] [390/391]	Time 0.002 (0.006)	Loss 3.0839	Prec@1 15.211 (30.890)	Prec@5 36.082 (56.421)
Begin Validation @ Epoch 31
Epoch Summary: 
	Epoch Accuracy: 39.05
	Best Accuracy: 39.06
Begin Training Epoch 32
Epoch [32] [390/391]	Time 0.002 (0.005)	Loss 3.0440	Prec@1 21.127 (31.747)	Prec@5 38.096 (57.321)
Begin Validation @ Epoch 32
Epoch Summary: 
	Epoch Accuracy: 38.62
	Best Accuracy: 39.06
Begin Training Epoch 33
Epoch [33] [390/391]	Time 0.002 (0.005)	Loss 3.0466	Prec@1 33.644 (31.736)	Prec@5 56.288 (57.126)
Begin Validation @ Epoch 33
Epoch Summary: 
	Epoch Accuracy: 39.97
	Best Accuracy: 39.97
Begin Training Epoch 34
Epoch [34] [390/391]	Time 0.000 (0.005)	Loss 2.9986	Prec@1 47.667 (32.915)	Prec@5 70.000 (58.443)
Begin Validation @ Epoch 34
Epoch Summary: 
	Epoch Accuracy: 40.25
	Best Accuracy: 40.25
Begin Training Epoch 35
Epoch [35] [390/391]	Time 0.002 (0.005)	Loss 2.9684	Prec@1 20.334 (33.818)	Prec@5 42.741 (58.994)
Begin Validation @ Epoch 35
Epoch Summary: 
	Epoch Accuracy: 40.07
	Best Accuracy: 40.25
Begin Training Epoch 36
Epoch [36] [390/391]	Time 0.001 (0.006)	Loss 2.9745	Prec@1 42.895 (33.448)	Prec@5 72.560 (58.642)
Begin Validation @ Epoch 36
Epoch Summary: 
	Epoch Accuracy: 40.44
	Best Accuracy: 40.44
Begin Training Epoch 37
Epoch [37] [390/391]	Time 0.002 (0.006)	Loss 2.9833	Prec@1 33.743 (33.935)	Prec@5 51.696 (58.839)
Begin Validation @ Epoch 37
Epoch Summary: 
	Epoch Accuracy: 40.03
	Best Accuracy: 40.44
Begin Training Epoch 38
Epoch [38] [390/391]	Time 0.000 (0.005)	Loss 2.9065	Prec@1 30.508 (35.315)	Prec@5 55.409 (60.480)
Begin Validation @ Epoch 38
Epoch Summary: 
	Epoch Accuracy: 40.84
	Best Accuracy: 40.84
Begin Training Epoch 39
Epoch [39] [390/391]	Time 0.002 (0.005)	Loss 2.8703	Prec@1 17.466 (36.277)	Prec@5 37.753 (61.189)
Begin Validation @ Epoch 39
Epoch Summary: 
	Epoch Accuracy: 40.72
	Best Accuracy: 40.84
Begin Training Epoch 40
Epoch [40] [390/391]	Time 0.003 (0.006)	Loss 2.9536	Prec@1 61.644 (34.685)	Prec@5 83.953 (59.266)
Begin Validation @ Epoch 40
Epoch Summary: 
	Epoch Accuracy: 41.62
	Best Accuracy: 41.62
Begin Training Epoch 41
Epoch [41] [390/391]	Time 0.002 (0.005)	Loss 2.8921	Prec@1 22.500 (36.068)	Prec@5 45.469 (60.771)
Begin Validation @ Epoch 41
Epoch Summary: 
	Epoch Accuracy: 40.98
	Best Accuracy: 41.62
Begin Training Epoch 42
Epoch [42] [390/391]	Time 0.002 (0.004)	Loss 2.8081	Prec@1 14.991 (38.115)	Prec@5 44.365 (62.637)
Begin Validation @ Epoch 42
Epoch Summary: 
	Epoch Accuracy: 41.41
	Best Accuracy: 41.62
Begin Training Epoch 43
Epoch [43] [390/391]	Time 0.006 (0.006)	Loss 2.8791	Prec@1 38.353 (36.908)	Prec@5 58.839 (60.990)
Begin Validation @ Epoch 43
Epoch Summary: 
	Epoch Accuracy: 42.04
	Best Accuracy: 42.04
Begin Training Epoch 44
Epoch [44] [390/391]	Time 0.002 (0.006)	Loss 2.7927	Prec@1 51.079 (38.881)	Prec@5 75.167 (62.892)
Begin Validation @ Epoch 44
Epoch Summary: 
	Epoch Accuracy: 41.85
	Best Accuracy: 42.04
Begin Training Epoch 45
Epoch [45] [390/391]	Time 0.002 (0.004)	Loss 2.7826	Prec@1 60.487 (39.083)	Prec@5 83.277 (63.067)
Begin Validation @ Epoch 45
Epoch Summary: 
	Epoch Accuracy: 41.35
	Best Accuracy: 42.04
Begin Training Epoch 46
Epoch [46] [390/391]	Time 0.001 (0.005)	Loss 2.8698	Prec@1 52.128 (37.473)	Prec@5 76.376 (61.079)
Begin Validation @ Epoch 46
Epoch Summary: 
	Epoch Accuracy: 41.82
	Best Accuracy: 42.04
Begin Training Epoch 47
Epoch [47] [390/391]	Time 0.002 (0.005)	Loss 2.7601	Prec@1 21.702 (39.812)	Prec@5 47.837 (63.316)
Begin Validation @ Epoch 47
Epoch Summary: 
	Epoch Accuracy: 41.22
	Best Accuracy: 42.04
Begin Training Epoch 48
Epoch [48] [390/391]	Time 0.002 (0.006)	Loss 2.7615	Prec@1 55.014 (40.120)	Prec@5 84.315 (63.254)
Begin Validation @ Epoch 48
Epoch Summary: 
	Epoch Accuracy: 41.75
	Best Accuracy: 42.04
Begin Training Epoch 49
Epoch [49] [390/391]	Time 0.002 (0.004)	Loss 2.7270	Prec@1 58.766 (40.960)	Prec@5 76.270 (64.133)
Begin Validation @ Epoch 49
Epoch Summary: 
	Epoch Accuracy: 41.95
	Best Accuracy: 42.04
Begin Training Epoch 50
Epoch [50] [390/391]	Time 0.004 (0.006)	Loss 2.7185	Prec@1 45.439 (41.160)	Prec@5 69.408 (64.081)
Begin Validation @ Epoch 50
Epoch Summary: 
	Epoch Accuracy: 41.86
	Best Accuracy: 42.04
Begin Training Epoch 51
Epoch [51] [390/391]	Time 0.000 (0.005)	Loss 2.7296	Prec@1 19.410 (41.206)	Prec@5 40.069 (63.926)
Begin Validation @ Epoch 51
Epoch Summary: 
	Epoch Accuracy: 42.55
	Best Accuracy: 42.55
Begin Training Epoch 52
Epoch [52] [390/391]	Time 0.002 (0.005)	Loss 2.6564	Prec@1 37.739 (42.673)	Prec@5 56.124 (65.477)
Begin Validation @ Epoch 52
Epoch Summary: 
	Epoch Accuracy: 42.62
	Best Accuracy: 42.62
Begin Training Epoch 53
Epoch [53] [390/391]	Time 0.001 (0.006)	Loss 2.7713	Prec@1 62.321 (40.785)	Prec@5 91.249 (62.933)
Begin Validation @ Epoch 53
Epoch Summary: 
	Epoch Accuracy: 42.36
	Best Accuracy: 42.62
Begin Training Epoch 54
Epoch [54] [390/391]	Time 0.002 (0.006)	Loss 2.6774	Prec@1 19.025 (42.721)	Prec@5 39.117 (64.738)
Begin Validation @ Epoch 54
Epoch Summary: 
	Epoch Accuracy: 42.3
	Best Accuracy: 42.62
Begin Training Epoch 55
Epoch [55] [390/391]	Time 0.000 (0.005)	Loss 2.6414	Prec@1 14.908 (43.890)	Prec@5 41.760 (65.405)
Begin Validation @ Epoch 55
Epoch Summary: 
	Epoch Accuracy: 42.9
	Best Accuracy: 42.9
Begin Training Epoch 56
Epoch [56] [390/391]	Time 0.001 (0.006)	Loss 2.5729	Prec@1 22.817 (45.165)	Prec@5 48.339 (66.703)
Begin Validation @ Epoch 56
Epoch Summary: 
	Epoch Accuracy: 42.26
	Best Accuracy: 42.9
Begin Training Epoch 57
Epoch [57] [390/391]	Time 0.001 (0.005)	Loss 2.6106	Prec@1 65.755 (44.903)	Prec@5 90.327 (66.046)
Begin Validation @ Epoch 57
Epoch Summary: 
	Epoch Accuracy: 42.55
	Best Accuracy: 42.9
Begin Training Epoch 58
Epoch [58] [390/391]	Time 0.002 (0.004)	Loss 2.6394	Prec@1 31.187 (44.130)	Prec@5 57.667 (65.467)
Begin Validation @ Epoch 58
Epoch Summary: 
	Epoch Accuracy: 42.23
	Best Accuracy: 42.9
Begin Training Epoch 59
Epoch [59] [390/391]	Time 0.000 (0.005)	Loss 2.6359	Prec@1 66.455 (44.599)	Prec@5 83.821 (65.424)
Begin Validation @ Epoch 59
Epoch Summary: 
	Epoch Accuracy: 42.14
	Best Accuracy: 42.9
Begin Training Epoch 60
Epoch [60] [390/391]	Time 0.000 (0.004)	Loss 2.4979	Prec@1 21.061 (47.670)	Prec@5 42.842 (68.147)
Begin Validation @ Epoch 60
Epoch Summary: 
	Epoch Accuracy: 40.9
	Best Accuracy: 42.9
Begin Training Epoch 61
Epoch [61] [390/391]	Time 0.002 (0.005)	Loss 2.5683	Prec@1 52.085 (46.391)	Prec@5 72.022 (66.834)
Begin Validation @ Epoch 61
Epoch Summary: 
	Epoch Accuracy: 42.89
	Best Accuracy: 42.9
Begin Training Epoch 62
Epoch [62] [390/391]	Time 0.001 (0.005)	Loss 2.5402	Prec@1 24.439 (47.125)	Prec@5 44.971 (67.413)
Begin Validation @ Epoch 62
Epoch Summary: 
	Epoch Accuracy: 43.31
	Best Accuracy: 43.31
Begin Training Epoch 63
Epoch [63] [390/391]	Time 0.001 (0.006)	Loss 2.5152	Prec@1 51.384 (47.828)	Prec@5 69.694 (67.771)
Begin Validation @ Epoch 63
Epoch Summary: 
	Epoch Accuracy: 42.96
	Best Accuracy: 43.31
Begin Training Epoch 64
Epoch [64] [390/391]	Time 0.000 (0.006)	Loss 2.4957	Prec@1 40.533 (48.132)	Prec@5 62.551 (67.847)
Begin Validation @ Epoch 64
Epoch Summary: 
	Epoch Accuracy: 43.0
	Best Accuracy: 43.31
Begin Training Epoch 65
Epoch [65] [390/391]	Time 0.001 (0.005)	Loss 2.5176	Prec@1 24.399 (47.961)	Prec@5 43.319 (67.570)
Begin Validation @ Epoch 65
Epoch Summary: 
	Epoch Accuracy: 43.17
	Best Accuracy: 43.31
Begin Training Epoch 66
Epoch [66] [390/391]	Time 0.002 (0.006)	Loss 2.5274	Prec@1 71.195 (47.903)	Prec@5 88.928 (67.068)
Begin Validation @ Epoch 66
Epoch Summary: 
	Epoch Accuracy: 42.26
	Best Accuracy: 43.31
Begin Training Epoch 67
Epoch [67] [390/391]	Time 0.001 (0.005)	Loss 2.4961	Prec@1 66.613 (48.650)	Prec@5 83.043 (67.795)
Begin Validation @ Epoch 67
Epoch Summary: 
	Epoch Accuracy: 43.12
	Best Accuracy: 43.31
Begin Training Epoch 68
Epoch [68] [390/391]	Time 0.000 (0.006)	Loss 2.4631	Prec@1 60.707 (49.536)	Prec@5 77.276 (68.370)
Begin Validation @ Epoch 68
Epoch Summary: 
	Epoch Accuracy: 43.67
	Best Accuracy: 43.67
Begin Training Epoch 69
Epoch [69] [390/391]	Time 0.002 (0.005)	Loss 2.3948	Prec@1 67.460 (51.173)	Prec@5 84.678 (69.469)
Begin Validation @ Epoch 69
Epoch Summary: 
	Epoch Accuracy: 43.04
	Best Accuracy: 43.67
Begin Training Epoch 70
Epoch [70] [390/391]	Time 0.003 (0.006)	Loss 2.4736	Prec@1 27.256 (49.403)	Prec@5 50.000 (67.898)
Begin Validation @ Epoch 70
Epoch Summary: 
	Epoch Accuracy: 42.78
	Best Accuracy: 43.67
Begin Training Epoch 71
Epoch [71] [390/391]	Time 0.002 (0.005)	Loss 2.4132	Prec@1 20.962 (50.816)	Prec@5 37.328 (68.962)
Begin Validation @ Epoch 71
Epoch Summary: 
	Epoch Accuracy: 42.5
	Best Accuracy: 43.67
Begin Training Epoch 72
Epoch [72] [390/391]	Time 0.006 (0.005)	Loss 2.4173	Prec@1 67.600 (51.003)	Prec@5 79.928 (69.018)
Begin Validation @ Epoch 72
Epoch Summary: 
	Epoch Accuracy: 43.05
	Best Accuracy: 43.67
Begin Training Epoch 73
Epoch [73] [390/391]	Time 0.002 (0.007)	Loss 2.4205	Prec@1 78.352 (50.961)	Prec@5 86.293 (68.887)
Begin Validation @ Epoch 73
Epoch Summary: 
	Epoch Accuracy: 42.83
	Best Accuracy: 43.67
Begin Training Epoch 74
Epoch [74] [390/391]	Time 0.002 (0.005)	Loss 2.3845	Prec@1 79.413 (51.859)	Prec@5 89.134 (69.217)
Begin Validation @ Epoch 74
Epoch Summary: 
	Epoch Accuracy: 42.63
	Best Accuracy: 43.67
Begin Training Epoch 75
Epoch [75] [390/391]	Time 0.001 (0.006)	Loss 2.4909	Prec@1 64.821 (49.905)	Prec@5 80.172 (67.472)
Begin Validation @ Epoch 75
Epoch Summary: 
	Epoch Accuracy: 42.99
	Best Accuracy: 43.67
Begin Training Epoch 76
Epoch [76] [390/391]	Time 0.002 (0.005)	Loss 2.4265	Prec@1 36.008 (50.772)	Prec@5 57.677 (68.365)
Begin Validation @ Epoch 76
Epoch Summary: 
	Epoch Accuracy: 43.3
	Best Accuracy: 43.67
Begin Training Epoch 77
Epoch [77] [390/391]	Time 0.000 (0.005)	Loss 2.3887	Prec@1 80.624 (52.165)	Prec@5 89.141 (69.354)
Begin Validation @ Epoch 77
Epoch Summary: 
	Epoch Accuracy: 43.36
	Best Accuracy: 43.67
Begin Training Epoch 78
Epoch [78] [390/391]	Time 0.001 (0.006)	Loss 2.3589	Prec@1 14.595 (52.704)	Prec@5 37.095 (69.488)
Begin Validation @ Epoch 78
Epoch Summary: 
	Epoch Accuracy: 42.96
	Best Accuracy: 43.67
Begin Training Epoch 79
Epoch [79] [390/391]	Time 0.000 (0.005)	Loss 2.3013	Prec@1 47.960 (54.314)	Prec@5 64.439 (70.489)
Begin Validation @ Epoch 79
Epoch Summary: 
	Epoch Accuracy: 43.05
	Best Accuracy: 43.67
Begin Training Epoch 80
Epoch [80] [390/391]	Time 0.002 (0.006)	Loss 2.3078	Prec@1 35.733 (54.208)	Prec@5 55.370 (70.391)
Begin Validation @ Epoch 80
Epoch Summary: 
	Epoch Accuracy: 42.8
	Best Accuracy: 43.67
Begin Training Epoch 81
Epoch [81] [390/391]	Time 0.001 (0.005)	Loss 2.2554	Prec@1 20.205 (55.359)	Prec@5 43.433 (71.342)
Begin Validation @ Epoch 81
Epoch Summary: 
	Epoch Accuracy: 43.14
	Best Accuracy: 43.67
Begin Training Epoch 82
Epoch [82] [390/391]	Time 0.002 (0.005)	Loss 2.3238	Prec@1 23.127 (54.208)	Prec@5 46.868 (70.246)
Begin Validation @ Epoch 82
Epoch Summary: 
	Epoch Accuracy: 43.74
	Best Accuracy: 43.74
Begin Training Epoch 83
Epoch [83] [390/391]	Time 0.001 (0.006)	Loss 2.3442	Prec@1 23.181 (53.671)	Prec@5 46.354 (69.735)
Begin Validation @ Epoch 83
Epoch Summary: 
	Epoch Accuracy: 43.51
	Best Accuracy: 43.74
Begin Training Epoch 84
Epoch [84] [390/391]	Time 0.002 (0.005)	Loss 2.3396	Prec@1 81.841 (54.104)	Prec@5 91.274 (69.751)
Begin Validation @ Epoch 84
Epoch Summary: 
	Epoch Accuracy: 42.79
	Best Accuracy: 43.74
Begin Training Epoch 85
Epoch [85] [390/391]	Time 0.001 (0.005)	Loss 2.3673	Prec@1 71.482 (53.233)	Prec@5 86.376 (69.118)
Begin Validation @ Epoch 85
Epoch Summary: 
	Epoch Accuracy: 42.86
	Best Accuracy: 43.74
Begin Training Epoch 86
Epoch [86] [390/391]	Time 0.002 (0.006)	Loss 2.3866	Prec@1 23.383 (52.628)	Prec@5 43.055 (68.595)
Begin Validation @ Epoch 86
Epoch Summary: 
	Epoch Accuracy: 43.14
	Best Accuracy: 43.74
Begin Training Epoch 87
Epoch [87] [390/391]	Time 0.008 (0.004)	Loss 2.2698	Prec@1 24.552 (55.885)	Prec@5 43.903 (70.755)
Begin Validation @ Epoch 87
Epoch Summary: 
	Epoch Accuracy: 43.14
	Best Accuracy: 43.74
Begin Training Epoch 88
Epoch [88] [390/391]	Time 0.000 (0.005)	Loss 2.2927	Prec@1 42.099 (55.377)	Prec@5 63.430 (70.422)
Begin Validation @ Epoch 88
Epoch Summary: 
	Epoch Accuracy: 43.27
	Best Accuracy: 43.74
Begin Training Epoch 89
Epoch [89] [390/391]	Time 0.002 (0.004)	Loss 2.2957	Prec@1 35.848 (55.211)	Prec@5 62.936 (70.231)
Begin Validation @ Epoch 89
Epoch Summary: 
	Epoch Accuracy: 43.06
	Best Accuracy: 43.74
Begin Training Epoch 90
Epoch [90] [390/391]	Time 0.005 (0.005)	Loss 2.3081	Prec@1 81.342 (55.210)	Prec@5 87.184 (70.176)
Begin Validation @ Epoch 90
Epoch Summary: 
	Epoch Accuracy: 43.39
	Best Accuracy: 43.74
Begin Training Epoch 91
Epoch [91] [390/391]	Time 0.003 (0.005)	Loss 2.2690	Prec@1 35.840 (56.173)	Prec@5 53.196 (70.844)
Begin Validation @ Epoch 91
Epoch Summary: 
	Epoch Accuracy: 43.26
	Best Accuracy: 43.74
Begin Training Epoch 92
Epoch [92] [390/391]	Time 0.002 (0.006)	Loss 2.2807	Prec@1 68.937 (55.543)	Prec@5 80.478 (70.279)
Begin Validation @ Epoch 92
Epoch Summary: 
	Epoch Accuracy: 43.61
	Best Accuracy: 43.74
Begin Training Epoch 93
Epoch [93] [390/391]	Time 0.002 (0.005)	Loss 2.2321	Prec@1 27.884 (56.580)	Prec@5 47.367 (71.069)
Begin Validation @ Epoch 93
Epoch Summary: 
	Epoch Accuracy: 42.45
	Best Accuracy: 43.74
Begin Training Epoch 94
Epoch [94] [390/391]	Time 0.002 (0.007)	Loss 2.3243	Prec@1 69.671 (54.745)	Prec@5 81.120 (69.550)
Begin Validation @ Epoch 94
Epoch Summary: 
	Epoch Accuracy: 43.2
	Best Accuracy: 43.74
Begin Training Epoch 95
Epoch [95] [390/391]	Time 0.000 (0.007)	Loss 2.2029	Prec@1 77.973 (57.509)	Prec@5 88.300 (71.524)
Begin Validation @ Epoch 95
Epoch Summary: 
	Epoch Accuracy: 43.32
	Best Accuracy: 43.74
Begin Training Epoch 96
Epoch [96] [390/391]	Time 0.003 (0.005)	Loss 2.1704	Prec@1 77.249 (58.558)	Prec@5 83.549 (71.997)
Begin Validation @ Epoch 96
Epoch Summary: 
	Epoch Accuracy: 42.85
	Best Accuracy: 43.74
Begin Training Epoch 97
Epoch [97] [390/391]	Time 0.001 (0.005)	Loss 2.2037	Prec@1 77.155 (58.159)	Prec@5 84.016 (71.685)
Begin Validation @ Epoch 97
Epoch Summary: 
	Epoch Accuracy: 43.01
	Best Accuracy: 43.74
Begin Training Epoch 98
Epoch [98] [390/391]	Time 0.002 (0.005)	Loss 2.2582	Prec@1 31.037 (56.619)	Prec@5 48.617 (70.722)
Begin Validation @ Epoch 98
Epoch Summary: 
	Epoch Accuracy: 42.96
	Best Accuracy: 43.74
Begin Training Epoch 99
Epoch [99] [390/391]	Time 0.000 (0.006)	Loss 2.2323	Prec@1 27.823 (57.364)	Prec@5 46.044 (71.001)
Begin Validation @ Epoch 99
Epoch Summary: 
	Epoch Accuracy: 43.37
	Best Accuracy: 43.74
Begin Training Epoch 100
Epoch [100] [390/391]	Time 0.003 (0.007)	Loss 2.2223	Prec@1 32.361 (57.305)	Prec@5 46.849 (71.068)
Begin Validation @ Epoch 100
Epoch Summary: 
	Epoch Accuracy: 43.6
	Best Accuracy: 43.74
Begin Training Epoch 101
Epoch [101] [390/391]	Time 0.002 (0.006)	Loss 2.2243	Prec@1 31.161 (57.195)	Prec@5 48.518 (70.781)
Begin Validation @ Epoch 101
Epoch Summary: 
	Epoch Accuracy: 43.21
	Best Accuracy: 43.74
Begin Training Epoch 102
Epoch [102] [390/391]	Time 0.001 (0.005)	Loss 2.1897	Prec@1 83.877 (58.077)	Prec@5 92.525 (71.481)
Begin Validation @ Epoch 102
Epoch Summary: 
	Epoch Accuracy: 43.03
	Best Accuracy: 43.74
Begin Training Epoch 103
Epoch [103] [390/391]	Time 0.002 (0.006)	Loss 2.1481	Prec@1 32.826 (59.241)	Prec@5 56.266 (72.293)
Begin Validation @ Epoch 103
Epoch Summary: 
	Epoch Accuracy: 43.48
	Best Accuracy: 43.74
Begin Training Epoch 104
Epoch [104] [390/391]	Time 0.000 (0.004)	Loss 2.1993	Prec@1 80.988 (58.084)	Prec@5 85.815 (71.521)
Begin Validation @ Epoch 104
Epoch Summary: 
	Epoch Accuracy: 43.34
	Best Accuracy: 43.74
Begin Training Epoch 105
Epoch [105] [390/391]	Time 0.001 (0.005)	Loss 2.3104	Prec@1 61.328 (55.524)	Prec@5 74.456 (69.460)
Begin Validation @ Epoch 105
Epoch Summary: 
	Epoch Accuracy: 42.76
	Best Accuracy: 43.74
Begin Training Epoch 106
Epoch [106] [390/391]	Time 0.003 (0.007)	Loss 2.2124	Prec@1 74.274 (57.801)	Prec@5 85.852 (71.068)
Begin Validation @ Epoch 106
Epoch Summary: 
	Epoch Accuracy: 43.44
	Best Accuracy: 43.74
Begin Training Epoch 107
Epoch [107] [390/391]	Time 0.002 (0.004)	Loss 2.0991	Prec@1 88.359 (60.511)	Prec@5 89.728 (72.981)
Begin Validation @ Epoch 107
Epoch Summary: 
	Epoch Accuracy: 43.18
	Best Accuracy: 43.74
Begin Training Epoch 108
Epoch [108] [390/391]	Time 0.003 (0.004)	Loss 2.1734	Prec@1 60.282 (59.025)	Prec@5 76.323 (71.669)
Begin Validation @ Epoch 108
Epoch Summary: 
	Epoch Accuracy: 42.73
	Best Accuracy: 43.74
Begin Training Epoch 109
Epoch [109] [390/391]	Time 0.002 (0.005)	Loss 2.1606	Prec@1 74.210 (59.030)	Prec@5 80.750 (71.932)
Begin Validation @ Epoch 109
Epoch Summary: 
	Epoch Accuracy: 43.93
	Best Accuracy: 43.93
Begin Training Epoch 110
Epoch [110] [390/391]	Time 0.002 (0.004)	Loss 2.1271	Prec@1 90.850 (60.042)	Prec@5 93.350 (72.665)
Begin Validation @ Epoch 110
Epoch Summary: 
	Epoch Accuracy: 43.21
	Best Accuracy: 43.93
Begin Training Epoch 111
Epoch [111] [390/391]	Time 0.000 (0.005)	Loss 2.0901	Prec@1 53.956 (60.578)	Prec@5 70.313 (72.914)
Begin Validation @ Epoch 111
Epoch Summary: 
	Epoch Accuracy: 43.37
	Best Accuracy: 43.93
Begin Training Epoch 112
Epoch [112] [390/391]	Time 0.002 (0.005)	Loss 2.0336	Prec@1 83.708 (62.188)	Prec@5 88.557 (73.906)
Begin Validation @ Epoch 112
Epoch Summary: 
	Epoch Accuracy: 43.19
	Best Accuracy: 43.93
Begin Training Epoch 113
Epoch [113] [390/391]	Time 0.001 (0.006)	Loss 2.1091	Prec@1 54.968 (60.216)	Prec@5 69.764 (72.542)
Begin Validation @ Epoch 113
Epoch Summary: 
	Epoch Accuracy: 43.27
	Best Accuracy: 43.93
Begin Training Epoch 114
Epoch [114] [390/391]	Time 0.000 (0.006)	Loss 2.1931	Prec@1 39.397 (58.436)	Prec@5 63.397 (71.282)
Begin Validation @ Epoch 114
Epoch Summary: 
	Epoch Accuracy: 43.24
	Best Accuracy: 43.93
Begin Training Epoch 115
Epoch [115] [390/391]	Time 0.003 (0.006)	Loss 2.1346	Prec@1 64.431 (59.758)	Prec@5 73.539 (72.033)
Begin Validation @ Epoch 115
Epoch Summary: 
	Epoch Accuracy: 42.8
	Best Accuracy: 43.93
Begin Training Epoch 116
Epoch [116] [390/391]	Time 0.002 (0.006)	Loss 2.1073	Prec@1 81.636 (60.667)	Prec@5 87.549 (72.696)
Begin Validation @ Epoch 116
Epoch Summary: 
	Epoch Accuracy: 43.41
	Best Accuracy: 43.93
Begin Training Epoch 117
Epoch [117] [390/391]	Time 0.002 (0.005)	Loss 2.1363	Prec@1 40.193 (59.934)	Prec@5 62.611 (71.929)
Begin Validation @ Epoch 117
Epoch Summary: 
	Epoch Accuracy: 43.33
	Best Accuracy: 43.93
Begin Training Epoch 118
Epoch [118] [390/391]	Time 0.001 (0.005)	Loss 2.0852	Prec@1 22.899 (61.061)	Prec@5 45.777 (72.866)
Begin Validation @ Epoch 118
Epoch Summary: 
	Epoch Accuracy: 43.54
	Best Accuracy: 43.93
Begin Training Epoch 119
Epoch [119] [390/391]	Time 0.001 (0.004)	Loss 2.1096	Prec@1 79.701 (60.606)	Prec@5 84.316 (72.456)
Begin Validation @ Epoch 119
Epoch Summary: 
	Epoch Accuracy: 43.28
	Best Accuracy: 43.93
Begin Training Epoch 120
Epoch [120] [390/391]	Time 0.002 (0.006)	Loss 2.1671	Prec@1 74.750 (59.263)	Prec@5 81.000 (71.815)
Begin Validation @ Epoch 120
Epoch Summary: 
	Epoch Accuracy: 43.89
	Best Accuracy: 43.93
Begin Training Epoch 121
Epoch [121] [390/391]	Time 0.001 (0.006)	Loss 2.0938	Prec@1 15.005 (61.022)	Prec@5 35.641 (72.684)
Begin Validation @ Epoch 121
Epoch Summary: 
	Epoch Accuracy: 43.53
	Best Accuracy: 43.93
Begin Training Epoch 122
Epoch [122] [390/391]	Time 0.000 (0.005)	Loss 2.0037	Prec@1 92.082 (62.944)	Prec@5 93.332 (74.094)
Begin Validation @ Epoch 122
Epoch Summary: 
	Epoch Accuracy: 44.4
	Best Accuracy: 44.4
Begin Training Epoch 123
Epoch [123] [390/391]	Time 0.001 (0.005)	Loss 2.0323	Prec@1 92.418 (62.415)	Prec@5 96.168 (73.606)
Begin Validation @ Epoch 123
Epoch Summary: 
	Epoch Accuracy: 43.34
	Best Accuracy: 44.4
Begin Training Epoch 124
Epoch [124] [390/391]	Time 0.000 (0.006)	Loss 2.0993	Prec@1 33.573 (61.137)	Prec@5 54.779 (72.577)
Begin Validation @ Epoch 124
Epoch Summary: 
	Epoch Accuracy: 42.93
	Best Accuracy: 44.4
Begin Training Epoch 125
Epoch [125] [390/391]	Time 0.011 (0.006)	Loss 2.0206	Prec@1 75.475 (62.577)	Prec@5 83.202 (73.861)
Begin Validation @ Epoch 125
Epoch Summary: 
	Epoch Accuracy: 43.68
	Best Accuracy: 44.4
Begin Training Epoch 126
Epoch [126] [390/391]	Time 0.002 (0.005)	Loss 2.0693	Prec@1 96.150 (61.602)	Prec@5 97.400 (72.901)
Begin Validation @ Epoch 126
Epoch Summary: 
	Epoch Accuracy: 43.58
	Best Accuracy: 44.4
Begin Training Epoch 127
Epoch [127] [390/391]	Time 0.000 (0.005)	Loss 2.0947	Prec@1 63.415 (60.909)	Prec@5 71.242 (72.666)
Begin Validation @ Epoch 127
Epoch Summary: 
	Epoch Accuracy: 43.94
	Best Accuracy: 44.4
Begin Training Epoch 128
Epoch [128] [390/391]	Time 0.003 (0.006)	Loss 2.1213	Prec@1 21.946 (60.199)	Prec@5 42.528 (72.137)
Begin Validation @ Epoch 128
Epoch Summary: 
	Epoch Accuracy: 43.55
	Best Accuracy: 44.4
Begin Training Epoch 129
Epoch [129] [390/391]	Time 0.002 (0.004)	Loss 2.0421	Prec@1 35.179 (62.204)	Prec@5 54.685 (73.364)
Begin Validation @ Epoch 129
Epoch Summary: 
	Epoch Accuracy: 43.76
	Best Accuracy: 44.4
Begin Training Epoch 130
Epoch [130] [390/391]	Time 0.002 (0.006)	Loss 1.9913	Prec@1 86.510 (63.471)	Prec@5 90.513 (74.141)
Begin Validation @ Epoch 130
Epoch Summary: 
	Epoch Accuracy: 43.77
	Best Accuracy: 44.4
Begin Training Epoch 131
Epoch [131] [390/391]	Time 0.002 (0.005)	Loss 2.0560	Prec@1 20.826 (61.925)	Prec@5 48.208 (73.173)
Begin Validation @ Epoch 131
Epoch Summary: 
	Epoch Accuracy: 43.76
	Best Accuracy: 44.4
Begin Training Epoch 132
Epoch [132] [390/391]	Time 0.003 (0.006)	Loss 1.9974	Prec@1 95.414 (63.234)	Prec@5 97.997 (74.028)
Begin Validation @ Epoch 132
Epoch Summary: 
	Epoch Accuracy: 43.69
	Best Accuracy: 44.4
Begin Training Epoch 133
Epoch [133] [390/391]	Time 0.001 (0.004)	Loss 2.1048	Prec@1 20.668 (61.138)	Prec@5 49.303 (72.538)
Begin Validation @ Epoch 133
Epoch Summary: 
	Epoch Accuracy: 43.56
	Best Accuracy: 44.4
Begin Training Epoch 134
Epoch [134] [390/391]	Time 0.008 (0.005)	Loss 2.1500	Prec@1 50.679 (59.774)	Prec@5 67.371 (71.736)
Begin Validation @ Epoch 134
Epoch Summary: 
	Epoch Accuracy: 44.1
	Best Accuracy: 44.4
Begin Training Epoch 135
Epoch [135] [390/391]	Time 0.001 (0.005)	Loss 2.0713	Prec@1 59.747 (61.724)	Prec@5 72.173 (72.926)
Begin Validation @ Epoch 135
Epoch Summary: 
	Epoch Accuracy: 43.7
	Best Accuracy: 44.4
Begin Training Epoch 136
Epoch [136] [390/391]	Time 0.002 (0.005)	Loss 2.0925	Prec@1 30.385 (61.008)	Prec@5 54.217 (72.437)
Begin Validation @ Epoch 136
Epoch Summary: 
	Epoch Accuracy: 43.73
	Best Accuracy: 44.4
Begin Training Epoch 137
Epoch [137] [390/391]	Time 0.001 (0.005)	Loss 2.0432	Prec@1 70.506 (62.211)	Prec@5 80.192 (73.298)
Begin Validation @ Epoch 137
Epoch Summary: 
	Epoch Accuracy: 44.1
	Best Accuracy: 44.4
Begin Training Epoch 138
Epoch [138] [390/391]	Time 0.004 (0.005)	Loss 2.0899	Prec@1 44.998 (61.434)	Prec@5 61.589 (72.500)
Begin Validation @ Epoch 138
Epoch Summary: 
	Epoch Accuracy: 43.73
	Best Accuracy: 44.4
Begin Training Epoch 139
Epoch [139] [390/391]	Time 0.002 (0.007)	Loss 2.0962	Prec@1 96.741 (61.042)	Prec@5 97.965 (72.285)
Begin Validation @ Epoch 139
Epoch Summary: 
	Epoch Accuracy: 43.38
	Best Accuracy: 44.4
Begin Training Epoch 140
Epoch [140] [390/391]	Time 0.002 (0.005)	Loss 2.1405	Prec@1 30.785 (59.919)	Prec@5 51.289 (71.694)
Begin Validation @ Epoch 140
Epoch Summary: 
	Epoch Accuracy: 43.41
	Best Accuracy: 44.4
Begin Training Epoch 141
Epoch [141] [390/391]	Time 0.003 (0.005)	Loss 1.9389	Prec@1 88.781 (64.929)	Prec@5 91.393 (74.958)
Begin Validation @ Epoch 141
Epoch Summary: 
	Epoch Accuracy: 43.88
	Best Accuracy: 44.4
Begin Training Epoch 142
Epoch [142] [390/391]	Time 0.002 (0.007)	Loss 2.0075	Prec@1 55.659 (63.113)	Prec@5 70.419 (73.849)
Begin Validation @ Epoch 142
Epoch Summary: 
	Epoch Accuracy: 44.24
	Best Accuracy: 44.4
Begin Training Epoch 143
Epoch [143] [390/391]	Time 0.000 (0.007)	Loss 2.0109	Prec@1 18.616 (63.173)	Prec@5 41.116 (73.836)
Begin Validation @ Epoch 143
Epoch Summary: 
	Epoch Accuracy: 43.62
	Best Accuracy: 44.4
Begin Training Epoch 144
Epoch [144] [390/391]	Time 0.002 (0.007)	Loss 2.0672	Prec@1 97.822 (61.945)	Prec@5 99.084 (72.937)
Begin Validation @ Epoch 144
Epoch Summary: 
	Epoch Accuracy: 44.56
	Best Accuracy: 44.56
Begin Training Epoch 145
Epoch [145] [390/391]	Time 0.001 (0.005)	Loss 2.0407	Prec@1 78.639 (62.061)	Prec@5 86.332 (73.015)
Begin Validation @ Epoch 145
Epoch Summary: 
	Epoch Accuracy: 44.0
	Best Accuracy: 44.56
Begin Training Epoch 146
Epoch [146] [390/391]	Time 0.001 (0.005)	Loss 2.0933	Prec@1 65.396 (61.351)	Prec@5 72.891 (72.492)
Begin Validation @ Epoch 146
Epoch Summary: 
	Epoch Accuracy: 44.15
	Best Accuracy: 44.56
Begin Training Epoch 147
Epoch [147] [390/391]	Time 0.000 (0.005)	Loss 2.0719	Prec@1 50.162 (61.384)	Prec@5 66.648 (72.761)
Begin Validation @ Epoch 147
Epoch Summary: 
	Epoch Accuracy: 44.28
	Best Accuracy: 44.56
Begin Training Epoch 148
Epoch [148] [390/391]	Time 0.001 (0.005)	Loss 1.9970	Prec@1 82.359 (63.183)	Prec@5 87.011 (73.688)
Begin Validation @ Epoch 148
Epoch Summary: 
	Epoch Accuracy: 43.69
	Best Accuracy: 44.56
Begin Training Epoch 149
Epoch [149] [390/391]	Time 0.002 (0.006)	Loss 2.0938	Prec@1 98.473 (61.119)	Prec@5 98.480 (72.363)
Begin Validation @ Epoch 149
Epoch Summary: 
	Epoch Accuracy: 43.13
	Best Accuracy: 44.56
Begin Training Epoch 150
Epoch [150] [390/391]	Time 0.006 (0.004)	Loss 2.0196	Prec@1 68.943 (62.724)	Prec@5 77.835 (73.525)
Begin Validation @ Epoch 150
Epoch Summary: 
	Epoch Accuracy: 43.62
	Best Accuracy: 44.56
Begin Training Epoch 151
Epoch [151] [390/391]	Time 0.002 (0.005)	Loss 2.0092	Prec@1 69.075 (62.951)	Prec@5 75.732 (73.612)
Begin Validation @ Epoch 151
Epoch Summary: 
	Epoch Accuracy: 43.87
	Best Accuracy: 44.56
Begin Training Epoch 152
Epoch [152] [390/391]	Time 0.003 (0.006)	Loss 2.1279	Prec@1 36.928 (60.055)	Prec@5 55.861 (71.701)
Begin Validation @ Epoch 152
Epoch Summary: 
	Epoch Accuracy: 43.34
	Best Accuracy: 44.56
Begin Training Epoch 153
Epoch [153] [390/391]	Time 0.002 (0.006)	Loss 2.0069	Prec@1 29.227 (63.299)	Prec@5 53.537 (73.745)
Begin Validation @ Epoch 153
Epoch Summary: 
	Epoch Accuracy: 44.22
	Best Accuracy: 44.56
Begin Training Epoch 154
Epoch [154] [390/391]	Time 0.003 (0.004)	Loss 2.0098	Prec@1 81.508 (62.817)	Prec@5 86.867 (73.473)
Begin Validation @ Epoch 154
Epoch Summary: 
	Epoch Accuracy: 43.81
	Best Accuracy: 44.56
Begin Training Epoch 155
Epoch [155] [390/391]	Time 0.001 (0.005)	Loss 2.0673	Prec@1 62.122 (61.844)	Prec@5 73.966 (72.729)
Begin Validation @ Epoch 155
Epoch Summary: 
	Epoch Accuracy: 44.33
	Best Accuracy: 44.56
Begin Training Epoch 156
Epoch [156] [390/391]	Time 0.002 (0.006)	Loss 2.0013	Prec@1 74.243 (63.111)	Prec@5 81.249 (73.707)
Begin Validation @ Epoch 156
Epoch Summary: 
	Epoch Accuracy: 44.71
	Best Accuracy: 44.71
Begin Training Epoch 157
Epoch [157] [390/391]	Time 0.002 (0.005)	Loss 1.9627	Prec@1 46.220 (64.247)	Prec@5 61.630 (74.487)
Begin Validation @ Epoch 157
Epoch Summary: 
	Epoch Accuracy: 44.34
	Best Accuracy: 44.71
Begin Training Epoch 158
Epoch [158] [390/391]	Time 0.002 (0.005)	Loss 2.0348	Prec@1 91.957 (62.687)	Prec@5 92.279 (73.370)
Begin Validation @ Epoch 158
Epoch Summary: 
	Epoch Accuracy: 44.55
	Best Accuracy: 44.71
Begin Training Epoch 159
Epoch [159] [390/391]	Time 0.000 (0.005)	Loss 2.0865	Prec@1 26.584 (61.243)	Prec@5 48.696 (72.336)
Begin Validation @ Epoch 159
Epoch Summary: 
	Epoch Accuracy: 44.4
	Best Accuracy: 44.71
Begin Training Epoch 160
Epoch [160] [390/391]	Time 0.002 (0.006)	Loss 2.0463	Prec@1 22.634 (62.507)	Prec@5 43.794 (73.113)
Begin Validation @ Epoch 160
Epoch Summary: 
	Epoch Accuracy: 44.46
	Best Accuracy: 44.71
Begin Training Epoch 161
Epoch [161] [390/391]	Time 0.002 (0.005)	Loss 2.1439	Prec@1 74.549 (59.806)	Prec@5 77.347 (71.414)
Begin Validation @ Epoch 161
Epoch Summary: 
	Epoch Accuracy: 44.04
	Best Accuracy: 44.71
Begin Training Epoch 162
Epoch [162] [390/391]	Time 0.002 (0.005)	Loss 1.9961	Prec@1 65.808 (63.252)	Prec@5 74.004 (73.799)
Begin Validation @ Epoch 162
Epoch Summary: 
	Epoch Accuracy: 44.36
	Best Accuracy: 44.71
Begin Training Epoch 163
Epoch [163] [390/391]	Time 0.001 (0.006)	Loss 1.9597	Prec@1 85.766 (64.428)	Prec@5 85.949 (74.424)
Begin Validation @ Epoch 163
Epoch Summary: 
	Epoch Accuracy: 44.25
	Best Accuracy: 44.71
Begin Training Epoch 164
Epoch [164] [390/391]	Time 0.004 (0.006)	Loss 1.9999	Prec@1 97.520 (63.187)	Prec@5 97.646 (73.722)
Begin Validation @ Epoch 164
Epoch Summary: 
	Epoch Accuracy: 43.91
	Best Accuracy: 44.71
Begin Training Epoch 165
Epoch [165] [390/391]	Time 0.002 (0.005)	Loss 2.0059	Prec@1 81.077 (63.303)	Prec@5 83.150 (73.588)
Begin Validation @ Epoch 165
Epoch Summary: 
	Epoch Accuracy: 43.94
	Best Accuracy: 44.71
Begin Training Epoch 166
Epoch [166] [390/391]	Time 0.003 (0.005)	Loss 2.0801	Prec@1 93.801 (61.239)	Prec@5 94.177 (72.418)
Begin Validation @ Epoch 166
Epoch Summary: 
	Epoch Accuracy: 43.9
	Best Accuracy: 44.71
Begin Training Epoch 167
Epoch [167] [390/391]	Time 0.002 (0.006)	Loss 1.8808	Prec@1 25.158 (66.223)	Prec@5 50.086 (75.610)
Begin Validation @ Epoch 167
Epoch Summary: 
	Epoch Accuracy: 44.34
	Best Accuracy: 44.71
Begin Training Epoch 168
Epoch [168] [390/391]	Time 0.001 (0.006)	Loss 1.9884	Prec@1 36.497 (63.752)	Prec@5 56.247 (73.818)
Begin Validation @ Epoch 168
Epoch Summary: 
	Epoch Accuracy: 44.8
	Best Accuracy: 44.8
Begin Training Epoch 169
Epoch [169] [390/391]	Time 0.002 (0.005)	Loss 2.0289	Prec@1 62.458 (62.592)	Prec@5 71.558 (73.317)
Begin Validation @ Epoch 169
Epoch Summary: 
	Epoch Accuracy: 44.58
	Best Accuracy: 44.8
Begin Training Epoch 170
Epoch [170] [390/391]	Time 0.001 (0.005)	Loss 1.8652	Prec@1 92.511 (66.567)	Prec@5 92.705 (75.863)
Begin Validation @ Epoch 170
Epoch Summary: 
	Epoch Accuracy: 43.82
	Best Accuracy: 44.8
Begin Training Epoch 171
Epoch [171] [390/391]	Time 0.003 (0.005)	Loss 2.0271	Prec@1 41.433 (62.923)	Prec@5 56.946 (73.354)
Begin Validation @ Epoch 171
Epoch Summary: 
	Epoch Accuracy: 44.4
	Best Accuracy: 44.8
Begin Training Epoch 172
Epoch [172] [390/391]	Time 0.002 (0.005)	Loss 1.9444	Prec@1 27.361 (64.828)	Prec@5 44.950 (74.508)
Begin Validation @ Epoch 172
Epoch Summary: 
	Epoch Accuracy: 43.79
	Best Accuracy: 44.8
Begin Training Epoch 173
Epoch [173] [390/391]	Time 0.001 (0.005)	Loss 1.9753	Prec@1 27.972 (63.990)	Prec@5 50.041 (74.063)
Begin Validation @ Epoch 173
Epoch Summary: 
	Epoch Accuracy: 43.6
	Best Accuracy: 44.8
Begin Training Epoch 174
Epoch [174] [390/391]	Time 0.001 (0.007)	Loss 2.0087	Prec@1 93.245 (63.021)	Prec@5 93.416 (73.631)
Begin Validation @ Epoch 174
Epoch Summary: 
	Epoch Accuracy: 44.55
	Best Accuracy: 44.8
Begin Training Epoch 175
Epoch [175] [390/391]	Time 0.001 (0.005)	Loss 1.9885	Prec@1 47.600 (63.761)	Prec@5 61.333 (73.870)
Begin Validation @ Epoch 175
Epoch Summary: 
	Epoch Accuracy: 44.36
	Best Accuracy: 44.8
Begin Training Epoch 176
Epoch [176] [390/391]	Time 0.001 (0.005)	Loss 2.0672	Prec@1 47.628 (61.863)	Prec@5 68.244 (72.648)
Begin Validation @ Epoch 176
Epoch Summary: 
	Epoch Accuracy: 43.93
	Best Accuracy: 44.8
Begin Training Epoch 177
Epoch [177] [390/391]	Time 0.001 (0.006)	Loss 1.9835	Prec@1 81.206 (64.014)	Prec@5 85.959 (73.962)
Begin Validation @ Epoch 177
Epoch Summary: 
	Epoch Accuracy: 44.35
	Best Accuracy: 44.8
Begin Training Epoch 178
Epoch [178] [390/391]	Time 0.003 (0.004)	Loss 1.9815	Prec@1 93.487 (63.803)	Prec@5 94.870 (73.905)
Begin Validation @ Epoch 178
Epoch Summary: 
	Epoch Accuracy: 43.23
	Best Accuracy: 44.8
Begin Training Epoch 179
Epoch [179] [390/391]	Time 0.000 (0.005)	Loss 2.1826	Prec@1 67.622 (59.099)	Prec@5 77.719 (70.960)
Begin Validation @ Epoch 179
Epoch Summary: 
	Epoch Accuracy: 43.96
	Best Accuracy: 44.8
Begin Training Epoch 180
Epoch [180] [390/391]	Time 0.000 (0.005)	Loss 2.0293	Prec@1 72.289 (62.512)	Prec@5 79.971 (73.196)
Begin Validation @ Epoch 180
Epoch Summary: 
	Epoch Accuracy: 44.56
	Best Accuracy: 44.8
Begin Training Epoch 181
Epoch [181] [390/391]	Time 0.002 (0.006)	Loss 2.0353	Prec@1 28.789 (62.549)	Prec@5 48.668 (73.068)
Begin Validation @ Epoch 181
Epoch Summary: 
	Epoch Accuracy: 44.22
	Best Accuracy: 44.8
Begin Training Epoch 182
Epoch [182] [390/391]	Time 0.002 (0.004)	Loss 1.9572	Prec@1 38.977 (64.022)	Prec@5 54.590 (74.183)
Begin Validation @ Epoch 182
Epoch Summary: 
	Epoch Accuracy: 44.3
	Best Accuracy: 44.8
Begin Training Epoch 183
Epoch [183] [390/391]	Time 0.001 (0.005)	Loss 2.0285	Prec@1 57.915 (62.690)	Prec@5 70.519 (73.246)
Begin Validation @ Epoch 183
Epoch Summary: 
	Epoch Accuracy: 44.26
	Best Accuracy: 44.8
Begin Training Epoch 184
Epoch [184] [390/391]	Time 0.001 (0.005)	Loss 1.9329	Prec@1 42.595 (64.871)	Prec@5 60.320 (74.511)
Begin Validation @ Epoch 184
Epoch Summary: 
	Epoch Accuracy: 44.52
	Best Accuracy: 44.8
Begin Training Epoch 185
Epoch [185] [390/391]	Time 0.002 (0.005)	Loss 2.0227	Prec@1 28.774 (62.931)	Prec@5 48.209 (73.260)
Begin Validation @ Epoch 185
Epoch Summary: 
	Epoch Accuracy: 44.44
	Best Accuracy: 44.8
Begin Training Epoch 186
Epoch [186] [390/391]	Time 0.001 (0.005)	Loss 2.0320	Prec@1 40.704 (62.634)	Prec@5 57.470 (73.004)
Begin Validation @ Epoch 186
Epoch Summary: 
	Epoch Accuracy: 44.61
	Best Accuracy: 44.8
Begin Training Epoch 187
Epoch [187] [390/391]	Time 0.002 (0.005)	Loss 1.8760	Prec@1 74.089 (66.530)	Prec@5 81.858 (75.595)
Begin Validation @ Epoch 187
Epoch Summary: 
	Epoch Accuracy: 44.09
	Best Accuracy: 44.8
Begin Training Epoch 188
Epoch [188] [390/391]	Time 0.004 (0.006)	Loss 2.1441	Prec@1 95.024 (59.739)	Prec@5 96.419 (71.356)
Begin Validation @ Epoch 188
Epoch Summary: 
	Epoch Accuracy: 44.61
	Best Accuracy: 44.8
Begin Training Epoch 189
Epoch [189] [390/391]	Time 0.002 (0.005)	Loss 1.9431	Prec@1 57.011 (64.574)	Prec@5 69.262 (74.454)
Begin Validation @ Epoch 189
Epoch Summary: 
	Epoch Accuracy: 43.8
	Best Accuracy: 44.8
Begin Training Epoch 190
Epoch [190] [390/391]	Time 0.002 (0.007)	Loss 1.9234	Prec@1 98.351 (64.643)	Prec@5 98.395 (74.617)
Begin Validation @ Epoch 190
Epoch Summary: 
	Epoch Accuracy: 44.98
	Best Accuracy: 44.98
Begin Training Epoch 191
Epoch [191] [390/391]	Time 0.002 (0.006)	Loss 1.9976	Prec@1 33.584 (63.309)	Prec@5 54.062 (73.640)
Begin Validation @ Epoch 191
Epoch Summary: 
	Epoch Accuracy: 44.2
	Best Accuracy: 44.98
Begin Training Epoch 192
Epoch [192] [390/391]	Time 0.000 (0.005)	Loss 2.0721	Prec@1 84.729 (61.470)	Prec@5 87.397 (72.363)
Begin Validation @ Epoch 192
Epoch Summary: 
	Epoch Accuracy: 45.11
	Best Accuracy: 45.11
Begin Training Epoch 193
Epoch [193] [390/391]	Time 0.002 (0.005)	Loss 1.9614	Prec@1 89.657 (64.402)	Prec@5 91.373 (74.111)
Begin Validation @ Epoch 193
Epoch Summary: 
	Epoch Accuracy: 44.35
	Best Accuracy: 45.11
Begin Training Epoch 194
Epoch [194] [390/391]	Time 0.001 (0.005)	Loss 1.9992	Prec@1 85.750 (63.122)	Prec@5 88.568 (73.458)
Begin Validation @ Epoch 194
Epoch Summary: 
	Epoch Accuracy: 44.65
	Best Accuracy: 45.11
Begin Training Epoch 195
Epoch [195] [390/391]	Time 0.016 (0.005)	Loss 1.8836	Prec@1 32.218 (66.068)	Prec@5 57.055 (75.296)
Begin Validation @ Epoch 195
Epoch Summary: 
	Epoch Accuracy: 44.63
	Best Accuracy: 45.11
Begin Training Epoch 196
Epoch [196] [390/391]	Time 0.000 (0.006)	Loss 1.8528	Prec@1 35.107 (67.037)	Prec@5 56.238 (75.868)
Begin Validation @ Epoch 196
Epoch Summary: 
	Epoch Accuracy: 44.97
	Best Accuracy: 45.11
Begin Training Epoch 197
Epoch [197] [390/391]	Time 0.003 (0.004)	Loss 1.8689	Prec@1 80.672 (66.416)	Prec@5 84.809 (75.636)
Begin Validation @ Epoch 197
Epoch Summary: 
	Epoch Accuracy: 45.19
	Best Accuracy: 45.19
Begin Training Epoch 198
Epoch [198] [390/391]	Time 0.002 (0.006)	Loss 2.0340	Prec@1 93.041 (62.184)	Prec@5 94.439 (72.927)
Begin Validation @ Epoch 198
Epoch Summary: 
	Epoch Accuracy: 43.99
	Best Accuracy: 45.19
Begin Training Epoch 199
Epoch [199] [390/391]	Time 0.002 (0.005)	Loss 2.0129	Prec@1 97.461 (63.188)	Prec@5 99.963 (73.470)
Begin Validation @ Epoch 199
Epoch Summary: 
	Epoch Accuracy: 44.6
	Best Accuracy: 45.19
Begin Training Epoch 200
Epoch [200] [390/391]	Time 0.000 (0.005)	Loss 1.9928	Prec@1 69.336 (63.652)	Prec@5 75.282 (73.623)
Begin Validation @ Epoch 200
Epoch Summary: 
	Epoch Accuracy: 44.43
	Best Accuracy: 45.19
[4.471218099822998, 4.295452394866944, 4.135514246826172, 4.035455218811035, 3.961463095703125, 3.8758640185546875, 3.8415754467773437, 3.7686138996887206, 3.72040198135376, 3.687979306182861, 3.6179961372375486, 3.600203117675781, 3.551573692779541, 3.5353613653564455, 3.464048782043457, 3.455218449783325, 3.401837557067871, 3.392107374038696, 3.3735157882690427, 3.3211168357086183, 3.3445032833862305, 3.2821857344055174, 3.260855717010498, 3.22763394241333, 3.196712308959961, 3.229081494140625, 3.1266503372192385, 3.1055714387512205, 3.113324803466797, 3.0751439444351196, 3.083944780960083, 3.0439502952575683, 3.046564555053711, 2.9985758282470703, 2.9683672596740722, 2.974465188293457, 2.9832654679870605, 2.9064833656311033, 2.8703133751678465, 2.9536158629226685, 2.892124263076782, 2.8080650788116457, 2.879148515090942, 2.79273841545105, 2.78263042678833, 2.869841170654297, 2.760124390411377, 2.7615370528793335, 2.72699058052063, 2.718539552764893, 2.72955030960083, 2.6564369331359865, 2.77134521446228, 2.677441739807129, 2.6413694748687746, 2.5728811195373535, 2.610565580215454, 2.6394444012451173, 2.6358531795501707, 2.497896007232666, 2.568342142410278, 2.540155912475586, 2.5152036253356935, 2.4956586866760255, 2.5175595710754393, 2.5273506383132935, 2.496147266921997, 2.463121513977051, 2.3948335512542727, 2.4735697802734373, 2.4131643726348875, 2.4173167700958254, 2.420517883491516, 2.384481418685913, 2.490901259841919, 2.426541723022461, 2.388664766674042, 2.358896575469971, 2.3013181842041015, 2.307759880065918, 2.2553925048065184, 2.3238175785827635, 2.344225499267578, 2.3396436540985106, 2.3673019255828858, 2.3865958316802978, 2.2697845539855956, 2.2926807105255125, 2.29574911026001, 2.3080684387207033, 2.268962451019287, 2.2807475037384033, 2.232096665878296, 2.3242909436035157, 2.2028938232803346, 2.170400376777649, 2.203700053863525, 2.2581596826934813, 2.232263838806152, 2.2223057020568846, 2.2243291735839845, 2.189694920158386, 2.1480964809417724, 2.1992745660400392, 2.310373101348877, 2.2123908152008056, 2.0990743087768555, 2.17341078125, 2.160564633255005, 2.1271229944229124, 2.0900597053527834, 2.033568040351868, 2.109125016555786, 2.1930979152679444, 2.13457394569397, 2.107335197944641, 2.1362843786239623, 2.085163367729187, 2.1096293531417847, 2.1670550609207155, 2.0937843857574463, 2.0037005757904054, 2.0322692729377745, 2.0992866970825195, 2.020591166229248, 2.0692821855735777, 2.0947399196624756, 2.121274653968811, 2.042131851043701, 1.9912661708450317, 2.056020884780884, 1.9973579465293885, 2.10481625038147, 2.1499985121154785, 2.0712517567443847, 2.0925434954452515, 2.0431825620651245, 2.089927368927002, 2.096215227584839, 2.140483524436951, 1.9389106871032715, 2.0074734858703613, 2.010871200065613, 2.0671701408863066, 2.0406719077301023, 2.093346186981201, 2.071947772026062, 1.9969921250152587, 2.093767267217636, 2.0196257141113283, 2.0091733557891844, 2.1278738484573365, 2.006894157905579, 2.0098409822845458, 2.0673339293670656, 2.0012569760131838, 1.9627269707107544, 2.034819958381653, 2.086530736999512, 2.0462685468292237, 2.1439271824645996, 1.9960817874526977, 1.9597362675857544, 1.9999323602294923, 2.0058654764175414, 2.0800865942382814, 1.8807891006851196, 1.9884107981491088, 2.0288852268600466, 1.8651806607437134, 2.0271334938430785, 1.9443578075408936, 1.9753310353469848, 2.008653591747284, 1.9884714948272706, 2.0671684048461914, 1.9834938318252564, 1.9814852849769593, 2.1825788368606567, 2.029301361846924, 2.035325879364014, 1.9571534953689576, 2.0284731094360353, 1.9328889222335814, 2.022713130455017, 2.0319970565414427, 1.8760000749206542, 2.144067099094391, 1.9431138484573365, 1.92337597820282, 1.9976384372711182, 2.072087698135376, 1.9613920350646972, 1.9992309423828125, 1.88359034324646, 1.8527631300735474, 1.8688901930236816, 2.0340422493553163, 2.012925642528534, 1.9928021506118774]
[3.71, 7.89, 10.94, 14.03, 15.47, 17.18, 19.18, 21.14, 22.32, 24.18, 24.34, 28.18, 28.32, 29.56, 30.64, 30.47, 31.74, 33.15, 32.75, 35.25, 33.41, 35.33, 36.46, 36.54, 36.97, 38.08, 38.14, 38.05, 38.84, 39.06, 39.05, 38.62, 39.97, 40.25, 40.07, 40.44, 40.03, 40.84, 40.72, 41.62, 40.98, 41.41, 42.04, 41.85, 41.35, 41.82, 41.22, 41.75, 41.95, 41.86, 42.55, 42.62, 42.36, 42.3, 42.9, 42.26, 42.55, 42.23, 42.14, 40.9, 42.89, 43.31, 42.96, 43.0, 43.17, 42.26, 43.12, 43.67, 43.04, 42.78, 42.5, 43.05, 42.83, 42.63, 42.99, 43.3, 43.36, 42.96, 43.05, 42.8, 43.14, 43.74, 43.51, 42.79, 42.86, 43.14, 43.14, 43.27, 43.06, 43.39, 43.26, 43.61, 42.45, 43.2, 43.32, 42.85, 43.01, 42.96, 43.37, 43.6, 43.21, 43.03, 43.48, 43.34, 42.76, 43.44, 43.18, 42.73, 43.93, 43.21, 43.37, 43.19, 43.27, 43.24, 42.8, 43.41, 43.33, 43.54, 43.28, 43.89, 43.53, 44.4, 43.34, 42.93, 43.68, 43.58, 43.94, 43.55, 43.76, 43.77, 43.76, 43.69, 43.56, 44.1, 43.7, 43.73, 44.1, 43.73, 43.38, 43.41, 43.88, 44.24, 43.62, 44.56, 44.0, 44.15, 44.28, 43.69, 43.13, 43.62, 43.87, 43.34, 44.22, 43.81, 44.33, 44.71, 44.34, 44.55, 44.4, 44.46, 44.04, 44.36, 44.25, 43.91, 43.94, 43.9, 44.34, 44.8, 44.58, 43.82, 44.4, 43.79, 43.6, 44.55, 44.36, 43.93, 44.35, 43.23, 43.96, 44.56, 44.22, 44.3, 44.26, 44.52, 44.44, 44.61, 44.09, 44.61, 43.8, 44.98, 44.2, 45.11, 44.35, 44.65, 44.63, 44.97, 45.19, 43.99, 44.6, 44.43]
