2023-05-30 03:40:26.925106: I tensorflow/core/platform/cpu_feature_guard.cc:193] This TensorFlow binary is optimized with oneAPI Deep Neural Network Library (oneDNN) to use the following CPU instructions in performance-critical operations:  SSE4.1 SSE4.2 AVX AVX2 FMA
To enable them in other operations, rebuild TensorFlow with the appropriate compiler flags.
Files already downloaded and verified
Files already downloaded and verified

  0%|          | 0/200 [00:00<?, ?it/s]
  0%|          | 1/200 [00:11<38:48, 11.70s/it]
  1%|          | 2/200 [00:19<31:18,  9.49s/it]
  2%|▏         | 3/200 [00:27<28:07,  8.57s/it]
  2%|▏         | 4/200 [00:34<27:05,  8.29s/it]
  2%|▎         | 5/200 [00:43<27:30,  8.46s/it]
  3%|▎         | 6/200 [00:52<27:59,  8.66s/it]
  4%|▎         | 7/200 [01:01<27:55,  8.68s/it]
  4%|▍         | 8/200 [01:08<26:29,  8.28s/it]
  4%|▍         | 9/200 [01:16<26:04,  8.19s/it]
  5%|▌         | 10/200 [01:24<25:28,  8.05s/it]
  6%|▌         | 11/200 [01:32<25:14,  8.01s/it]
  6%|▌         | 12/200 [01:41<26:07,  8.34s/it]
  6%|▋         | 13/200 [01:49<25:48,  8.28s/it]
  7%|▋         | 14/200 [01:57<25:16,  8.16s/it]
  8%|▊         | 15/200 [02:05<24:58,  8.10s/it]
  8%|▊         | 16/200 [02:14<25:06,  8.19s/it]
  8%|▊         | 17/200 [02:22<25:34,  8.39s/it]
  9%|▉         | 18/200 [02:30<25:03,  8.26s/it]
 10%|▉         | 19/200 [02:38<24:30,  8.12s/it]
 10%|█         | 20/200 [02:47<24:34,  8.19s/it]
 10%|█         | 21/200 [02:56<25:30,  8.55s/it]
 11%|█         | 22/200 [03:05<25:59,  8.76s/it]
 12%|█▏        | 23/200 [03:14<26:05,  8.84s/it]
 12%|█▏        | 24/200 [03:22<25:14,  8.61s/it]
 12%|█▎        | 25/200 [03:31<25:06,  8.61s/it]
 13%|█▎        | 26/200 [03:39<24:29,  8.45s/it]
 14%|█▎        | 27/200 [03:46<23:27,  8.14s/it]
 14%|█▍        | 28/200 [03:54<22:57,  8.01s/it]
 14%|█▍        | 29/200 [04:02<22:20,  7.84s/it]
 15%|█▌        | 30/200 [04:10<23:08,  8.17s/it]
 16%|█▌        | 31/200 [04:19<23:22,  8.30s/it]
 16%|█▌        | 32/200 [04:28<23:25,  8.36s/it]
 16%|█▋        | 33/200 [04:35<22:55,  8.23s/it]
 17%|█▋        | 34/200 [04:43<22:23,  8.09s/it]
 18%|█▊        | 35/200 [04:51<22:10,  8.07s/it]
 18%|█▊        | 36/200 [05:00<22:51,  8.36s/it]
 18%|█▊        | 37/200 [05:09<22:53,  8.43s/it]
 19%|█▉        | 38/200 [05:18<23:27,  8.69s/it]
 20%|█▉        | 39/200 [05:26<22:40,  8.45s/it]
 20%|██        | 40/200 [05:35<22:34,  8.47s/it]
 20%|██        | 41/200 [05:43<22:25,  8.46s/it]
 21%|██        | 42/200 [05:51<22:04,  8.38s/it]
 22%|██▏       | 43/200 [06:00<22:25,  8.57s/it]
 22%|██▏       | 44/200 [06:10<22:49,  8.78s/it]
 22%|██▎       | 45/200 [06:17<21:48,  8.44s/it]
 23%|██▎       | 46/200 [06:25<21:19,  8.31s/it]
 24%|██▎       | 47/200 [06:34<21:46,  8.54s/it]
 24%|██▍       | 48/200 [06:43<21:51,  8.63s/it]
 24%|██▍       | 49/200 [06:51<20:59,  8.34s/it]
 25%|██▌       | 50/200 [06:59<20:26,  8.18s/it]
 26%|██▌       | 51/200 [07:08<21:00,  8.46s/it]
 26%|██▌       | 52/200 [07:16<20:32,  8.33s/it]
 26%|██▋       | 53/200 [07:24<20:05,  8.20s/it]
 27%|██▋       | 54/200 [07:31<19:33,  8.04s/it]
 28%|██▊       | 55/200 [07:40<19:50,  8.21s/it]
 28%|██▊       | 56/200 [07:49<20:06,  8.38s/it]
 28%|██▊       | 57/200 [07:58<20:27,  8.58s/it]
 29%|██▉       | 58/200 [08:06<19:56,  8.42s/it]
 30%|██▉       | 59/200 [08:14<19:40,  8.38s/it]
 30%|███       | 60/200 [08:22<19:27,  8.34s/it]
 30%|███       | 61/200 [08:30<18:42,  8.08s/it]
 31%|███       | 62/200 [08:38<18:45,  8.15s/it]
 32%|███▏      | 63/200 [08:47<19:25,  8.51s/it]
 32%|███▏      | 64/200 [08:57<19:53,  8.78s/it]
 32%|███▎      | 65/200 [09:05<19:24,  8.62s/it]
 33%|███▎      | 66/200 [09:13<18:56,  8.48s/it]
 34%|███▎      | 67/200 [09:21<18:36,  8.39s/it]
 34%|███▍      | 68/200 [09:30<18:27,  8.39s/it]
 34%|███▍      | 69/200 [09:38<18:29,  8.47s/it]
 35%|███▌      | 70/200 [09:47<18:09,  8.38s/it]
 36%|███▌      | 71/200 [09:55<17:50,  8.30s/it]
 36%|███▌      | 72/200 [10:03<17:36,  8.25s/it]
 36%|███▋      | 73/200 [10:10<16:56,  8.00s/it]
 37%|███▋      | 74/200 [10:18<16:51,  8.03s/it]
 38%|███▊      | 75/200 [10:26<16:29,  7.91s/it]
 38%|███▊      | 76/200 [10:34<16:40,  8.06s/it]
 38%|███▊      | 77/200 [10:43<16:57,  8.27s/it]
 39%|███▉      | 78/200 [10:52<16:52,  8.30s/it]
 40%|███▉      | 79/200 [10:59<16:17,  8.08s/it]
 40%|████      | 80/200 [11:08<16:22,  8.18s/it]
 40%|████      | 81/200 [11:16<16:28,  8.30s/it]
 41%|████      | 82/200 [11:25<16:32,  8.41s/it]
 42%|████▏     | 83/200 [11:33<16:32,  8.48s/it]
 42%|████▏     | 84/200 [11:42<16:13,  8.40s/it]
 42%|████▎     | 85/200 [11:50<16:05,  8.40s/it]
 43%|████▎     | 86/200 [11:58<15:38,  8.23s/it]
 44%|████▎     | 87/200 [12:06<15:25,  8.19s/it]
 44%|████▍     | 88/200 [12:14<15:04,  8.07s/it]
 44%|████▍     | 89/200 [12:22<14:52,  8.04s/it]
 45%|████▌     | 90/200 [12:30<14:47,  8.07s/it]
 46%|████▌     | 91/200 [12:37<14:22,  7.91s/it]
 46%|████▌     | 92/200 [12:45<14:15,  7.92s/it]
 46%|████▋     | 93/200 [12:53<13:45,  7.71s/it]
 47%|████▋     | 94/200 [13:01<13:51,  7.85s/it]
 48%|████▊     | 95/200 [13:09<13:55,  7.95s/it]
 48%|████▊     | 96/200 [13:18<14:20,  8.27s/it]
 48%|████▊     | 97/200 [13:27<14:26,  8.41s/it]
 49%|████▉     | 98/200 [13:35<14:02,  8.26s/it]
 50%|████▉     | 99/200 [13:43<13:46,  8.18s/it]
 50%|█████     | 100/200 [13:50<13:25,  8.06s/it]
 50%|█████     | 101/200 [13:59<13:39,  8.28s/it]
 51%|█████     | 102/200 [14:07<13:21,  8.18s/it]
 52%|█████▏    | 103/200 [14:16<13:23,  8.28s/it]
 52%|█████▏    | 104/200 [14:24<13:22,  8.36s/it]
 52%|█████▎    | 105/200 [14:33<13:19,  8.41s/it]
 53%|█████▎    | 106/200 [14:41<13:04,  8.35s/it]
 54%|█████▎    | 107/200 [14:49<12:54,  8.33s/it]
 54%|█████▍    | 108/200 [14:57<12:37,  8.24s/it]
 55%|█████▍    | 109/200 [15:05<12:11,  8.03s/it]
 55%|█████▌    | 110/200 [15:13<11:58,  7.98s/it]
 56%|█████▌    | 111/200 [15:21<12:00,  8.09s/it]
 56%|█████▌    | 112/200 [15:29<11:46,  8.03s/it]
 56%|█████▋    | 113/200 [15:36<11:26,  7.89s/it]
 57%|█████▋    | 114/200 [15:44<11:20,  7.91s/it]
 57%|█████▊    | 115/200 [15:52<11:14,  7.94s/it]
 58%|█████▊    | 116/200 [16:01<11:17,  8.06s/it]
 58%|█████▊    | 117/200 [16:09<11:05,  8.02s/it]
 59%|█████▉    | 118/200 [16:16<10:46,  7.89s/it]
 60%|█████▉    | 119/200 [16:24<10:38,  7.88s/it]
 60%|██████    | 120/200 [16:32<10:41,  8.02s/it]
 60%|██████    | 121/200 [16:42<11:00,  8.36s/it]
 61%|██████    | 122/200 [16:50<10:51,  8.35s/it]
 62%|██████▏   | 123/200 [16:58<10:36,  8.26s/it]
 62%|██████▏   | 124/200 [17:06<10:27,  8.25s/it]
 62%|██████▎   | 125/200 [17:14<10:11,  8.16s/it]
 63%|██████▎   | 126/200 [17:23<10:17,  8.34s/it]
 64%|██████▎   | 127/200 [17:32<10:29,  8.62s/it]
 64%|██████▍   | 128/200 [17:41<10:32,  8.78s/it]
 64%|██████▍   | 129/200 [17:49<10:04,  8.52s/it]
 65%|██████▌   | 130/200 [17:57<09:44,  8.35s/it]
 66%|██████▌   | 131/200 [18:06<09:43,  8.45s/it]
 66%|██████▌   | 132/200 [18:14<09:36,  8.48s/it]
 66%|██████▋   | 133/200 [18:23<09:22,  8.39s/it]
 67%|██████▋   | 134/200 [18:30<08:54,  8.10s/it]
 68%|██████▊   | 135/200 [18:38<08:40,  8.01s/it]
 68%|██████▊   | 136/200 [18:46<08:31,  7.99s/it]
 68%|██████▊   | 137/200 [18:54<08:27,  8.06s/it]
 69%|██████▉   | 138/200 [19:02<08:10,  7.91s/it]
 70%|██████▉   | 139/200 [19:10<08:10,  8.04s/it]
 70%|███████   | 140/200 [19:18<07:55,  7.92s/it]
 70%|███████   | 141/200 [19:25<07:43,  7.86s/it]
 71%|███████   | 142/200 [19:33<07:41,  7.96s/it]
 72%|███████▏  | 143/200 [19:44<08:15,  8.69s/it]
 72%|███████▏  | 144/200 [19:53<08:21,  8.96s/it]
 72%|███████▎  | 145/200 [20:01<07:50,  8.55s/it]
 73%|███████▎  | 146/200 [20:09<07:33,  8.40s/it]
 74%|███████▎  | 147/200 [20:16<07:05,  8.03s/it]
 74%|███████▍  | 148/200 [20:23<06:42,  7.75s/it]
 74%|███████▍  | 149/200 [20:30<06:22,  7.50s/it]
 75%|███████▌  | 150/200 [20:38<06:11,  7.43s/it]
 76%|███████▌  | 151/200 [20:45<06:05,  7.45s/it]
 76%|███████▌  | 152/200 [20:52<05:55,  7.41s/it]
 76%|███████▋  | 153/200 [21:00<05:45,  7.34s/it]
 77%|███████▋  | 154/200 [21:07<05:42,  7.44s/it]
 78%|███████▊  | 155/200 [21:15<05:40,  7.57s/it]
 78%|███████▊  | 156/200 [21:22<05:27,  7.43s/it]
 78%|███████▊  | 157/200 [21:30<05:19,  7.43s/it]
 79%|███████▉  | 158/200 [21:36<05:05,  7.27s/it]
 80%|███████▉  | 159/200 [21:44<05:02,  7.38s/it]
 80%|████████  | 160/200 [21:51<04:46,  7.16s/it]
 80%|████████  | 161/200 [21:58<04:37,  7.12s/it]
 81%|████████  | 162/200 [22:06<04:41,  7.40s/it]
 82%|████████▏ | 163/200 [22:13<04:26,  7.20s/it]
 82%|████████▏ | 164/200 [22:19<04:09,  6.93s/it]
 82%|████████▎ | 165/200 [22:26<04:09,  7.13s/it]
 83%|████████▎ | 166/200 [22:33<03:57,  7.00s/it]
 84%|████████▎ | 167/200 [22:40<03:46,  6.86s/it]
 84%|████████▍ | 168/200 [22:47<03:41,  6.93s/it]
 84%|████████▍ | 169/200 [22:54<03:36,  6.99s/it]
 85%|████████▌ | 170/200 [23:01<03:30,  7.02s/it]
 86%|████████▌ | 171/200 [23:08<03:20,  6.91s/it]
 86%|████████▌ | 172/200 [23:15<03:14,  6.96s/it]
 86%|████████▋ | 173/200 [23:23<03:18,  7.35s/it]
 87%|████████▋ | 174/200 [23:30<03:06,  7.19s/it]
 88%|████████▊ | 175/200 [23:37<03:00,  7.23s/it]
 88%|████████▊ | 176/200 [23:44<02:50,  7.12s/it]
 88%|████████▊ | 177/200 [23:51<02:42,  7.06s/it]
 89%|████████▉ | 178/200 [23:58<02:33,  6.98s/it]
 90%|████████▉ | 179/200 [24:05<02:26,  6.98s/it]
 90%|█████████ | 180/200 [24:12<02:19,  6.95s/it]
 90%|█████████ | 181/200 [24:18<02:10,  6.88s/it]
 91%|█████████ | 182/200 [24:25<02:04,  6.91s/it]
 92%|█████████▏| 183/200 [24:32<01:57,  6.89s/it]
 92%|█████████▏| 184/200 [24:39<01:50,  6.92s/it]
 92%|█████████▎| 185/200 [24:47<01:47,  7.15s/it]
 93%|█████████▎| 186/200 [24:54<01:42,  7.31s/it]
 94%|█████████▎| 187/200 [25:02<01:34,  7.25s/it]
 94%|█████████▍| 188/200 [25:09<01:27,  7.31s/it]
 94%|█████████▍| 189/200 [25:16<01:20,  7.29s/it]
 95%|█████████▌| 190/200 [25:24<01:12,  7.28s/it]
 96%|█████████▌| 191/200 [25:31<01:04,  7.18s/it]
 96%|█████████▌| 192/200 [25:38<00:58,  7.34s/it]
 96%|█████████▋| 193/200 [25:47<00:53,  7.66s/it]
 97%|█████████▋| 194/200 [25:54<00:45,  7.58s/it]
 98%|█████████▊| 195/200 [26:01<00:37,  7.52s/it]
 98%|█████████▊| 196/200 [26:09<00:30,  7.68s/it]
 98%|█████████▊| 197/200 [26:18<00:23,  7.98s/it]
 99%|█████████▉| 198/200 [26:25<00:15,  7.71s/it]
100%|█████████▉| 199/200 [26:33<00:07,  7.65s/it]
100%|██████████| 200/200 [26:40<00:00,  7.50s/it]
100%|██████████| 200/200 [26:40<00:00,  8.00s/it]
2023-05-30 04:19:35.456311: I tensorflow/core/platform/cpu_feature_guard.cc:193] This TensorFlow binary is optimized with oneAPI Deep Neural Network Library (oneDNN) to use the following CPU instructions in performance-critical operations:  SSE4.1 SSE4.2 AVX AVX2 FMA
To enable them in other operations, rebuild TensorFlow with the appropriate compiler flags.
Files already downloaded and verified
Files already downloaded and verified

  0%|          | 0/200 [00:00<?, ?it/s]
  0%|          | 1/200 [00:11<37:39, 11.36s/it]
  1%|          | 2/200 [00:19<30:54,  9.37s/it]
  2%|▏         | 3/200 [00:28<30:02,  9.15s/it]
  2%|▏         | 4/200 [00:36<28:33,  8.74s/it]
  2%|▏         | 4/200 [00:38<31:26,  9.62s/it]
Traceback (most recent call last):
  File "/remote-home/zhangjiayu/HW2/train.py", line 223, in <module>
    run()
  File "/remote-home/zhangjiayu/HW2/train.py", line 198, in run
    loss = train(model, criterion, optimizer, epoch)
  File "/remote-home/zhangjiayu/HW2/train.py", line 151, in train
    optimizer.step()
  File "/root/miniconda/envs/python39/lib/python3.9/site-packages/torch/optim/optimizer.py", line 140, in wrapper
    out = func(*args, **kwargs)
  File "/root/miniconda/envs/python39/lib/python3.9/site-packages/torch/optim/optimizer.py", line 23, in _use_grad
    ret = func(self, *args, **kwargs)
  File "/root/miniconda/envs/python39/lib/python3.9/site-packages/torch/optim/adam.py", line 234, in step
    adam(params_with_grad,
  File "/root/miniconda/envs/python39/lib/python3.9/site-packages/torch/optim/adam.py", line 300, in adam
    func(params,
  File "/root/miniconda/envs/python39/lib/python3.9/site-packages/torch/optim/adam.py", line 363, in _single_tensor_adam
    exp_avg.mul_(beta1).add_(grad, alpha=1 - beta1)
KeyboardInterrupt
2023-05-30 04:20:48.286460: I tensorflow/core/platform/cpu_feature_guard.cc:193] This TensorFlow binary is optimized with oneAPI Deep Neural Network Library (oneDNN) to use the following CPU instructions in performance-critical operations:  SSE4.1 SSE4.2 AVX AVX2 FMA
To enable them in other operations, rebuild TensorFlow with the appropriate compiler flags.
Files already downloaded and verified
Files already downloaded and verified

  0%|          | 0/200 [00:00<?, ?it/s]
  0%|          | 1/200 [00:11<38:28, 11.60s/it]
  1%|          | 2/200 [00:18<29:39,  8.99s/it]
  2%|▏         | 3/200 [00:27<29:01,  8.84s/it]
  2%|▏         | 4/200 [00:35<27:43,  8.49s/it]
  2%|▎         | 5/200 [00:43<27:02,  8.32s/it]
  3%|▎         | 6/200 [00:51<26:15,  8.12s/it]
  4%|▎         | 7/200 [00:59<26:27,  8.22s/it]
  4%|▍         | 8/200 [01:08<27:04,  8.46s/it]
  4%|▍         | 9/200 [01:17<27:04,  8.50s/it]
  5%|▌         | 10/200 [01:24<26:12,  8.27s/it]
  6%|▌         | 11/200 [01:33<25:55,  8.23s/it]
  6%|▌         | 12/200 [01:40<24:53,  7.95s/it]
  6%|▋         | 13/200 [01:47<24:03,  7.72s/it]
  7%|▋         | 14/200 [01:55<23:53,  7.71s/it]
  8%|▊         | 15/200 [02:02<23:45,  7.70s/it]
  8%|▊         | 16/200 [02:10<23:19,  7.60s/it]
  8%|▊         | 17/200 [02:18<23:25,  7.68s/it]
  9%|▉         | 18/200 [02:26<24:13,  7.99s/it]
 10%|▉         | 19/200 [02:35<24:43,  8.20s/it]
 10%|█         | 20/200 [02:43<24:08,  8.05s/it]
 10%|█         | 21/200 [02:50<23:39,  7.93s/it]
 11%|█         | 22/200 [02:58<23:29,  7.92s/it]
 12%|█▏        | 23/200 [03:06<23:34,  7.99s/it]
 12%|█▏        | 24/200 [03:14<23:16,  7.94s/it]
 12%|█▎        | 25/200 [03:21<22:30,  7.72s/it]
 13%|█▎        | 26/200 [03:29<21:58,  7.58s/it]
 14%|█▎        | 27/200 [03:36<21:50,  7.58s/it]
 14%|█▍        | 28/200 [03:44<21:59,  7.67s/it]
 14%|█▍        | 29/200 [03:52<22:01,  7.73s/it]
 15%|█▌        | 30/200 [04:00<21:58,  7.75s/it]
 16%|█▌        | 31/200 [04:08<22:13,  7.89s/it]
 16%|█▌        | 32/200 [04:16<22:09,  7.91s/it]
 16%|█▋        | 33/200 [04:25<22:32,  8.10s/it]
 17%|█▋        | 34/200 [04:32<22:05,  7.98s/it]
 18%|█▊        | 35/200 [04:40<21:31,  7.83s/it]
 18%|█▊        | 36/200 [04:47<21:11,  7.75s/it]
 18%|█▊        | 37/200 [04:55<20:54,  7.69s/it]
 19%|█▉        | 38/200 [05:02<20:38,  7.64s/it]
 20%|█▉        | 39/200 [05:10<20:26,  7.62s/it]
 20%|██        | 40/200 [05:18<20:27,  7.67s/it]
 20%|██        | 41/200 [05:26<20:52,  7.88s/it]
 21%|██        | 42/200 [05:34<20:57,  7.96s/it]
 22%|██▏       | 43/200 [05:42<20:59,  8.02s/it]
 22%|██▏       | 44/200 [05:50<20:21,  7.83s/it]
 22%|██▎       | 45/200 [05:57<20:07,  7.79s/it]
 23%|██▎       | 46/200 [06:07<21:13,  8.27s/it]
 24%|██▎       | 47/200 [06:16<21:30,  8.43s/it]
 24%|██▍       | 48/200 [06:23<20:36,  8.14s/it]
 24%|██▍       | 49/200 [06:31<20:14,  8.04s/it]
 25%|██▌       | 50/200 [06:39<19:55,  7.97s/it]
 26%|██▌       | 51/200 [06:47<19:52,  8.00s/it]
 26%|██▌       | 52/200 [06:55<20:00,  8.11s/it]
 26%|██▋       | 53/200 [07:03<19:50,  8.10s/it]
 27%|██▋       | 54/200 [07:12<20:19,  8.35s/it]
 28%|██▊       | 55/200 [07:20<20:08,  8.34s/it]
 28%|██▊       | 56/200 [07:29<19:50,  8.27s/it]
 28%|██▊       | 57/200 [07:36<19:17,  8.09s/it]
 29%|██▉       | 58/200 [07:44<18:47,  7.94s/it]
 30%|██▉       | 59/200 [07:52<18:31,  7.88s/it]
 30%|███       | 60/200 [07:59<18:09,  7.78s/it]
 30%|███       | 61/200 [08:07<18:09,  7.84s/it]
 31%|███       | 62/200 [08:15<17:50,  7.76s/it]
 32%|███▏      | 63/200 [08:24<18:49,  8.24s/it]
 32%|███▏      | 64/200 [08:33<19:22,  8.55s/it]
 32%|███▎      | 65/200 [08:41<18:32,  8.24s/it]
 33%|███▎      | 66/200 [08:49<18:26,  8.26s/it]
 34%|███▎      | 67/200 [08:57<17:50,  8.05s/it]
 34%|███▍      | 68/200 [09:04<17:31,  7.97s/it]
 34%|███▍      | 69/200 [09:13<17:25,  7.98s/it]
 35%|███▌      | 70/200 [09:20<17:15,  7.96s/it]
 36%|███▌      | 71/200 [09:28<17:08,  7.97s/it]
 36%|███▌      | 72/200 [09:36<16:29,  7.73s/it]
 36%|███▋      | 73/200 [09:43<16:28,  7.78s/it]
 37%|███▋      | 74/200 [09:51<16:25,  7.82s/it]
 38%|███▊      | 75/200 [09:59<16:22,  7.86s/it]
 38%|███▊      | 76/200 [10:07<16:18,  7.89s/it]
 38%|███▊      | 77/200 [10:15<15:54,  7.76s/it]
 39%|███▉      | 78/200 [10:23<16:01,  7.88s/it]
 40%|███▉      | 79/200 [10:31<15:54,  7.89s/it]
 40%|████      | 80/200 [10:39<15:56,  7.97s/it]
 40%|████      | 81/200 [10:47<16:03,  8.10s/it]
 41%|████      | 82/200 [10:55<15:54,  8.09s/it]
 42%|████▏     | 83/200 [11:03<15:31,  7.96s/it]
 42%|████▏     | 84/200 [11:11<15:12,  7.87s/it]
 42%|████▎     | 85/200 [11:19<15:08,  7.90s/it]
 43%|████▎     | 86/200 [11:27<14:59,  7.89s/it]
 44%|████▎     | 87/200 [11:35<15:01,  7.98s/it]
 44%|████▍     | 88/200 [11:42<14:30,  7.77s/it]
 44%|████▍     | 89/200 [11:50<14:15,  7.71s/it]
 45%|████▌     | 90/200 [11:58<14:39,  7.99s/it]
 46%|████▌     | 91/200 [12:07<14:38,  8.06s/it]
 46%|████▌     | 92/200 [12:14<14:08,  7.86s/it]
 46%|████▋     | 93/200 [12:22<13:52,  7.78s/it]
 47%|████▋     | 94/200 [12:30<13:58,  7.91s/it]
 48%|████▊     | 95/200 [12:37<13:35,  7.77s/it]
 48%|████▊     | 96/200 [12:46<13:53,  8.01s/it]
 48%|████▊     | 97/200 [12:54<13:46,  8.03s/it]
 49%|████▉     | 98/200 [13:03<14:06,  8.29s/it]
 50%|████▉     | 99/200 [13:10<13:34,  8.06s/it]
 50%|█████     | 100/200 [13:19<13:42,  8.22s/it]
 50%|█████     | 101/200 [13:27<13:33,  8.22s/it]
 51%|█████     | 102/200 [13:36<13:33,  8.30s/it]
 52%|█████▏    | 103/200 [13:44<13:20,  8.25s/it]
 52%|█████▏    | 104/200 [13:51<12:54,  8.07s/it]
 52%|█████▎    | 105/200 [13:59<12:46,  8.07s/it]
 53%|█████▎    | 106/200 [14:07<12:28,  7.96s/it]
 54%|█████▎    | 107/200 [14:16<12:32,  8.09s/it]
 54%|█████▍    | 108/200 [14:25<12:51,  8.39s/it]
 55%|█████▍    | 109/200 [14:34<13:06,  8.64s/it]
 55%|█████▌    | 110/200 [14:42<12:37,  8.42s/it]
 56%|█████▌    | 111/200 [14:50<12:12,  8.23s/it]
 56%|█████▌    | 112/200 [14:57<11:41,  7.97s/it]
 56%|█████▋    | 113/200 [15:05<11:37,  8.02s/it]
 57%|█████▋    | 114/200 [15:14<11:48,  8.24s/it]
 57%|█████▊    | 115/200 [15:22<11:31,  8.14s/it]
 58%|█████▊    | 116/200 [15:31<11:42,  8.36s/it]
 58%|█████▊    | 117/200 [15:38<11:17,  8.16s/it]
 59%|█████▉    | 118/200 [15:46<10:53,  7.97s/it]
 60%|█████▉    | 119/200 [15:55<11:07,  8.24s/it]
 60%|██████    | 120/200 [16:03<11:02,  8.28s/it]
 60%|██████    | 121/200 [16:11<10:37,  8.07s/it]
 61%|██████    | 122/200 [16:19<10:27,  8.04s/it]
 62%|██████▏   | 123/200 [16:27<10:29,  8.18s/it]
 62%|██████▏   | 124/200 [16:35<10:21,  8.17s/it]
 62%|██████▎   | 125/200 [16:43<10:04,  8.06s/it]
 63%|██████▎   | 126/200 [16:51<09:51,  7.99s/it]
 64%|██████▎   | 127/200 [16:59<09:50,  8.09s/it]
 64%|██████▍   | 128/200 [17:08<09:54,  8.26s/it]
 64%|██████▍   | 129/200 [17:16<09:41,  8.19s/it]
 65%|██████▌   | 130/200 [17:24<09:37,  8.25s/it]
 66%|██████▌   | 131/200 [17:31<09:04,  7.90s/it]
 66%|██████▌   | 132/200 [17:39<08:55,  7.87s/it]
 66%|██████▋   | 133/200 [17:47<08:55,  8.00s/it]
 67%|██████▋   | 134/200 [17:57<09:10,  8.34s/it]
 68%|██████▊   | 135/200 [18:04<08:51,  8.18s/it]
 68%|██████▊   | 136/200 [18:12<08:30,  7.98s/it]
 68%|██████▊   | 137/200 [18:20<08:29,  8.09s/it]
 69%|██████▉   | 138/200 [18:28<08:22,  8.10s/it]
 70%|██████▉   | 139/200 [18:36<08:14,  8.10s/it]
 70%|███████   | 140/200 [18:43<07:45,  7.76s/it]
 70%|███████   | 141/200 [18:51<07:36,  7.74s/it]
 71%|███████   | 142/200 [18:59<07:27,  7.71s/it]
 72%|███████▏  | 143/200 [19:07<07:32,  7.93s/it]
 72%|███████▏  | 144/200 [19:16<07:43,  8.28s/it]
 72%|███████▎  | 145/200 [19:24<07:22,  8.05s/it]
 73%|███████▎  | 146/200 [19:32<07:25,  8.24s/it]
 74%|███████▎  | 147/200 [19:40<07:00,  7.94s/it]
 74%|███████▍  | 148/200 [19:48<07:04,  8.16s/it]
 74%|███████▍  | 148/200 [19:52<06:59,  8.06s/it]
Traceback (most recent call last):
  File "/remote-home/zhangjiayu/HW2/train.py", line 223, in <module>
    run()
  File "/remote-home/zhangjiayu/HW2/train.py", line 198, in run
    loss = train(model, criterion, optimizer, epoch)
  File "/remote-home/zhangjiayu/HW2/train.py", line 102, in train
    for batch_idx, data in enumerate(train_dataloader):
  File "/root/miniconda/envs/python39/lib/python3.9/site-packages/torch/utils/data/dataloader.py", line 628, in __next__
    data = self._next_data()
  File "/root/miniconda/envs/python39/lib/python3.9/site-packages/torch/utils/data/dataloader.py", line 1316, in _next_data
    idx, data = self._get_data()
  File "/root/miniconda/envs/python39/lib/python3.9/site-packages/torch/utils/data/dataloader.py", line 1282, in _get_data
    success, data = self._try_get_data()
  File "/root/miniconda/envs/python39/lib/python3.9/site-packages/torch/utils/data/dataloader.py", line 1120, in _try_get_data
    data = self._data_queue.get(timeout=timeout)
  File "/root/miniconda/envs/python39/lib/python3.9/multiprocessing/queues.py", line 122, in get
    return _ForkingPickler.loads(res)
  File "/root/miniconda/envs/python39/lib/python3.9/site-packages/torch/multiprocessing/reductions.py", line 305, in rebuild_storage_fd
    fd = df.detach()
  File "/root/miniconda/envs/python39/lib/python3.9/multiprocessing/resource_sharer.py", line 57, in detach
    with _resource_sharer.get_connection(self._id) as conn:
  File "/root/miniconda/envs/python39/lib/python3.9/multiprocessing/resource_sharer.py", line 86, in get_connection
    c = Client(address, authkey=process.current_process().authkey)
  File "/root/miniconda/envs/python39/lib/python3.9/multiprocessing/connection.py", line 507, in Client
    c = SocketClient(address)
  File "/root/miniconda/envs/python39/lib/python3.9/multiprocessing/connection.py", line 633, in SocketClient
    with socket.socket( getattr(socket, family) ) as s:
  File "/root/miniconda/envs/python39/lib/python3.9/socket.py", line 232, in __init__
    _socket.socket.__init__(self, family, type, proto, fileno)
KeyboardInterrupt
2023-05-30 04:45:01.449751: I tensorflow/core/platform/cpu_feature_guard.cc:193] This TensorFlow binary is optimized with oneAPI Deep Neural Network Library (oneDNN) to use the following CPU instructions in performance-critical operations:  SSE4.1 SSE4.2 AVX AVX2 FMA
To enable them in other operations, rebuild TensorFlow with the appropriate compiler flags.
Files already downloaded and verified
Files already downloaded and verified

  0%|          | 0/200 [00:00<?, ?it/s]
  0%|          | 1/200 [00:12<39:59, 12.06s/it]
  1%|          | 2/200 [00:20<33:28, 10.14s/it]
  2%|▏         | 3/200 [00:29<31:07,  9.48s/it]
  2%|▏         | 4/200 [00:38<30:36,  9.37s/it]
  2%|▎         | 5/200 [00:47<29:49,  9.18s/it]
  3%|▎         | 6/200 [00:55<28:45,  8.89s/it]
  4%|▎         | 7/200 [01:05<29:01,  9.02s/it]
  4%|▍         | 8/200 [01:13<28:24,  8.88s/it]
  4%|▍         | 9/200 [01:21<27:10,  8.54s/it]
  5%|▌         | 10/200 [01:29<26:38,  8.42s/it]
  6%|▌         | 11/200 [01:37<26:05,  8.28s/it]
  6%|▌         | 12/200 [01:46<26:45,  8.54s/it]
  6%|▋         | 13/200 [01:55<26:37,  8.54s/it]
  7%|▋         | 14/200 [02:02<25:33,  8.25s/it]
  8%|▊         | 15/200 [02:10<25:09,  8.16s/it]
  8%|▊         | 16/200 [02:19<25:28,  8.31s/it]
  8%|▊         | 17/200 [02:27<25:25,  8.33s/it]
  9%|▉         | 18/200 [02:36<25:11,  8.30s/it]
  9%|▉         | 18/200 [02:40<27:01,  8.91s/it]
Traceback (most recent call last):
  File "/remote-home/zhangjiayu/HW2/train.py", line 226, in <module>
    run()
  File "/remote-home/zhangjiayu/HW2/train.py", line 198, in run
    loss = train(model, criterion, optimizer, epoch)
  File "/remote-home/zhangjiayu/HW2/train.py", line 119, in train
    prec1_a, prec5_a = accuracy(output, targets_a, topk=(1, 5))
  File "/remote-home/zhangjiayu/HW2/util/eval.py", line 15, in accuracy
    correct_k = correct[:k].reshape(-1).float().sum(0)
KeyboardInterrupt
2023-05-30 04:58:12.415487: I tensorflow/core/platform/cpu_feature_guard.cc:193] This TensorFlow binary is optimized with oneAPI Deep Neural Network Library (oneDNN) to use the following CPU instructions in performance-critical operations:  SSE4.1 SSE4.2 AVX AVX2 FMA
To enable them in other operations, rebuild TensorFlow with the appropriate compiler flags.
Files already downloaded and verified
Files already downloaded and verified

  0%|          | 0/200 [00:00<?, ?it/s]
  0%|          | 1/200 [00:11<38:58, 11.75s/it]
  1%|          | 2/200 [00:19<31:13,  9.46s/it]
  2%|▏         | 3/200 [00:27<29:05,  8.86s/it]
  2%|▏         | 4/200 [00:35<27:07,  8.30s/it]
  2%|▎         | 5/200 [00:43<26:41,  8.21s/it]
  3%|▎         | 6/200 [00:51<26:31,  8.20s/it]
  4%|▎         | 7/200 [00:59<26:18,  8.18s/it]
  4%|▍         | 8/200 [01:07<26:12,  8.19s/it]
  4%|▍         | 9/200 [01:16<26:08,  8.21s/it]
  5%|▌         | 10/200 [01:24<26:19,  8.31s/it]
  6%|▌         | 11/200 [01:32<25:20,  8.05s/it]
  6%|▌         | 12/200 [01:40<25:17,  8.07s/it]
  6%|▋         | 13/200 [01:47<24:53,  7.99s/it]
  7%|▋         | 14/200 [01:55<24:31,  7.91s/it]
  8%|▊         | 15/200 [02:03<24:45,  8.03s/it]
  8%|▊         | 16/200 [02:12<24:57,  8.14s/it]
  8%|▊         | 17/200 [02:20<24:53,  8.16s/it]
  9%|▉         | 18/200 [02:29<25:02,  8.26s/it]
 10%|▉         | 19/200 [02:37<25:25,  8.43s/it]
 10%|█         | 20/200 [02:45<24:42,  8.23s/it]
 10%|█         | 21/200 [02:53<24:12,  8.12s/it]
 11%|█         | 22/200 [03:01<23:38,  7.97s/it]
 12%|█▏        | 23/200 [03:09<23:30,  7.97s/it]
 12%|█▏        | 24/200 [03:16<23:01,  7.85s/it]
 12%|█▎        | 25/200 [03:24<22:43,  7.79s/it]
 13%|█▎        | 26/200 [03:33<24:04,  8.30s/it]
 14%|█▎        | 27/200 [03:42<24:07,  8.37s/it]
 14%|█▍        | 28/200 [03:50<23:47,  8.30s/it]
 14%|█▍        | 29/200 [03:59<23:56,  8.40s/it]
 15%|█▌        | 30/200 [04:07<23:59,  8.47s/it]
 16%|█▌        | 31/200 [04:15<23:14,  8.25s/it]
 16%|█▌        | 32/200 [04:23<22:50,  8.16s/it]
 16%|█▋        | 33/200 [04:31<22:37,  8.13s/it]
 17%|█▋        | 34/200 [04:39<22:30,  8.14s/it]
 18%|█▊        | 35/200 [04:48<23:05,  8.40s/it]
 18%|█▊        | 36/200 [04:58<24:06,  8.82s/it]
 18%|█▊        | 37/200 [05:07<23:57,  8.82s/it]
 19%|█▉        | 38/200 [05:15<23:02,  8.53s/it]
 20%|█▉        | 39/200 [05:23<22:53,  8.53s/it]
 20%|██        | 40/200 [05:32<22:34,  8.47s/it]
 20%|██        | 41/200 [05:39<21:35,  8.15s/it]
 21%|██        | 42/200 [05:46<20:52,  7.93s/it]
 22%|██▏       | 43/200 [05:54<20:51,  7.97s/it]
 22%|██▏       | 44/200 [06:02<20:42,  7.97s/it]
 22%|██▎       | 45/200 [06:10<20:40,  8.00s/it]
 23%|██▎       | 46/200 [06:19<21:12,  8.27s/it]
 24%|██▎       | 47/200 [06:27<20:38,  8.10s/it]
 24%|██▍       | 48/200 [06:35<20:14,  7.99s/it]
 24%|██▍       | 49/200 [06:44<20:47,  8.26s/it]
 25%|██▌       | 50/200 [06:52<20:48,  8.32s/it]
 26%|██▌       | 51/200 [07:01<20:52,  8.41s/it]
 26%|██▌       | 52/200 [07:09<20:32,  8.33s/it]
 26%|██▋       | 53/200 [07:18<20:49,  8.50s/it]
 27%|██▋       | 54/200 [07:27<21:21,  8.77s/it]
 28%|██▊       | 55/200 [07:35<20:34,  8.51s/it]
 28%|██▊       | 56/200 [07:43<19:52,  8.28s/it]
 28%|██▊       | 57/200 [07:50<19:16,  8.08s/it]
 29%|██▉       | 58/200 [07:59<19:19,  8.17s/it]
 30%|██▉       | 59/200 [08:07<18:54,  8.04s/it]
 30%|███       | 60/200 [08:15<18:44,  8.03s/it]
 30%|███       | 61/200 [08:23<19:02,  8.22s/it]
 31%|███       | 62/200 [08:31<18:27,  8.02s/it]
 32%|███▏      | 63/200 [08:39<18:06,  7.93s/it]
 32%|███▏      | 64/200 [08:46<17:43,  7.82s/it]
 32%|███▎      | 65/200 [08:55<18:09,  8.07s/it]
 33%|███▎      | 66/200 [09:03<18:15,  8.18s/it]
 34%|███▎      | 67/200 [09:13<18:59,  8.57s/it]
 34%|███▍      | 68/200 [09:22<19:30,  8.87s/it]
 34%|███▍      | 69/200 [09:30<18:31,  8.49s/it]
 35%|███▌      | 70/200 [09:37<17:49,  8.23s/it]
 36%|███▌      | 71/200 [09:46<17:56,  8.35s/it]
 36%|███▌      | 72/200 [09:54<17:34,  8.24s/it]
 36%|███▋      | 73/200 [10:03<17:40,  8.35s/it]
 37%|███▋      | 74/200 [10:11<17:34,  8.37s/it]
 38%|███▊      | 75/200 [10:20<17:30,  8.41s/it]
 38%|███▊      | 76/200 [10:27<16:47,  8.12s/it]
 38%|███▊      | 77/200 [10:35<16:29,  8.04s/it]
 39%|███▉      | 78/200 [10:43<16:09,  7.95s/it]
 40%|███▉      | 79/200 [10:50<15:53,  7.88s/it]
 40%|████      | 80/200 [10:58<15:48,  7.91s/it]
 40%|████      | 81/200 [11:06<15:37,  7.88s/it]
 41%|████      | 82/200 [11:14<15:45,  8.01s/it]
 42%|████▏     | 83/200 [11:22<15:30,  7.95s/it]
 42%|████▏     | 84/200 [11:30<15:18,  7.92s/it]
 42%|████▎     | 85/200 [11:38<15:15,  7.96s/it]
 43%|████▎     | 86/200 [11:46<15:04,  7.93s/it]
 44%|████▎     | 87/200 [11:54<15:11,  8.07s/it]
 44%|████▍     | 88/200 [12:04<16:06,  8.63s/it]
 44%|████▍     | 89/200 [12:12<15:20,  8.29s/it]
 45%|████▌     | 90/200 [12:19<14:44,  8.04s/it]
 46%|████▌     | 91/200 [12:28<14:42,  8.10s/it]
 46%|████▌     | 92/200 [12:35<14:29,  8.05s/it]
 46%|████▋     | 93/200 [12:43<14:18,  8.02s/it]
 47%|████▋     | 94/200 [12:52<14:14,  8.06s/it]
 48%|████▊     | 95/200 [13:00<14:13,  8.13s/it]
 48%|████▊     | 96/200 [13:08<14:10,  8.18s/it]
 48%|████▊     | 97/200 [13:17<14:24,  8.39s/it]
 49%|████▉     | 98/200 [13:25<14:06,  8.30s/it]
 50%|████▉     | 99/200 [13:33<13:35,  8.07s/it]
 50%|█████     | 100/200 [13:41<13:21,  8.01s/it]
 50%|█████     | 101/200 [13:49<13:30,  8.19s/it]
 51%|█████     | 102/200 [13:58<13:42,  8.39s/it]
 52%|█████▏    | 103/200 [14:06<13:17,  8.22s/it]
 52%|█████▏    | 104/200 [14:15<13:39,  8.54s/it]
 52%|█████▎    | 105/200 [14:23<13:01,  8.22s/it]
 53%|█████▎    | 106/200 [14:31<12:57,  8.27s/it]
 54%|█████▎    | 107/200 [14:38<12:22,  7.99s/it]
 54%|█████▍    | 108/200 [14:46<12:19,  8.04s/it]
 55%|█████▍    | 109/200 [14:55<12:12,  8.04s/it]
 55%|█████▌    | 110/200 [15:02<12:00,  8.01s/it]
 56%|█████▌    | 111/200 [15:11<12:09,  8.20s/it]
 56%|█████▌    | 112/200 [15:19<11:55,  8.13s/it]
 56%|█████▋    | 113/200 [15:27<11:50,  8.17s/it]
 57%|█████▋    | 114/200 [15:35<11:38,  8.12s/it]
 57%|█████▊    | 115/200 [15:44<11:46,  8.31s/it]
 58%|█████▊    | 116/200 [15:52<11:37,  8.30s/it]
 58%|█████▊    | 117/200 [16:01<11:47,  8.52s/it]
 59%|█████▉    | 118/200 [16:10<11:44,  8.59s/it]
 60%|█████▉    | 119/200 [16:18<11:23,  8.43s/it]
 60%|██████    | 120/200 [16:26<11:01,  8.26s/it]
 60%|██████    | 121/200 [16:35<11:19,  8.60s/it]
 61%|██████    | 122/200 [16:44<11:00,  8.47s/it]
 62%|██████▏   | 123/200 [16:51<10:32,  8.21s/it]
 62%|██████▏   | 124/200 [16:59<10:19,  8.16s/it]
 62%|██████▎   | 125/200 [17:07<10:05,  8.07s/it]
 63%|██████▎   | 126/200 [17:16<10:17,  8.35s/it]
 64%|██████▎   | 127/200 [17:26<10:33,  8.68s/it]
 64%|██████▍   | 128/200 [17:34<10:15,  8.55s/it]
 64%|██████▍   | 129/200 [17:41<09:45,  8.25s/it]
 65%|██████▌   | 130/200 [17:49<09:26,  8.09s/it]
 66%|██████▌   | 131/200 [17:58<09:26,  8.21s/it]
 66%|██████▌   | 132/200 [18:06<09:31,  8.41s/it]
 66%|██████▋   | 133/200 [18:15<09:16,  8.30s/it]
 67%|██████▋   | 134/200 [18:22<09:00,  8.20s/it]
 68%|██████▊   | 135/200 [18:31<08:56,  8.26s/it]
 68%|██████▊   | 136/200 [18:39<08:49,  8.28s/it]
 68%|██████▊   | 137/200 [18:47<08:31,  8.12s/it]
 69%|██████▉   | 138/200 [18:55<08:24,  8.14s/it]
 70%|██████▉   | 139/200 [19:04<08:32,  8.40s/it]
 70%|███████   | 140/200 [19:12<08:14,  8.25s/it]
 70%|███████   | 141/200 [19:20<08:09,  8.30s/it]
 71%|███████   | 142/200 [19:29<08:00,  8.28s/it]
 72%|███████▏  | 143/200 [19:37<07:54,  8.32s/it]
 72%|███████▏  | 144/200 [19:46<07:54,  8.47s/it]
 72%|███████▎  | 145/200 [19:54<07:31,  8.22s/it]
 73%|███████▎  | 146/200 [20:02<07:34,  8.41s/it]
 74%|███████▎  | 147/200 [20:10<07:17,  8.26s/it]
 74%|███████▍  | 148/200 [20:18<07:05,  8.18s/it]
 74%|███████▍  | 149/200 [20:27<07:01,  8.27s/it]
 75%|███████▌  | 150/200 [20:36<07:12,  8.65s/it]
 76%|███████▌  | 151/200 [20:46<07:14,  8.86s/it]
 76%|███████▌  | 152/200 [20:55<07:08,  8.93s/it]
 76%|███████▋  | 153/200 [21:04<06:58,  8.91s/it]
 77%|███████▋  | 154/200 [21:11<06:35,  8.59s/it]
 78%|███████▊  | 155/200 [21:20<06:19,  8.44s/it]
 78%|███████▊  | 156/200 [21:27<06:04,  8.27s/it]
 78%|███████▊  | 157/200 [21:36<05:56,  8.28s/it]
 79%|███████▉  | 158/200 [21:45<05:57,  8.51s/it]
 80%|███████▉  | 159/200 [21:54<05:52,  8.60s/it]
 80%|████████  | 160/200 [22:03<05:52,  8.82s/it]
 80%|████████  | 161/200 [22:12<05:41,  8.77s/it]
 81%|████████  | 162/200 [22:20<05:27,  8.61s/it]
 82%|████████▏ | 163/200 [22:29<05:25,  8.81s/it]
 82%|████████▏ | 164/200 [22:38<05:14,  8.75s/it]
 82%|████████▎ | 165/200 [22:47<05:11,  8.90s/it]
 83%|████████▎ | 166/200 [22:56<05:04,  8.97s/it]
 84%|████████▎ | 167/200 [23:04<04:49,  8.77s/it]
 84%|████████▍ | 168/200 [23:12<04:32,  8.53s/it]
 84%|████████▍ | 169/200 [23:20<04:17,  8.31s/it]
 85%|████████▌ | 170/200 [23:29<04:15,  8.53s/it]
 86%|████████▌ | 171/200 [23:38<04:12,  8.70s/it]
 86%|████████▌ | 172/200 [23:47<04:01,  8.62s/it]
 86%|████████▋ | 173/200 [23:55<03:51,  8.59s/it]
 87%|████████▋ | 174/200 [24:04<03:44,  8.63s/it]
 88%|████████▊ | 175/200 [24:13<03:36,  8.65s/it]
 88%|████████▊ | 176/200 [24:21<03:24,  8.50s/it]
 88%|████████▊ | 177/200 [24:29<03:13,  8.41s/it]
 89%|████████▉ | 178/200 [24:39<03:16,  8.94s/it]
 90%|████████▉ | 179/200 [24:48<03:05,  8.83s/it]
 90%|█████████ | 180/200 [24:56<02:51,  8.60s/it]
 90%|█████████ | 181/200 [25:04<02:40,  8.47s/it]
 91%|█████████ | 182/200 [25:12<02:31,  8.39s/it]
 92%|█████████▏| 183/200 [25:22<02:30,  8.83s/it]
 92%|█████████▏| 184/200 [25:32<02:25,  9.12s/it]
 92%|█████████▎| 185/200 [25:40<02:11,  8.76s/it]
 93%|█████████▎| 186/200 [25:49<02:06,  9.04s/it]
 94%|█████████▎| 187/200 [25:59<01:58,  9.11s/it]
 94%|█████████▍| 188/200 [26:07<01:46,  8.87s/it]
 94%|█████████▍| 189/200 [26:15<01:35,  8.64s/it]
 95%|█████████▌| 190/200 [26:23<01:24,  8.47s/it]
 96%|█████████▌| 191/200 [26:31<01:15,  8.41s/it]
 96%|█████████▌| 192/200 [26:40<01:07,  8.48s/it]
 96%|█████████▋| 193/200 [26:50<01:01,  8.78s/it]
 97%|█████████▋| 194/200 [26:58<00:51,  8.60s/it]
 98%|█████████▊| 195/200 [27:07<00:43,  8.71s/it]
 98%|█████████▊| 196/200 [27:15<00:33,  8.43s/it]
 98%|█████████▊| 197/200 [27:23<00:25,  8.38s/it]
 99%|█████████▉| 198/200 [27:33<00:17,  8.94s/it]
100%|█████████▉| 199/200 [27:41<00:08,  8.59s/it]
100%|██████████| 200/200 [27:49<00:00,  8.53s/it]
100%|██████████| 200/200 [27:49<00:00,  8.35s/it]
2023-05-30 05:31:21.617297: I tensorflow/core/platform/cpu_feature_guard.cc:193] This TensorFlow binary is optimized with oneAPI Deep Neural Network Library (oneDNN) to use the following CPU instructions in performance-critical operations:  SSE4.1 SSE4.2 AVX AVX2 FMA
To enable them in other operations, rebuild TensorFlow with the appropriate compiler flags.
Files already downloaded and verified
Files already downloaded and verified

  0%|          | 0/200 [00:00<?, ?it/s]
  0%|          | 1/200 [00:16<55:05, 16.61s/it]
  1%|          | 2/200 [00:30<48:45, 14.78s/it]
  2%|▏         | 3/200 [00:42<45:38, 13.90s/it]
  2%|▏         | 4/200 [00:55<43:21, 13.27s/it]
  2%|▎         | 5/200 [01:07<42:24, 13.05s/it]
  3%|▎         | 6/200 [01:21<42:29, 13.14s/it]
  4%|▎         | 7/200 [01:36<44:33, 13.85s/it]
  4%|▍         | 8/200 [01:50<43:56, 13.73s/it]
  4%|▍         | 9/200 [02:04<44:28, 13.97s/it]
  5%|▌         | 10/200 [02:17<42:51, 13.53s/it]
  6%|▌         | 11/200 [02:30<42:03, 13.35s/it]
  6%|▌         | 12/200 [02:42<41:06, 13.12s/it]
  6%|▋         | 13/200 [02:55<40:38, 13.04s/it]
  7%|▋         | 14/200 [03:08<40:30, 13.07s/it]
  8%|▊         | 15/200 [03:21<40:19, 13.08s/it]
  8%|▊         | 16/200 [03:33<39:14, 12.80s/it]
  8%|▊         | 17/200 [03:46<38:54, 12.76s/it]
  9%|▉         | 18/200 [03:59<38:39, 12.75s/it]
 10%|▉         | 19/200 [04:11<38:27, 12.75s/it]
 10%|█         | 20/200 [04:24<38:03, 12.69s/it]
 10%|█         | 21/200 [04:37<37:51, 12.69s/it]
 11%|█         | 22/200 [04:49<37:24, 12.61s/it]
 12%|█▏        | 23/200 [05:02<37:09, 12.59s/it]
 12%|█▏        | 24/200 [05:14<36:48, 12.55s/it]
 12%|█▎        | 25/200 [05:27<36:42, 12.59s/it]
 13%|█▎        | 26/200 [05:39<36:18, 12.52s/it]
 14%|█▎        | 27/200 [05:52<36:19, 12.60s/it]
 14%|█▍        | 28/200 [06:05<36:16, 12.66s/it]
 14%|█▍        | 29/200 [06:18<36:44, 12.89s/it]
 15%|█▌        | 30/200 [06:31<36:16, 12.80s/it]
 16%|█▌        | 31/200 [06:43<35:50, 12.72s/it]
 16%|█▌        | 32/200 [06:56<35:57, 12.84s/it]
 16%|█▋        | 33/200 [07:09<35:13, 12.66s/it]
 17%|█▋        | 34/200 [07:21<34:53, 12.61s/it]
 18%|█▊        | 35/200 [07:34<34:36, 12.58s/it]
 18%|█▊        | 36/200 [07:47<34:59, 12.80s/it]
 18%|█▊        | 37/200 [08:00<34:38, 12.75s/it]
 19%|█▉        | 38/200 [08:12<34:20, 12.72s/it]
 20%|█▉        | 39/200 [08:26<34:45, 12.96s/it]
 20%|██        | 40/200 [08:38<34:00, 12.75s/it]
 20%|██        | 41/200 [08:51<33:58, 12.82s/it]
 21%|██        | 42/200 [09:04<33:31, 12.73s/it]
 22%|██▏       | 43/200 [09:16<33:24, 12.76s/it]
 22%|██▏       | 44/200 [09:30<33:36, 12.93s/it]
 22%|██▎       | 45/200 [09:43<33:52, 13.11s/it]
 23%|██▎       | 46/200 [09:56<33:39, 13.12s/it]
 24%|██▎       | 47/200 [10:09<33:20, 13.07s/it]
 24%|██▍       | 48/200 [10:23<33:13, 13.11s/it]
 24%|██▍       | 49/200 [10:35<32:33, 12.94s/it]
 25%|██▌       | 50/200 [10:48<32:21, 12.94s/it]
 26%|██▌       | 51/200 [11:02<32:51, 13.23s/it]
 26%|██▌       | 52/200 [11:14<32:01, 12.99s/it]
 26%|██▋       | 53/200 [11:28<31:55, 13.03s/it]
 27%|██▋       | 54/200 [11:41<31:59, 13.15s/it]
 28%|██▊       | 55/200 [11:54<32:03, 13.27s/it]
 28%|██▊       | 56/200 [12:09<32:36, 13.59s/it]
 28%|██▊       | 57/200 [12:23<33:03, 13.87s/it]
 29%|██▉       | 58/200 [12:37<32:54, 13.91s/it]
 30%|██▉       | 59/200 [12:51<32:32, 13.85s/it]
 30%|███       | 60/200 [13:06<32:46, 14.05s/it]
 30%|███       | 61/200 [13:20<32:45, 14.14s/it]
 31%|███       | 62/200 [13:33<31:49, 13.84s/it]
 32%|███▏      | 63/200 [13:49<32:56, 14.43s/it]
 32%|███▏      | 64/200 [14:03<32:28, 14.33s/it]
 32%|███▎      | 65/200 [14:18<32:38, 14.50s/it]
 33%|███▎      | 66/200 [14:32<32:17, 14.46s/it]
 34%|███▎      | 67/200 [14:46<31:27, 14.19s/it]
 34%|███▍      | 68/200 [14:59<30:34, 13.90s/it]
 34%|███▍      | 69/200 [15:13<30:33, 14.00s/it]
 35%|███▌      | 70/200 [15:28<30:59, 14.30s/it]
 36%|███▌      | 71/200 [15:43<30:46, 14.31s/it]
 36%|███▌      | 72/200 [15:58<31:00, 14.54s/it]
 36%|███▋      | 73/200 [16:12<30:28, 14.40s/it]
 37%|███▋      | 74/200 [16:25<29:50, 14.21s/it]
 38%|███▊      | 75/200 [16:39<29:20, 14.08s/it]
 38%|███▊      | 76/200 [16:54<29:19, 14.19s/it]
 38%|███▊      | 77/200 [17:07<28:26, 13.87s/it]
 39%|███▉      | 78/200 [17:21<28:29, 14.02s/it]
 40%|███▉      | 79/200 [17:35<28:04, 13.92s/it]
 40%|████      | 80/200 [17:51<29:02, 14.52s/it]
 40%|████      | 81/200 [18:05<28:27, 14.35s/it]
 41%|████      | 82/200 [18:18<27:25, 13.95s/it]
 42%|████▏     | 83/200 [18:32<27:06, 13.90s/it]
 42%|████▏     | 84/200 [18:46<27:12, 14.07s/it]
 42%|████▎     | 85/200 [19:00<27:05, 14.13s/it]
 43%|████▎     | 86/200 [19:14<26:19, 13.85s/it]
 44%|████▎     | 87/200 [19:27<25:57, 13.78s/it]
 44%|████▍     | 88/200 [19:41<25:33, 13.69s/it]
 44%|████▍     | 89/200 [19:55<25:54, 14.01s/it]
 45%|████▌     | 90/200 [20:09<25:40, 14.01s/it]
 46%|████▌     | 91/200 [20:22<24:57, 13.74s/it]
 46%|████▌     | 92/200 [20:36<24:44, 13.74s/it]
 46%|████▋     | 93/200 [20:50<24:36, 13.80s/it]
 47%|████▋     | 94/200 [21:05<24:51, 14.07s/it]
 48%|████▊     | 95/200 [21:19<24:31, 14.02s/it]
 48%|████▊     | 96/200 [21:32<24:08, 13.93s/it]
 48%|████▊     | 97/200 [21:46<23:32, 13.72s/it]
 49%|████▉     | 98/200 [21:59<22:52, 13.45s/it]
 50%|████▉     | 99/200 [22:13<23:09, 13.76s/it]
 50%|█████     | 100/200 [22:26<22:32, 13.52s/it]
 50%|█████     | 101/200 [22:40<22:28, 13.62s/it]
 51%|█████     | 102/200 [22:54<22:29, 13.77s/it]
 52%|█████▏    | 103/200 [23:08<22:20, 13.82s/it]
 52%|█████▏    | 104/200 [23:22<22:05, 13.81s/it]
 52%|█████▎    | 105/200 [23:35<21:36, 13.65s/it]
 53%|█████▎    | 106/200 [23:49<21:31, 13.74s/it]
 54%|█████▎    | 107/200 [24:03<21:16, 13.73s/it]
 54%|█████▍    | 108/200 [24:17<21:17, 13.88s/it]
 55%|█████▍    | 109/200 [24:31<21:12, 13.98s/it]
 55%|█████▌    | 110/200 [24:46<21:24, 14.28s/it]
 56%|█████▌    | 111/200 [25:01<21:41, 14.63s/it]
 56%|█████▌    | 112/200 [25:15<20:46, 14.17s/it]
 56%|█████▋    | 113/200 [25:28<20:21, 14.04s/it]
 57%|█████▋    | 114/200 [25:42<19:47, 13.81s/it]
 57%|█████▊    | 115/200 [25:56<19:54, 14.05s/it]
 58%|█████▊    | 116/200 [26:10<19:27, 13.90s/it]
 58%|█████▊    | 117/200 [26:24<19:19, 13.97s/it]
 59%|█████▉    | 118/200 [26:38<19:01, 13.93s/it]
 60%|█████▉    | 119/200 [26:51<18:31, 13.73s/it]
 60%|██████    | 120/200 [27:06<18:51, 14.15s/it]
 60%|██████    | 121/200 [27:20<18:35, 14.12s/it]
 61%|██████    | 122/200 [27:33<17:58, 13.82s/it]
 62%|██████▏   | 123/200 [27:47<17:47, 13.87s/it]
 62%|██████▏   | 124/200 [28:02<17:54, 14.13s/it]
 62%|██████▎   | 125/200 [28:16<17:34, 14.06s/it]
 63%|██████▎   | 126/200 [28:29<16:57, 13.75s/it]
 64%|██████▎   | 127/200 [28:43<16:49, 13.83s/it]
 64%|██████▍   | 128/200 [28:57<16:44, 13.95s/it]
 64%|██████▍   | 129/200 [29:12<16:39, 14.08s/it]
 65%|██████▌   | 130/200 [29:25<16:10, 13.87s/it]
 66%|██████▌   | 131/200 [29:39<16:05, 13.99s/it]
 66%|██████▌   | 132/200 [29:54<16:04, 14.19s/it]
 66%|██████▋   | 133/200 [30:08<15:52, 14.22s/it]
 67%|██████▋   | 134/200 [30:22<15:29, 14.08s/it]
 68%|██████▊   | 135/200 [30:36<15:11, 14.02s/it]
 68%|██████▊   | 136/200 [30:50<15:08, 14.19s/it]
 68%|██████▊   | 137/200 [31:04<14:49, 14.11s/it]
 69%|██████▉   | 138/200 [31:16<13:59, 13.54s/it]
 70%|██████▉   | 139/200 [31:30<13:42, 13.49s/it]
 70%|███████   | 140/200 [31:43<13:31, 13.53s/it]
 70%|███████   | 141/200 [31:57<13:20, 13.58s/it]
 71%|███████   | 142/200 [32:12<13:22, 13.84s/it]
 72%|███████▏  | 143/200 [32:26<13:24, 14.11s/it]
 72%|███████▏  | 144/200 [32:40<13:05, 14.02s/it]
 72%|███████▎  | 145/200 [32:55<13:12, 14.42s/it]
 73%|███████▎  | 146/200 [33:09<12:44, 14.15s/it]
 74%|███████▎  | 147/200 [33:24<12:47, 14.47s/it]
 74%|███████▍  | 148/200 [33:39<12:39, 14.60s/it]
 74%|███████▍  | 149/200 [33:53<12:12, 14.36s/it]
 75%|███████▌  | 150/200 [34:07<11:48, 14.17s/it]
 76%|███████▌  | 151/200 [34:21<11:30, 14.09s/it]
 76%|███████▌  | 152/200 [34:35<11:18, 14.13s/it]
 76%|███████▋  | 153/200 [34:48<10:47, 13.77s/it]
 77%|███████▋  | 154/200 [35:01<10:28, 13.67s/it]
 78%|███████▊  | 155/200 [35:15<10:10, 13.57s/it]
 78%|███████▊  | 156/200 [35:28<09:59, 13.61s/it]
 78%|███████▊  | 157/200 [35:42<09:43, 13.57s/it]
 79%|███████▉  | 158/200 [35:56<09:33, 13.65s/it]
 80%|███████▉  | 159/200 [36:09<09:15, 13.55s/it]
 80%|████████  | 160/200 [36:23<09:05, 13.64s/it]
 80%|████████  | 161/200 [36:37<08:55, 13.74s/it]
 81%|████████  | 162/200 [36:50<08:37, 13.63s/it]
 82%|████████▏ | 163/200 [37:05<08:34, 13.89s/it]
 82%|████████▏ | 164/200 [37:20<08:36, 14.35s/it]
 82%|████████▎ | 165/200 [37:34<08:15, 14.15s/it]
 83%|████████▎ | 166/200 [37:47<07:50, 13.85s/it]
 84%|████████▎ | 167/200 [38:01<07:41, 13.97s/it]
 84%|████████▍ | 168/200 [38:15<07:24, 13.90s/it]
 84%|████████▍ | 169/200 [38:29<07:09, 13.87s/it]
 85%|████████▌ | 170/200 [38:44<07:11, 14.38s/it]
 86%|████████▌ | 171/200 [38:58<06:51, 14.19s/it]
 86%|████████▌ | 172/200 [39:12<06:37, 14.19s/it]
 86%|████████▋ | 173/200 [39:26<06:20, 14.11s/it]
 87%|████████▋ | 174/200 [39:40<06:05, 14.08s/it]
 88%|████████▊ | 175/200 [39:55<05:59, 14.37s/it]
 88%|████████▊ | 176/200 [40:08<05:33, 13.90s/it]
 88%|████████▊ | 177/200 [40:21<05:16, 13.78s/it]
 89%|████████▉ | 178/200 [40:36<05:07, 13.98s/it]
 90%|████████▉ | 179/200 [40:49<04:49, 13.80s/it]
 90%|█████████ | 180/200 [41:03<04:33, 13.67s/it]
 90%|█████████ | 181/200 [41:17<04:23, 13.89s/it]
 91%|█████████ | 182/200 [41:30<04:05, 13.63s/it]
 92%|█████████▏| 183/200 [41:44<03:51, 13.60s/it]
 92%|█████████▏| 184/200 [41:58<03:41, 13.83s/it]
 92%|█████████▎| 185/200 [42:12<03:27, 13.80s/it]
 93%|█████████▎| 186/200 [42:25<03:12, 13.77s/it]
 94%|█████████▎| 187/200 [42:38<02:56, 13.58s/it]
 94%|█████████▍| 188/200 [42:53<02:46, 13.87s/it]
 94%|█████████▍| 189/200 [43:07<02:31, 13.81s/it]
 95%|█████████▌| 190/200 [43:20<02:17, 13.78s/it]
 96%|█████████▌| 191/200 [43:35<02:05, 13.93s/it]
 96%|█████████▌| 192/200 [43:50<01:54, 14.34s/it]
 96%|█████████▋| 193/200 [44:04<01:40, 14.38s/it]
 97%|█████████▋| 194/200 [44:20<01:28, 14.69s/it]
 98%|█████████▊| 195/200 [44:34<01:12, 14.54s/it]
 98%|█████████▊| 196/200 [44:48<00:57, 14.31s/it]
 98%|█████████▊| 197/200 [45:02<00:42, 14.15s/it]
 99%|█████████▉| 198/200 [45:15<00:27, 13.82s/it]
100%|█████████▉| 199/200 [45:30<00:14, 14.15s/it]
100%|██████████| 200/200 [45:44<00:00, 14.13s/it]
100%|██████████| 200/200 [45:44<00:00, 13.72s/it]
2023-05-30 06:25:12.992880: I tensorflow/core/platform/cpu_feature_guard.cc:193] This TensorFlow binary is optimized with oneAPI Deep Neural Network Library (oneDNN) to use the following CPU instructions in performance-critical operations:  SSE4.1 SSE4.2 AVX AVX2 FMA
To enable them in other operations, rebuild TensorFlow with the appropriate compiler flags.
Files already downloaded and verified
Files already downloaded and verified

  0%|          | 0/200 [00:00<?, ?it/s]
  0%|          | 1/200 [00:11<37:08, 11.20s/it]
  1%|          | 2/200 [00:19<31:02,  9.41s/it]
  2%|▏         | 3/200 [00:28<29:55,  9.11s/it]
  2%|▏         | 4/200 [00:36<29:11,  8.93s/it]
  2%|▎         | 5/200 [00:44<28:07,  8.65s/it]
  3%|▎         | 6/200 [00:53<27:57,  8.65s/it]
  4%|▎         | 7/200 [01:01<27:35,  8.58s/it]
  4%|▍         | 8/200 [01:09<26:37,  8.32s/it]
  4%|▍         | 9/200 [01:17<26:11,  8.23s/it]
  5%|▌         | 10/200 [01:25<25:41,  8.11s/it]
  6%|▌         | 11/200 [01:35<26:49,  8.51s/it]
  6%|▌         | 12/200 [01:43<27:00,  8.62s/it]
  6%|▋         | 13/200 [01:53<27:43,  8.90s/it]
  7%|▋         | 14/200 [02:03<28:11,  9.09s/it]
  8%|▊         | 15/200 [02:13<28:56,  9.39s/it]
  8%|▊         | 16/200 [02:21<27:29,  8.97s/it]
  8%|▊         | 17/200 [02:29<26:40,  8.74s/it]
  9%|▉         | 18/200 [02:37<26:06,  8.61s/it]
 10%|▉         | 19/200 [02:45<25:30,  8.45s/it]
 10%|█         | 20/200 [02:54<25:24,  8.47s/it]
 10%|█         | 21/200 [03:02<25:24,  8.51s/it]
 11%|█         | 22/200 [03:10<24:40,  8.31s/it]
 12%|█▏        | 23/200 [03:18<23:59,  8.13s/it]
 12%|█▏        | 24/200 [03:26<23:32,  8.02s/it]
 12%|█▎        | 25/200 [03:35<24:11,  8.29s/it]
 13%|█▎        | 26/200 [03:42<23:30,  8.11s/it]
 14%|█▎        | 27/200 [03:50<23:23,  8.11s/it]
 14%|█▍        | 28/200 [03:59<23:35,  8.23s/it]
 14%|█▍        | 29/200 [04:07<23:47,  8.35s/it]
 15%|█▌        | 30/200 [04:15<23:19,  8.23s/it]
 16%|█▌        | 31/200 [04:24<23:18,  8.28s/it]
 16%|█▌        | 32/200 [04:32<22:54,  8.18s/it]
 16%|█▋        | 33/200 [04:40<22:48,  8.19s/it]
 17%|█▋        | 34/200 [04:49<23:40,  8.56s/it]
 18%|█▊        | 35/200 [04:59<24:10,  8.79s/it]
 18%|█▊        | 36/200 [05:08<24:00,  8.78s/it]
 18%|█▊        | 37/200 [05:17<24:06,  8.88s/it]
 19%|█▉        | 38/200 [05:25<23:18,  8.63s/it]
 20%|█▉        | 39/200 [05:33<22:37,  8.43s/it]
 20%|██        | 40/200 [05:40<22:00,  8.25s/it]
 20%|██        | 41/200 [05:49<21:42,  8.19s/it]
 21%|██        | 42/200 [05:58<22:16,  8.46s/it]
 22%|██▏       | 43/200 [06:06<21:58,  8.40s/it]
 22%|██▏       | 44/200 [06:14<21:41,  8.34s/it]
 22%|██▎       | 45/200 [06:22<21:29,  8.32s/it]
 23%|██▎       | 46/200 [06:30<20:57,  8.17s/it]
 24%|██▎       | 47/200 [06:39<20:58,  8.23s/it]
 24%|██▍       | 48/200 [06:47<20:50,  8.22s/it]
 24%|██▍       | 49/200 [06:55<20:51,  8.29s/it]
 25%|██▌       | 50/200 [07:04<20:57,  8.38s/it]
 26%|██▌       | 51/200 [07:13<21:38,  8.72s/it]
 26%|██▌       | 52/200 [07:21<20:52,  8.46s/it]
 26%|██▋       | 53/200 [07:29<20:28,  8.36s/it]
 27%|██▋       | 54/200 [07:37<20:11,  8.30s/it]
 28%|██▊       | 55/200 [07:46<20:05,  8.31s/it]
 28%|██▊       | 56/200 [07:55<20:26,  8.52s/it]
 28%|██▊       | 57/200 [08:04<20:31,  8.61s/it]
 29%|██▉       | 58/200 [08:13<20:53,  8.83s/it]
 30%|██▉       | 59/200 [08:22<20:37,  8.77s/it]
 30%|███       | 60/200 [08:31<20:56,  8.97s/it]
 30%|███       | 61/200 [08:39<20:27,  8.83s/it]
 31%|███       | 62/200 [08:47<19:42,  8.57s/it]
 32%|███▏      | 63/200 [08:57<20:21,  8.92s/it]
 32%|███▏      | 64/200 [09:07<20:45,  9.15s/it]
 32%|███▎      | 65/200 [09:15<19:58,  8.88s/it]
 33%|███▎      | 66/200 [09:23<19:24,  8.69s/it]
 34%|███▎      | 67/200 [09:32<18:56,  8.55s/it]
 34%|███▍      | 68/200 [09:40<18:39,  8.48s/it]
 34%|███▍      | 69/200 [09:48<18:11,  8.33s/it]
 35%|███▌      | 70/200 [09:56<17:44,  8.19s/it]
 36%|███▌      | 71/200 [10:04<17:51,  8.31s/it]
 36%|███▌      | 72/200 [10:12<17:25,  8.17s/it]
 36%|███▋      | 73/200 [10:21<17:53,  8.45s/it]
 37%|███▋      | 74/200 [10:29<17:14,  8.21s/it]
 38%|███▊      | 75/200 [10:37<17:03,  8.19s/it]
 38%|███▊      | 76/200 [10:45<16:42,  8.09s/it]
 38%|███▊      | 77/200 [10:55<17:29,  8.54s/it]
 39%|███▉      | 78/200 [11:04<17:50,  8.78s/it]
 40%|███▉      | 79/200 [11:13<18:01,  8.94s/it]
 40%|████      | 80/200 [11:21<17:28,  8.74s/it]
 40%|████      | 81/200 [11:30<17:15,  8.70s/it]
 41%|████      | 82/200 [11:38<16:54,  8.60s/it]
 42%|████▏     | 83/200 [11:48<17:07,  8.78s/it]
 42%|████▏     | 84/200 [11:57<17:08,  8.87s/it]
 42%|████▎     | 85/200 [12:05<16:50,  8.78s/it]
 43%|████▎     | 86/200 [12:14<16:53,  8.89s/it]
 44%|████▎     | 87/200 [12:23<16:49,  8.93s/it]
 44%|████▍     | 88/200 [12:31<15:57,  8.55s/it]
 44%|████▍     | 89/200 [12:40<16:12,  8.76s/it]
 45%|████▌     | 90/200 [12:49<15:44,  8.59s/it]
 46%|████▌     | 91/200 [12:57<15:34,  8.58s/it]
 46%|████▌     | 92/200 [13:05<14:48,  8.23s/it]
 46%|████▋     | 93/200 [13:12<14:32,  8.15s/it]
 47%|████▋     | 94/200 [13:22<14:54,  8.44s/it]
 48%|████▊     | 95/200 [13:29<14:20,  8.20s/it]
 48%|████▊     | 96/200 [13:37<14:07,  8.15s/it]
 48%|████▊     | 97/200 [13:46<14:24,  8.39s/it]
 49%|████▉     | 98/200 [13:54<13:55,  8.19s/it]
 50%|████▉     | 99/200 [14:02<13:52,  8.24s/it]
 50%|█████     | 100/200 [14:10<13:39,  8.19s/it]
 50%|█████     | 101/200 [14:19<13:34,  8.23s/it]
 51%|█████     | 102/200 [14:27<13:16,  8.13s/it]
 52%|█████▏    | 103/200 [14:36<13:36,  8.42s/it]
 52%|█████▏    | 104/200 [14:43<13:09,  8.23s/it]
 52%|█████▎    | 105/200 [14:51<12:46,  8.07s/it]
 53%|█████▎    | 106/200 [15:00<13:07,  8.37s/it]
 54%|█████▎    | 107/200 [15:08<12:50,  8.28s/it]
 54%|█████▍    | 108/200 [15:16<12:31,  8.17s/it]
 55%|█████▍    | 109/200 [15:25<12:41,  8.37s/it]
 55%|█████▌    | 110/200 [15:33<12:26,  8.30s/it]
 56%|█████▌    | 111/200 [15:42<12:21,  8.33s/it]
 56%|█████▌    | 112/200 [15:50<12:19,  8.41s/it]
 56%|█████▋    | 113/200 [15:59<12:09,  8.38s/it]
 57%|█████▋    | 114/200 [16:07<11:54,  8.31s/it]
 57%|█████▊    | 115/200 [16:15<11:43,  8.28s/it]
 58%|█████▊    | 116/200 [16:23<11:20,  8.10s/it]
 58%|█████▊    | 117/200 [16:31<11:11,  8.10s/it]
 59%|█████▉    | 118/200 [16:40<11:42,  8.56s/it]
 60%|█████▉    | 119/200 [16:49<11:25,  8.46s/it]
 60%|██████    | 120/200 [16:57<11:23,  8.55s/it]
 60%|██████    | 121/200 [17:06<11:10,  8.49s/it]
 61%|██████    | 122/200 [17:14<11:00,  8.47s/it]
 62%|██████▏   | 123/200 [17:22<10:32,  8.21s/it]
 62%|██████▏   | 124/200 [17:30<10:24,  8.22s/it]
 62%|██████▎   | 125/200 [17:39<10:31,  8.42s/it]
 63%|██████▎   | 126/200 [17:48<10:45,  8.72s/it]
 64%|██████▎   | 127/200 [17:56<10:22,  8.52s/it]
 64%|██████▍   | 128/200 [18:05<10:22,  8.64s/it]
 64%|██████▍   | 129/200 [18:14<10:20,  8.74s/it]
 65%|██████▌   | 130/200 [18:23<10:12,  8.75s/it]
 66%|██████▌   | 131/200 [18:31<09:56,  8.65s/it]
 66%|██████▌   | 132/200 [18:40<09:39,  8.53s/it]
 66%|██████▋   | 133/200 [18:47<09:15,  8.30s/it]
 67%|██████▋   | 134/200 [18:57<09:40,  8.80s/it]
 68%|██████▊   | 135/200 [19:07<09:54,  9.15s/it]
 68%|██████▊   | 136/200 [19:17<09:47,  9.19s/it]
 68%|██████▊   | 137/200 [19:25<09:19,  8.87s/it]
 69%|██████▉   | 138/200 [19:33<09:04,  8.79s/it]
 70%|██████▉   | 139/200 [19:42<08:48,  8.66s/it]
 70%|███████   | 140/200 [19:50<08:39,  8.65s/it]
 70%|███████   | 141/200 [20:00<08:45,  8.90s/it]
 71%|███████   | 142/200 [20:08<08:25,  8.72s/it]
 72%|███████▏  | 143/200 [20:17<08:15,  8.69s/it]
 72%|███████▏  | 144/200 [20:25<07:59,  8.57s/it]
 72%|███████▎  | 145/200 [20:33<07:44,  8.44s/it]
 73%|███████▎  | 146/200 [20:42<07:40,  8.53s/it]
 74%|███████▎  | 147/200 [20:50<07:25,  8.40s/it]
 74%|███████▍  | 148/200 [20:58<07:15,  8.37s/it]
 74%|███████▍  | 149/200 [21:06<07:02,  8.28s/it]
 75%|███████▌  | 150/200 [21:15<06:53,  8.26s/it]
 76%|███████▌  | 151/200 [21:24<07:00,  8.57s/it]
 76%|███████▌  | 152/200 [21:33<06:58,  8.71s/it]
 76%|███████▋  | 153/200 [21:41<06:45,  8.63s/it]
 77%|███████▋  | 154/200 [21:50<06:34,  8.58s/it]
 78%|███████▊  | 155/200 [21:58<06:20,  8.46s/it]
 78%|███████▊  | 156/200 [22:08<06:27,  8.80s/it]
 78%|███████▊  | 157/200 [22:17<06:21,  8.88s/it]
 79%|███████▉  | 158/200 [22:25<06:08,  8.77s/it]
 80%|███████▉  | 159/200 [22:33<05:54,  8.65s/it]
 80%|████████  | 160/200 [22:42<05:39,  8.49s/it]
 80%|████████  | 161/200 [22:50<05:32,  8.52s/it]
 81%|████████  | 162/200 [22:59<05:27,  8.62s/it]
 82%|████████▏ | 163/200 [23:07<05:13,  8.48s/it]
 82%|████████▏ | 164/200 [23:16<05:13,  8.72s/it]
 82%|████████▎ | 165/200 [23:26<05:16,  9.05s/it]
 83%|████████▎ | 166/200 [23:36<05:15,  9.29s/it]
 84%|████████▎ | 167/200 [23:44<04:55,  8.94s/it]
 84%|████████▍ | 168/200 [23:52<04:37,  8.67s/it]
 84%|████████▍ | 169/200 [24:01<04:28,  8.65s/it]
 85%|████████▌ | 170/200 [24:10<04:19,  8.64s/it]
 86%|████████▌ | 171/200 [24:18<04:09,  8.61s/it]
 86%|████████▌ | 172/200 [24:27<04:01,  8.64s/it]
 86%|████████▋ | 173/200 [24:35<03:53,  8.66s/it]
 87%|████████▋ | 174/200 [24:45<03:49,  8.83s/it]
 88%|████████▊ | 175/200 [24:54<03:44,  8.97s/it]
 88%|████████▊ | 176/200 [25:03<03:34,  8.95s/it]
 88%|████████▊ | 177/200 [25:12<03:24,  8.90s/it]
 89%|████████▉ | 178/200 [25:20<03:13,  8.81s/it]
 90%|████████▉ | 179/200 [25:28<03:00,  8.62s/it]
 90%|█████████ | 180/200 [25:37<02:51,  8.56s/it]
 90%|█████████ | 181/200 [25:46<02:43,  8.59s/it]
 91%|█████████ | 182/200 [25:54<02:34,  8.59s/it]
 92%|█████████▏| 183/200 [26:02<02:24,  8.51s/it]
 92%|█████████▏| 184/200 [26:10<02:13,  8.36s/it]
 92%|█████████▎| 185/200 [26:18<02:02,  8.15s/it]
 93%|█████████▎| 186/200 [26:27<01:55,  8.27s/it]
 94%|█████████▎| 187/200 [26:35<01:47,  8.24s/it]
 94%|█████████▍| 188/200 [26:44<01:41,  8.43s/it]
 94%|█████████▍| 189/200 [26:54<01:37,  8.84s/it]
 95%|█████████▌| 190/200 [27:02<01:27,  8.79s/it]
 96%|█████████▌| 191/200 [27:10<01:17,  8.59s/it]
 96%|█████████▌| 192/200 [27:19<01:10,  8.75s/it]
 96%|█████████▋| 193/200 [27:28<01:00,  8.61s/it]
 97%|█████████▋| 194/200 [27:36<00:51,  8.51s/it]
 98%|█████████▊| 195/200 [27:44<00:42,  8.49s/it]
 98%|█████████▊| 196/200 [27:53<00:34,  8.63s/it]
 98%|█████████▊| 197/200 [28:02<00:26,  8.70s/it]
 99%|█████████▉| 198/200 [28:11<00:17,  8.79s/it]
100%|█████████▉| 199/200 [28:20<00:08,  8.71s/it]
100%|██████████| 200/200 [28:28<00:00,  8.61s/it]
100%|██████████| 200/200 [28:28<00:00,  8.54s/it]
Files already downloaded and verified
Files already downloaded and verified
Traceback (most recent call last):
  File "/remote-home/zhangjiayu/HW2/train.py", line 69, in <module>
    model = alexnet()
  File "/remote-home/zhangjiayu/HW2/model.py", line 44, in alexnet
    model = AlexNet(**kwargs)
  File "/remote-home/zhangjiayu/HW2/model.py", line 31, in __init__
    nn.Linear(4096, 4096),
  File "/root/miniconda/envs/python39/lib/python3.9/site-packages/torch/nn/modules/linear.py", line 101, in __init__
    self.reset_parameters()
  File "/root/miniconda/envs/python39/lib/python3.9/site-packages/torch/nn/modules/linear.py", line 107, in reset_parameters
    init.kaiming_uniform_(self.weight, a=math.sqrt(5))
  File "/root/miniconda/envs/python39/lib/python3.9/site-packages/torch/nn/init.py", line 412, in kaiming_uniform_
    return tensor.uniform_(-bound, bound)
KeyboardInterrupt
2023-05-30 07:18:48.595752: I tensorflow/core/platform/cpu_feature_guard.cc:193] This TensorFlow binary is optimized with oneAPI Deep Neural Network Library (oneDNN) to use the following CPU instructions in performance-critical operations:  SSE4.1 SSE4.2 AVX AVX2 FMA
To enable them in other operations, rebuild TensorFlow with the appropriate compiler flags.
Files already downloaded and verified
Files already downloaded and verified

  0%|          | 0/200 [00:00<?, ?it/s]
  0%|          | 1/200 [00:16<53:16, 16.06s/it]
  1%|          | 2/200 [00:28<46:25, 14.07s/it]
  2%|▏         | 3/200 [00:41<44:41, 13.61s/it]
  2%|▏         | 4/200 [00:54<43:27, 13.30s/it]
  2%|▎         | 5/200 [01:07<42:48, 13.17s/it]
  3%|▎         | 6/200 [01:21<43:46, 13.54s/it]
  4%|▎         | 7/200 [01:34<42:42, 13.28s/it]
  4%|▍         | 8/200 [01:47<41:45, 13.05s/it]
  4%|▍         | 9/200 [01:59<40:29, 12.72s/it]
  5%|▌         | 10/200 [02:12<41:15, 13.03s/it]
  6%|▌         | 11/200 [02:25<40:55, 12.99s/it]
  6%|▌         | 12/200 [02:38<40:20, 12.87s/it]
  6%|▋         | 13/200 [02:50<39:49, 12.78s/it]
  7%|▋         | 14/200 [03:02<38:41, 12.48s/it]
  8%|▊         | 15/200 [03:15<39:10, 12.71s/it]
  8%|▊         | 16/200 [03:28<39:03, 12.74s/it]
  8%|▊         | 17/200 [03:41<38:44, 12.70s/it]
  9%|▉         | 18/200 [03:54<38:50, 12.80s/it]
 10%|▉         | 19/200 [04:08<39:27, 13.08s/it]
 10%|█         | 20/200 [04:21<39:41, 13.23s/it]
 10%|█         | 21/200 [04:34<39:04, 13.10s/it]
 11%|█         | 22/200 [04:47<38:53, 13.11s/it]
 12%|█▏        | 23/200 [05:00<38:26, 13.03s/it]
 12%|█▏        | 24/200 [05:13<38:19, 13.07s/it]
 12%|█▎        | 25/200 [05:27<38:29, 13.20s/it]
 13%|█▎        | 26/200 [05:40<38:32, 13.29s/it]
 14%|█▎        | 27/200 [05:53<37:36, 13.04s/it]
 14%|█▍        | 28/200 [06:05<36:55, 12.88s/it]
 14%|█▍        | 29/200 [06:18<36:44, 12.89s/it]
 15%|█▌        | 30/200 [06:31<36:22, 12.84s/it]
 16%|█▌        | 31/200 [06:44<36:06, 12.82s/it]
 16%|█▌        | 32/200 [06:56<35:37, 12.72s/it]
 16%|█▋        | 33/200 [07:08<35:12, 12.65s/it]
 17%|█▋        | 34/200 [07:22<35:57, 13.00s/it]
 18%|█▊        | 35/200 [07:36<36:07, 13.14s/it]
 18%|█▊        | 36/200 [07:49<35:51, 13.12s/it]
 18%|█▊        | 37/200 [08:02<35:35, 13.10s/it]
 19%|█▉        | 38/200 [08:16<35:58, 13.33s/it]
 20%|█▉        | 39/200 [08:29<35:46, 13.33s/it]
 20%|██        | 40/200 [08:41<34:32, 12.95s/it]
 20%|██        | 41/200 [08:53<33:46, 12.75s/it]
 21%|██        | 42/200 [09:07<33:52, 12.87s/it]
 22%|██▏       | 43/200 [09:19<33:30, 12.80s/it]
 22%|██▏       | 44/200 [09:32<33:17, 12.80s/it]
 22%|██▎       | 45/200 [09:45<33:01, 12.79s/it]
 23%|██▎       | 46/200 [09:58<33:07, 12.91s/it]
 24%|██▎       | 47/200 [10:12<33:29, 13.13s/it]
 24%|██▍       | 48/200 [10:25<33:18, 13.15s/it]
 24%|██▍       | 49/200 [10:38<33:12, 13.19s/it]
 25%|██▌       | 50/200 [10:51<32:41, 13.08s/it]
 26%|██▌       | 51/200 [11:05<33:01, 13.30s/it]
 26%|██▌       | 52/200 [11:18<32:52, 13.32s/it]
 26%|██▋       | 53/200 [11:30<31:45, 12.96s/it]
 27%|██▋       | 54/200 [11:44<32:02, 13.17s/it]
 28%|██▊       | 55/200 [11:58<32:50, 13.59s/it]
 28%|██▊       | 56/200 [12:11<31:54, 13.30s/it]
 28%|██▊       | 57/200 [12:23<30:49, 12.93s/it]
 29%|██▉       | 58/200 [12:36<30:51, 13.04s/it]
 30%|██▉       | 59/200 [12:49<30:37, 13.03s/it]
 30%|███       | 60/200 [13:02<29:47, 12.77s/it]
 30%|███       | 61/200 [13:15<30:10, 13.02s/it]
 31%|███       | 62/200 [13:28<29:39, 12.90s/it]
 32%|███▏      | 63/200 [13:40<29:16, 12.82s/it]
 32%|███▏      | 64/200 [13:53<28:49, 12.72s/it]
 32%|███▎      | 65/200 [14:07<29:14, 13.00s/it]
 33%|███▎      | 66/200 [14:21<30:01, 13.45s/it]
 34%|███▎      | 67/200 [14:35<30:16, 13.65s/it]
 34%|███▍      | 68/200 [14:49<29:49, 13.55s/it]
 34%|███▍      | 69/200 [15:01<29:01, 13.30s/it]
 35%|███▌      | 70/200 [15:14<28:34, 13.19s/it]
 36%|███▌      | 71/200 [15:27<28:25, 13.22s/it]
 36%|███▌      | 72/200 [15:41<28:16, 13.25s/it]
 36%|███▋      | 73/200 [15:54<27:44, 13.11s/it]
 37%|███▋      | 74/200 [16:07<27:36, 13.14s/it]
 38%|███▊      | 75/200 [16:20<27:29, 13.19s/it]
 38%|███▊      | 76/200 [16:33<27:03, 13.10s/it]
 38%|███▊      | 77/200 [16:46<26:47, 13.07s/it]
 39%|███▉      | 78/200 [16:59<26:22, 12.97s/it]
 40%|███▉      | 79/200 [17:11<25:50, 12.82s/it]
 40%|████      | 80/200 [17:24<25:27, 12.73s/it]
 40%|████      | 81/200 [17:38<26:00, 13.11s/it]
 41%|████      | 82/200 [17:51<25:52, 13.16s/it]
 42%|████▏     | 83/200 [18:04<25:26, 13.05s/it]
 42%|████▏     | 84/200 [18:17<25:27, 13.16s/it]
 42%|████▎     | 85/200 [18:30<25:08, 13.12s/it]
 43%|████▎     | 86/200 [18:43<24:54, 13.11s/it]
 44%|████▎     | 87/200 [18:56<24:38, 13.08s/it]
 44%|████▍     | 88/200 [19:10<24:48, 13.29s/it]
 44%|████▍     | 89/200 [19:24<24:46, 13.39s/it]
 45%|████▌     | 90/200 [19:37<24:30, 13.37s/it]
 46%|████▌     | 91/200 [19:51<24:33, 13.52s/it]
 46%|████▌     | 92/200 [20:05<24:54, 13.84s/it]
 46%|████▋     | 93/200 [20:20<24:52, 13.95s/it]
 47%|████▋     | 94/200 [20:34<25:00, 14.16s/it]
 48%|████▊     | 95/200 [20:49<24:50, 14.20s/it]
 48%|████▊     | 96/200 [21:01<23:46, 13.71s/it]
 48%|████▊     | 97/200 [21:15<23:23, 13.63s/it]
 49%|████▉     | 98/200 [21:28<22:49, 13.43s/it]
 50%|████▉     | 99/200 [21:41<22:27, 13.34s/it]
 50%|█████     | 100/200 [21:54<22:22, 13.43s/it]
 50%|█████     | 101/200 [22:08<22:27, 13.62s/it]
 51%|█████     | 102/200 [22:22<22:13, 13.61s/it]
 52%|█████▏    | 103/200 [22:35<21:49, 13.51s/it]
 52%|█████▏    | 104/200 [22:49<21:33, 13.48s/it]
 52%|█████▎    | 105/200 [23:03<21:33, 13.62s/it]
 53%|█████▎    | 106/200 [23:16<21:05, 13.46s/it]
 54%|█████▎    | 107/200 [23:29<20:56, 13.51s/it]
 54%|█████▍    | 108/200 [23:43<20:57, 13.66s/it]
 55%|█████▍    | 109/200 [23:58<21:09, 13.95s/it]
 55%|█████▌    | 110/200 [24:13<21:29, 14.33s/it]
 56%|█████▌    | 111/200 [24:27<21:12, 14.30s/it]
 56%|█████▌    | 112/200 [24:41<20:44, 14.14s/it]
 56%|█████▋    | 113/200 [24:55<20:11, 13.93s/it]
 57%|█████▋    | 114/200 [25:09<19:56, 13.91s/it]
 57%|█████▊    | 115/200 [25:22<19:29, 13.76s/it]
 58%|█████▊    | 116/200 [25:36<19:26, 13.89s/it]
 58%|█████▊    | 117/200 [25:50<19:07, 13.83s/it]
 59%|█████▉    | 118/200 [26:03<18:44, 13.71s/it]
 60%|█████▉    | 119/200 [26:18<18:54, 14.01s/it]
 60%|██████    | 120/200 [26:32<18:42, 14.03s/it]
 60%|██████    | 121/200 [26:46<18:26, 14.01s/it]
 61%|██████    | 122/200 [27:00<18:14, 14.03s/it]
 62%|██████▏   | 123/200 [27:13<17:42, 13.80s/it]
 62%|██████▏   | 124/200 [27:27<17:20, 13.70s/it]
 62%|██████▎   | 125/200 [27:40<17:03, 13.65s/it]
 63%|██████▎   | 126/200 [27:54<16:49, 13.64s/it]
 64%|██████▎   | 127/200 [28:08<16:38, 13.67s/it]
 64%|██████▍   | 128/200 [28:21<16:22, 13.64s/it]
 64%|██████▍   | 129/200 [28:35<16:08, 13.64s/it]
 65%|██████▌   | 130/200 [28:49<16:12, 13.89s/it]
 66%|██████▌   | 131/200 [29:03<15:49, 13.77s/it]
 66%|██████▌   | 132/200 [29:17<15:37, 13.79s/it]
 66%|██████▋   | 133/200 [29:30<15:22, 13.77s/it]
 67%|██████▋   | 134/200 [29:44<15:05, 13.72s/it]
 68%|██████▊   | 135/200 [29:57<14:35, 13.47s/it]
 68%|██████▊   | 136/200 [30:11<14:28, 13.57s/it]
 68%|██████▊   | 137/200 [30:25<14:21, 13.68s/it]
 69%|██████▉   | 138/200 [30:40<14:33, 14.09s/it]
 70%|██████▉   | 139/200 [30:53<14:01, 13.79s/it]
 70%|███████   | 140/200 [31:07<13:59, 13.99s/it]
 70%|███████   | 141/200 [31:21<13:40, 13.91s/it]
 71%|███████   | 142/200 [31:34<13:10, 13.63s/it]
 72%|███████▏  | 143/200 [31:48<13:01, 13.71s/it]
 72%|███████▏  | 144/200 [32:01<12:45, 13.67s/it]
 72%|███████▎  | 145/200 [32:14<12:16, 13.40s/it]
 73%|███████▎  | 146/200 [32:29<12:25, 13.81s/it]
 74%|███████▎  | 147/200 [32:44<12:29, 14.14s/it]
 74%|███████▍  | 148/200 [32:58<12:12, 14.09s/it]
 74%|███████▍  | 149/200 [33:11<11:46, 13.86s/it]
 75%|███████▌  | 150/200 [33:25<11:30, 13.82s/it]
 76%|███████▌  | 151/200 [33:39<11:26, 14.01s/it]
 76%|███████▌  | 152/200 [33:53<11:05, 13.86s/it]
 76%|███████▋  | 153/200 [34:06<10:46, 13.76s/it]
 77%|███████▋  | 154/200 [34:21<10:47, 14.07s/it]
 78%|███████▊  | 155/200 [34:35<10:31, 14.03s/it]
 78%|███████▊  | 156/200 [34:49<10:17, 14.04s/it]
 78%|███████▊  | 157/200 [35:03<09:59, 13.93s/it]
 79%|███████▉  | 158/200 [35:17<09:46, 13.97s/it]
 80%|███████▉  | 159/200 [35:30<09:24, 13.78s/it]
 80%|████████  | 160/200 [35:43<09:04, 13.62s/it]
 80%|████████  | 161/200 [35:57<08:54, 13.69s/it]
 81%|████████  | 162/200 [36:11<08:42, 13.74s/it]
 82%|████████▏ | 163/200 [36:25<08:33, 13.87s/it]
 82%|████████▏ | 164/200 [36:39<08:15, 13.77s/it]
 82%|████████▎ | 165/200 [36:54<08:17, 14.21s/it]
 83%|████████▎ | 166/200 [37:09<08:08, 14.37s/it]
 84%|████████▎ | 167/200 [37:23<07:55, 14.41s/it]
 84%|████████▍ | 168/200 [37:38<07:39, 14.37s/it]
 84%|████████▍ | 169/200 [37:52<07:23, 14.30s/it]
 85%|████████▌ | 170/200 [38:06<07:07, 14.27s/it]
 86%|████████▌ | 171/200 [38:20<06:53, 14.25s/it]
 86%|████████▌ | 172/200 [38:35<06:40, 14.32s/it]
 86%|████████▋ | 173/200 [38:48<06:21, 14.13s/it]
 87%|████████▋ | 174/200 [39:02<06:05, 14.07s/it]
 88%|████████▊ | 175/200 [39:16<05:45, 13.84s/it]
 88%|████████▊ | 176/200 [39:28<05:23, 13.49s/it]
 88%|████████▊ | 177/200 [39:42<05:11, 13.54s/it]
 89%|████████▉ | 178/200 [39:55<04:54, 13.38s/it]
 90%|████████▉ | 179/200 [40:08<04:41, 13.42s/it]
 90%|█████████ | 180/200 [40:22<04:30, 13.54s/it]
 90%|█████████ | 181/200 [40:37<04:21, 13.78s/it]
 91%|█████████ | 182/200 [40:50<04:08, 13.78s/it]
 92%|█████████▏| 183/200 [41:04<03:52, 13.69s/it]
 92%|█████████▏| 184/200 [41:18<03:38, 13.69s/it]
 92%|█████████▎| 185/200 [41:32<03:30, 14.02s/it]
 93%|█████████▎| 186/200 [41:46<03:13, 13.85s/it]
 94%|█████████▎| 187/200 [41:59<02:58, 13.74s/it]
 94%|█████████▍| 188/200 [42:12<02:43, 13.58s/it]
 94%|█████████▍| 189/200 [42:27<02:31, 13.81s/it]
 95%|█████████▌| 190/200 [42:40<02:17, 13.76s/it]
 96%|█████████▌| 191/200 [42:54<02:04, 13.81s/it]
 96%|█████████▌| 192/200 [43:08<01:49, 13.75s/it]
 96%|█████████▋| 193/200 [43:21<01:34, 13.48s/it]
 97%|█████████▋| 194/200 [43:35<01:22, 13.73s/it]
 98%|█████████▊| 195/200 [43:49<01:08, 13.68s/it]
 98%|█████████▊| 196/200 [44:03<00:54, 13.73s/it]
 98%|█████████▊| 197/200 [44:16<00:40, 13.59s/it]
 99%|█████████▉| 198/200 [44:29<00:27, 13.55s/it]
100%|█████████▉| 199/200 [44:44<00:13, 13.76s/it]
100%|██████████| 200/200 [44:57<00:00, 13.71s/it]
100%|██████████| 200/200 [44:57<00:00, 13.49s/it]
2023-05-30 08:06:36.514164: I tensorflow/core/platform/cpu_feature_guard.cc:193] This TensorFlow binary is optimized with oneAPI Deep Neural Network Library (oneDNN) to use the following CPU instructions in performance-critical operations:  SSE4.1 SSE4.2 AVX AVX2 FMA
To enable them in other operations, rebuild TensorFlow with the appropriate compiler flags.
Files already downloaded and verified
Files already downloaded and verified

  0%|          | 0/200 [00:00<?, ?it/s]
  0%|          | 1/200 [00:11<37:17, 11.24s/it]
  1%|          | 2/200 [00:19<31:18,  9.49s/it]
  2%|▏         | 3/200 [00:29<31:31,  9.60s/it]
  2%|▏         | 4/200 [00:39<32:06,  9.83s/it]
  2%|▎         | 5/200 [00:47<30:16,  9.31s/it]
  3%|▎         | 6/200 [00:56<28:59,  8.97s/it]
  4%|▎         | 7/200 [01:05<28:46,  8.95s/it]
  4%|▍         | 8/200 [01:13<27:58,  8.74s/it]
  4%|▍         | 9/200 [01:22<27:46,  8.73s/it]
  5%|▌         | 10/200 [01:31<28:29,  9.00s/it]
  6%|▌         | 11/200 [01:42<29:43,  9.44s/it]
  6%|▌         | 12/200 [01:51<29:54,  9.55s/it]
  6%|▋         | 13/200 [02:00<28:32,  9.16s/it]
  7%|▋         | 14/200 [02:08<27:38,  8.92s/it]
  8%|▊         | 15/200 [02:17<27:39,  8.97s/it]
  8%|▊         | 16/200 [02:26<27:20,  8.91s/it]
  8%|▊         | 17/200 [02:35<27:08,  8.90s/it]
  9%|▉         | 18/200 [02:43<26:45,  8.82s/it]
 10%|▉         | 19/200 [02:53<27:23,  9.08s/it]
 10%|█         | 20/200 [03:02<26:56,  8.98s/it]
 10%|█         | 21/200 [03:11<26:34,  8.91s/it]
 11%|█         | 22/200 [03:20<26:41,  9.00s/it]
 12%|█▏        | 23/200 [03:28<26:20,  8.93s/it]
 12%|█▏        | 24/200 [03:37<25:54,  8.83s/it]
 12%|█▎        | 25/200 [03:46<25:39,  8.80s/it]
 13%|█▎        | 26/200 [03:55<25:30,  8.80s/it]
 14%|█▎        | 27/200 [04:03<25:16,  8.77s/it]
 14%|█▍        | 28/200 [04:12<24:48,  8.66s/it]
 14%|█▍        | 29/200 [04:20<24:20,  8.54s/it]
 15%|█▌        | 30/200 [04:28<23:54,  8.44s/it]
 16%|█▌        | 31/200 [04:36<23:39,  8.40s/it]
 16%|█▌        | 32/200 [04:45<23:38,  8.45s/it]
 16%|█▋        | 33/200 [04:53<23:25,  8.42s/it]
 17%|█▋        | 34/200 [05:02<23:12,  8.39s/it]
 18%|█▊        | 35/200 [05:10<23:04,  8.39s/it]
 18%|█▊        | 36/200 [05:19<23:11,  8.48s/it]
 18%|█▊        | 37/200 [05:28<23:28,  8.64s/it]
 19%|█▉        | 38/200 [05:36<23:03,  8.54s/it]
 20%|█▉        | 39/200 [05:44<22:37,  8.43s/it]
 20%|██        | 40/200 [05:53<22:36,  8.48s/it]
 20%|██        | 41/200 [06:01<22:07,  8.35s/it]
 21%|██        | 42/200 [06:08<21:15,  8.07s/it]
 22%|██▏       | 43/200 [06:17<21:54,  8.37s/it]
 22%|██▏       | 44/200 [06:26<22:16,  8.57s/it]
 22%|██▎       | 45/200 [06:35<21:48,  8.44s/it]
 23%|██▎       | 46/200 [06:43<21:17,  8.30s/it]
 24%|██▎       | 47/200 [06:51<21:18,  8.36s/it]
 24%|██▍       | 48/200 [07:00<21:26,  8.47s/it]
 24%|██▍       | 49/200 [07:07<20:44,  8.24s/it]
 25%|██▌       | 50/200 [07:17<21:26,  8.58s/it]
 26%|██▌       | 51/200 [07:26<21:32,  8.68s/it]
 26%|██▌       | 52/200 [07:34<21:17,  8.63s/it]
 26%|██▋       | 53/200 [07:43<21:33,  8.80s/it]
 27%|██▋       | 54/200 [07:52<21:27,  8.82s/it]
 28%|██▊       | 55/200 [08:00<20:47,  8.60s/it]
 28%|██▊       | 56/200 [08:09<20:37,  8.59s/it]
 28%|██▊       | 57/200 [08:18<20:45,  8.71s/it]
 29%|██▉       | 58/200 [08:26<20:17,  8.57s/it]
 30%|██▉       | 59/200 [08:35<20:12,  8.60s/it]
 30%|███       | 60/200 [08:43<19:40,  8.43s/it]
 30%|███       | 61/200 [08:52<19:38,  8.48s/it]
 31%|███       | 62/200 [09:00<19:15,  8.37s/it]
 32%|███▏      | 63/200 [09:09<19:48,  8.68s/it]
 32%|███▏      | 64/200 [09:18<19:41,  8.69s/it]
 32%|███▎      | 65/200 [09:26<19:26,  8.64s/it]
 33%|███▎      | 66/200 [09:35<19:33,  8.75s/it]
 34%|███▎      | 67/200 [09:43<18:53,  8.52s/it]
 34%|███▍      | 68/200 [09:52<19:07,  8.69s/it]
 34%|███▍      | 69/200 [10:02<19:23,  8.88s/it]
 35%|███▌      | 70/200 [10:11<19:18,  8.91s/it]
 36%|███▌      | 71/200 [10:19<18:48,  8.75s/it]
 36%|███▌      | 72/200 [10:28<18:57,  8.89s/it]
 36%|███▋      | 73/200 [10:38<19:25,  9.18s/it]
 37%|███▋      | 74/200 [10:46<18:37,  8.87s/it]
 38%|███▊      | 75/200 [10:55<18:35,  8.92s/it]
 38%|███▊      | 76/200 [11:03<17:45,  8.60s/it]
 38%|███▊      | 77/200 [11:12<17:48,  8.69s/it]
 39%|███▉      | 78/200 [11:21<17:51,  8.78s/it]
 40%|███▉      | 79/200 [11:29<17:25,  8.64s/it]
 40%|████      | 80/200 [11:39<17:36,  8.80s/it]
 40%|████      | 81/200 [11:47<17:32,  8.84s/it]
 41%|████      | 82/200 [11:56<17:16,  8.78s/it]
 42%|████▏     | 83/200 [12:05<17:16,  8.86s/it]
 42%|████▏     | 84/200 [12:13<16:42,  8.64s/it]
 42%|████▎     | 85/200 [12:22<16:28,  8.60s/it]
 43%|████▎     | 86/200 [12:32<17:09,  9.03s/it]
 44%|████▎     | 87/200 [12:40<16:34,  8.80s/it]
 44%|████▍     | 88/200 [12:48<16:04,  8.61s/it]
 44%|████▍     | 89/200 [12:57<15:47,  8.53s/it]
 45%|████▌     | 90/200 [13:05<15:31,  8.47s/it]
 46%|████▌     | 91/200 [13:13<15:22,  8.46s/it]
 46%|████▌     | 92/200 [13:22<15:22,  8.55s/it]
 46%|████▋     | 93/200 [13:31<15:29,  8.69s/it]
 47%|████▋     | 94/200 [13:41<15:52,  8.98s/it]
 48%|████▊     | 95/200 [13:50<15:59,  9.14s/it]
 48%|████▊     | 96/200 [13:59<15:43,  9.07s/it]
 48%|████▊     | 97/200 [14:07<15:01,  8.75s/it]
 49%|████▉     | 98/200 [14:16<14:39,  8.62s/it]
 50%|████▉     | 99/200 [14:25<14:56,  8.87s/it]
 50%|█████     | 100/200 [14:34<14:48,  8.88s/it]
 50%|█████     | 101/200 [14:43<14:46,  8.96s/it]
 51%|█████     | 102/200 [14:51<14:22,  8.80s/it]
 52%|█████▏    | 103/200 [15:00<14:05,  8.71s/it]
 52%|█████▏    | 104/200 [15:08<13:34,  8.49s/it]
 52%|█████▎    | 105/200 [15:16<13:24,  8.47s/it]
 53%|█████▎    | 106/200 [15:25<13:32,  8.65s/it]
 54%|█████▎    | 107/200 [15:34<13:11,  8.51s/it]
 54%|█████▍    | 108/200 [15:42<12:57,  8.45s/it]
 55%|█████▍    | 109/200 [15:50<12:40,  8.35s/it]
 55%|█████▌    | 110/200 [15:58<12:33,  8.37s/it]
 56%|█████▌    | 111/200 [16:07<12:23,  8.36s/it]
 56%|█████▌    | 112/200 [16:15<12:16,  8.37s/it]
 56%|█████▋    | 113/200 [16:24<12:19,  8.50s/it]
 57%|█████▋    | 114/200 [16:34<12:38,  8.82s/it]
 57%|█████▊    | 115/200 [16:43<12:55,  9.12s/it]
 58%|█████▊    | 116/200 [16:53<12:49,  9.16s/it]
 58%|█████▊    | 117/200 [17:01<12:22,  8.94s/it]
 59%|█████▉    | 118/200 [17:10<12:07,  8.87s/it]
 60%|█████▉    | 119/200 [17:18<11:33,  8.57s/it]
 60%|██████    | 120/200 [17:26<11:22,  8.53s/it]
 60%|██████    | 121/200 [17:35<11:27,  8.70s/it]
 61%|██████    | 122/200 [17:43<11:07,  8.55s/it]
 62%|██████▏   | 123/200 [17:52<11:06,  8.65s/it]
 62%|██████▏   | 124/200 [18:02<11:14,  8.88s/it]
 62%|██████▎   | 125/200 [18:10<11:03,  8.85s/it]
 63%|██████▎   | 126/200 [18:19<10:41,  8.67s/it]
 64%|██████▎   | 127/200 [18:27<10:29,  8.63s/it]
 64%|██████▍   | 128/200 [18:36<10:30,  8.76s/it]
 64%|██████▍   | 129/200 [18:44<10:03,  8.50s/it]
 65%|██████▌   | 130/200 [18:54<10:13,  8.77s/it]
 66%|██████▌   | 131/200 [19:02<09:57,  8.66s/it]
 66%|██████▌   | 132/200 [19:11<09:48,  8.65s/it]
 66%|██████▋   | 133/200 [19:18<09:16,  8.31s/it]
 67%|██████▋   | 134/200 [19:26<09:03,  8.24s/it]
 68%|██████▊   | 135/200 [19:35<09:10,  8.47s/it]
 68%|██████▊   | 136/200 [19:44<09:15,  8.68s/it]
 68%|██████▊   | 137/200 [19:53<09:00,  8.58s/it]
 69%|██████▉   | 138/200 [20:01<08:50,  8.55s/it]
 70%|██████▉   | 139/200 [20:11<09:05,  8.94s/it]
 70%|███████   | 140/200 [20:19<08:44,  8.74s/it]
 70%|███████   | 141/200 [20:28<08:36,  8.76s/it]
 71%|███████   | 142/200 [20:38<08:41,  9.00s/it]
 72%|███████▏  | 143/200 [20:47<08:36,  9.06s/it]
 72%|███████▏  | 144/200 [20:57<08:44,  9.36s/it]
 72%|███████▎  | 145/200 [21:06<08:23,  9.15s/it]
 73%|███████▎  | 146/200 [21:15<08:11,  9.09s/it]
 74%|███████▎  | 147/200 [21:23<07:47,  8.82s/it]
 74%|███████▍  | 148/200 [21:32<07:39,  8.83s/it]
 74%|███████▍  | 149/200 [21:40<07:27,  8.78s/it]
 75%|███████▌  | 150/200 [21:48<07:07,  8.55s/it]
 76%|███████▌  | 151/200 [21:57<07:00,  8.59s/it]
 76%|███████▌  | 152/200 [22:06<06:55,  8.65s/it]
 76%|███████▋  | 153/200 [22:14<06:45,  8.62s/it]
 77%|███████▋  | 154/200 [22:22<06:25,  8.37s/it]
 78%|███████▊  | 155/200 [22:30<06:13,  8.30s/it]
 78%|███████▊  | 156/200 [22:39<06:08,  8.38s/it]
 78%|███████▊  | 157/200 [22:47<05:57,  8.32s/it]
 79%|███████▉  | 158/200 [22:56<05:52,  8.40s/it]
 80%|███████▉  | 159/200 [23:04<05:49,  8.52s/it]
 80%|████████  | 160/200 [23:13<05:46,  8.66s/it]
 80%|████████  | 161/200 [23:21<05:28,  8.43s/it]
 81%|████████  | 162/200 [23:30<05:18,  8.39s/it]
 82%|████████▏ | 163/200 [23:39<05:21,  8.69s/it]
 82%|████████▏ | 164/200 [23:48<05:21,  8.93s/it]
 82%|████████▎ | 165/200 [23:57<05:06,  8.76s/it]
 83%|████████▎ | 166/200 [24:05<04:53,  8.62s/it]
 84%|████████▎ | 167/200 [24:14<04:51,  8.84s/it]
 84%|████████▍ | 168/200 [24:23<04:39,  8.75s/it]
 84%|████████▍ | 169/200 [24:32<04:29,  8.70s/it]
 85%|████████▌ | 170/200 [24:40<04:18,  8.63s/it]
 86%|████████▌ | 171/200 [24:48<04:07,  8.54s/it]
 86%|████████▌ | 172/200 [24:57<03:59,  8.57s/it]
 86%|████████▋ | 173/200 [25:05<03:50,  8.53s/it]
 87%|████████▋ | 174/200 [25:15<03:50,  8.86s/it]
 88%|████████▊ | 175/200 [25:23<03:36,  8.67s/it]
 88%|████████▊ | 176/200 [25:32<03:28,  8.70s/it]
 88%|████████▊ | 177/200 [25:41<03:21,  8.78s/it]
 89%|████████▉ | 178/200 [25:49<03:08,  8.58s/it]
 90%|████████▉ | 179/200 [25:58<02:59,  8.55s/it]
 90%|█████████ | 180/200 [26:06<02:50,  8.51s/it]
 90%|█████████ | 181/200 [26:15<02:41,  8.51s/it]
 91%|█████████ | 182/200 [26:23<02:30,  8.37s/it]
 92%|█████████▏| 183/200 [26:31<02:20,  8.29s/it]
 92%|█████████▏| 184/200 [26:40<02:15,  8.45s/it]
 92%|█████████▎| 185/200 [26:48<02:08,  8.54s/it]
 93%|█████████▎| 186/200 [26:57<02:00,  8.58s/it]
 94%|█████████▎| 187/200 [27:05<01:50,  8.52s/it]
 94%|█████████▍| 188/200 [27:14<01:43,  8.66s/it]
 94%|█████████▍| 189/200 [27:23<01:35,  8.68s/it]
 95%|█████████▌| 190/200 [27:33<01:31,  9.19s/it]
 96%|█████████▌| 191/200 [27:43<01:22,  9.21s/it]
 96%|█████████▌| 192/200 [27:51<01:10,  8.83s/it]
 96%|█████████▋| 193/200 [27:59<01:00,  8.71s/it]
 97%|█████████▋| 194/200 [28:07<00:51,  8.58s/it]
 98%|█████████▊| 195/200 [28:16<00:43,  8.70s/it]
 98%|█████████▊| 196/200 [28:25<00:35,  8.81s/it]
 98%|█████████▊| 197/200 [28:34<00:25,  8.62s/it]
 99%|█████████▉| 198/200 [28:43<00:17,  8.91s/it]
100%|█████████▉| 199/200 [28:51<00:08,  8.63s/it]
100%|██████████| 200/200 [29:00<00:00,  8.57s/it]
100%|██████████| 200/200 [29:00<00:00,  8.70s/it]
2023-05-30 08:52:54.551610: I tensorflow/core/platform/cpu_feature_guard.cc:193] This TensorFlow binary is optimized with oneAPI Deep Neural Network Library (oneDNN) to use the following CPU instructions in performance-critical operations:  SSE4.1 SSE4.2 AVX AVX2 FMA
To enable them in other operations, rebuild TensorFlow with the appropriate compiler flags.
Files already downloaded and verified
Files already downloaded and verified

  0%|          | 0/200 [00:00<?, ?it/s]
  0%|          | 1/200 [00:12<40:12, 12.12s/it]
  1%|          | 2/200 [00:20<32:51,  9.95s/it]
  2%|▏         | 3/200 [00:29<31:12,  9.50s/it]
  2%|▏         | 4/200 [00:38<29:47,  9.12s/it]
  2%|▎         | 5/200 [00:47<30:12,  9.30s/it]
  3%|▎         | 6/200 [00:56<29:00,  8.97s/it]
  4%|▎         | 7/200 [01:03<27:41,  8.61s/it]
  4%|▍         | 8/200 [01:12<27:25,  8.57s/it]
  4%|▍         | 9/200 [01:21<27:34,  8.66s/it]
  5%|▌         | 10/200 [01:28<26:28,  8.36s/it]
  6%|▌         | 11/200 [01:36<25:27,  8.08s/it]
  6%|▌         | 12/200 [01:44<25:41,  8.20s/it]
  6%|▋         | 13/200 [01:53<25:42,  8.25s/it]
  7%|▋         | 14/200 [02:00<24:42,  7.97s/it]
  8%|▊         | 15/200 [02:08<24:30,  7.95s/it]
  8%|▊         | 16/200 [02:17<25:11,  8.22s/it]
  8%|▊         | 17/200 [02:25<24:54,  8.17s/it]
  9%|▉         | 18/200 [02:33<24:33,  8.10s/it]
 10%|▉         | 19/200 [02:41<24:31,  8.13s/it]
 10%|█         | 20/200 [02:51<25:49,  8.61s/it]
 10%|█         | 21/200 [03:00<25:55,  8.69s/it]
 11%|█         | 22/200 [03:08<25:15,  8.51s/it]
 12%|█▏        | 23/200 [03:16<25:01,  8.48s/it]
 12%|█▏        | 24/200 [03:24<24:39,  8.41s/it]
 12%|█▎        | 25/200 [03:33<24:51,  8.53s/it]
 13%|█▎        | 26/200 [03:41<24:22,  8.41s/it]
 14%|█▎        | 27/200 [03:49<23:53,  8.29s/it]
 14%|█▍        | 28/200 [03:57<22:56,  8.00s/it]
 14%|█▍        | 29/200 [04:06<23:56,  8.40s/it]
 15%|█▌        | 30/200 [04:14<23:21,  8.24s/it]
 16%|█▌        | 31/200 [04:22<23:13,  8.25s/it]
 16%|█▌        | 32/200 [04:30<23:07,  8.26s/it]
 16%|█▋        | 33/200 [04:39<22:59,  8.26s/it]
 17%|█▋        | 34/200 [04:47<23:19,  8.43s/it]
 18%|█▊        | 35/200 [04:56<22:56,  8.34s/it]
 18%|█▊        | 36/200 [05:04<22:46,  8.34s/it]
 18%|█▊        | 37/200 [05:12<22:28,  8.27s/it]
 19%|█▉        | 38/200 [05:20<22:17,  8.26s/it]
 20%|█▉        | 39/200 [05:28<22:08,  8.25s/it]
 20%|██        | 40/200 [05:38<22:48,  8.55s/it]
 20%|██        | 41/200 [05:46<22:14,  8.39s/it]
 21%|██        | 42/200 [05:54<21:58,  8.34s/it]
 22%|██▏       | 43/200 [06:03<22:33,  8.62s/it]
 22%|██▏       | 44/200 [06:12<22:09,  8.52s/it]
 22%|██▎       | 45/200 [06:20<22:03,  8.54s/it]
 23%|██▎       | 46/200 [06:28<21:42,  8.46s/it]
 24%|██▎       | 47/200 [06:38<22:05,  8.67s/it]
 24%|██▍       | 48/200 [06:47<22:17,  8.80s/it]
 24%|██▍       | 49/200 [06:55<21:37,  8.59s/it]
 25%|██▌       | 50/200 [07:03<21:13,  8.49s/it]
 26%|██▌       | 51/200 [07:12<21:35,  8.69s/it]
 26%|██▌       | 52/200 [07:22<21:58,  8.91s/it]
 26%|██▋       | 53/200 [07:30<21:12,  8.66s/it]
 27%|██▋       | 54/200 [07:38<20:32,  8.44s/it]
 28%|██▊       | 55/200 [07:46<20:16,  8.39s/it]
 28%|██▊       | 56/200 [07:55<20:24,  8.50s/it]
 28%|██▊       | 57/200 [08:04<20:54,  8.77s/it]
 29%|██▉       | 58/200 [08:13<21:07,  8.92s/it]
 30%|██▉       | 59/200 [08:23<21:11,  9.01s/it]
 30%|███       | 60/200 [08:31<20:22,  8.74s/it]
 30%|███       | 61/200 [08:39<19:42,  8.51s/it]
 31%|███       | 62/200 [08:47<19:30,  8.48s/it]
 32%|███▏      | 63/200 [08:56<19:57,  8.74s/it]
 32%|███▏      | 64/200 [09:04<19:11,  8.47s/it]
 32%|███▎      | 65/200 [09:12<18:42,  8.31s/it]
 33%|███▎      | 66/200 [09:20<18:18,  8.20s/it]
 34%|███▎      | 67/200 [09:28<18:08,  8.18s/it]
 34%|███▍      | 68/200 [09:37<18:18,  8.32s/it]
 34%|███▍      | 69/200 [09:45<18:14,  8.36s/it]
 35%|███▌      | 70/200 [09:53<17:47,  8.21s/it]
 36%|███▌      | 71/200 [10:02<18:07,  8.43s/it]
 36%|███▌      | 72/200 [10:12<18:53,  8.85s/it]
 36%|███▋      | 73/200 [10:20<18:27,  8.72s/it]
 37%|███▋      | 74/200 [10:29<18:10,  8.65s/it]
 38%|███▊      | 75/200 [10:36<17:19,  8.31s/it]
 38%|███▊      | 76/200 [10:45<17:16,  8.36s/it]
 38%|███▊      | 77/200 [10:52<16:33,  8.08s/it]
 39%|███▉      | 78/200 [11:00<16:22,  8.05s/it]
 40%|███▉      | 79/200 [11:08<16:21,  8.11s/it]
 40%|████      | 80/200 [11:17<16:22,  8.19s/it]
 40%|████      | 81/200 [11:25<16:03,  8.09s/it]
 41%|████      | 82/200 [11:33<16:04,  8.17s/it]
 42%|████▏     | 83/200 [11:41<15:56,  8.18s/it]
 42%|████▏     | 84/200 [11:51<16:33,  8.56s/it]
 42%|████▎     | 85/200 [11:59<16:10,  8.44s/it]
 43%|████▎     | 86/200 [12:07<16:06,  8.48s/it]
 44%|████▎     | 87/200 [12:18<16:54,  8.98s/it]
 44%|████▍     | 88/200 [12:27<16:53,  9.05s/it]
 44%|████▍     | 89/200 [12:35<16:23,  8.86s/it]
 45%|████▌     | 90/200 [12:44<16:00,  8.73s/it]
 46%|████▌     | 91/200 [12:52<15:37,  8.60s/it]
 46%|████▌     | 92/200 [13:01<15:34,  8.66s/it]
 46%|████▋     | 93/200 [13:09<15:05,  8.46s/it]
 47%|████▋     | 94/200 [13:17<14:48,  8.38s/it]
 48%|████▊     | 95/200 [13:25<14:37,  8.35s/it]
 48%|████▊     | 96/200 [13:33<14:23,  8.30s/it]
 48%|████▊     | 97/200 [13:42<14:14,  8.30s/it]
 49%|████▉     | 98/200 [13:50<14:06,  8.30s/it]
 50%|████▉     | 99/200 [13:59<14:26,  8.57s/it]
 50%|█████     | 100/200 [14:08<14:17,  8.58s/it]
 50%|█████     | 101/200 [14:18<14:49,  8.98s/it]
 51%|█████     | 102/200 [14:27<14:34,  8.92s/it]
 52%|█████▏    | 103/200 [14:35<14:10,  8.77s/it]
 52%|█████▏    | 104/200 [14:45<14:32,  9.09s/it]
 52%|█████▎    | 105/200 [14:53<14:05,  8.91s/it]
 53%|█████▎    | 106/200 [15:02<13:55,  8.89s/it]
 54%|█████▎    | 107/200 [15:11<14:00,  9.03s/it]
 54%|█████▍    | 108/200 [15:19<13:22,  8.72s/it]
 55%|█████▍    | 109/200 [15:28<13:08,  8.67s/it]
 55%|█████▌    | 110/200 [15:36<12:44,  8.50s/it]
 56%|█████▌    | 111/200 [15:44<12:14,  8.26s/it]
 56%|█████▌    | 112/200 [15:52<12:14,  8.35s/it]
 56%|█████▋    | 113/200 [16:00<11:57,  8.24s/it]
 57%|█████▋    | 114/200 [16:10<12:14,  8.54s/it]
 57%|█████▊    | 115/200 [16:18<11:57,  8.45s/it]
 58%|█████▊    | 116/200 [16:26<11:38,  8.31s/it]
 58%|█████▊    | 117/200 [16:33<11:10,  8.08s/it]
 59%|█████▉    | 118/200 [16:42<11:17,  8.26s/it]
 60%|█████▉    | 119/200 [16:51<11:24,  8.45s/it]
 60%|██████    | 120/200 [16:59<11:11,  8.39s/it]
 60%|██████    | 121/200 [17:07<10:41,  8.11s/it]
 61%|██████    | 122/200 [17:15<10:44,  8.26s/it]
 62%|██████▏   | 123/200 [17:23<10:35,  8.25s/it]
 62%|██████▏   | 124/200 [17:32<10:30,  8.30s/it]
 62%|██████▎   | 125/200 [17:40<10:10,  8.14s/it]
 63%|██████▎   | 126/200 [17:48<10:02,  8.14s/it]
 64%|██████▎   | 127/200 [17:55<09:44,  8.01s/it]
 64%|██████▍   | 128/200 [18:04<09:44,  8.12s/it]
 64%|██████▍   | 129/200 [18:12<09:34,  8.10s/it]
 65%|██████▌   | 130/200 [18:20<09:24,  8.07s/it]
 66%|██████▌   | 131/200 [18:28<09:14,  8.04s/it]
 66%|██████▌   | 132/200 [18:36<09:12,  8.12s/it]
 66%|██████▋   | 133/200 [18:43<08:45,  7.84s/it]
 67%|██████▋   | 134/200 [18:53<09:10,  8.33s/it]
 68%|██████▊   | 135/200 [19:02<09:12,  8.51s/it]
 68%|██████▊   | 136/200 [19:09<08:49,  8.27s/it]
 68%|██████▊   | 137/200 [19:19<09:00,  8.58s/it]
 69%|██████▉   | 138/200 [19:27<08:50,  8.56s/it]
 70%|██████▉   | 139/200 [19:36<08:42,  8.56s/it]
 70%|███████   | 140/200 [19:44<08:22,  8.38s/it]
 70%|███████   | 141/200 [19:52<08:12,  8.35s/it]
 71%|███████   | 142/200 [20:02<08:29,  8.79s/it]
 72%|███████▏  | 143/200 [20:12<08:36,  9.07s/it]
 72%|███████▏  | 144/200 [20:21<08:28,  9.08s/it]
 72%|███████▎  | 145/200 [20:29<08:07,  8.86s/it]
 73%|███████▎  | 146/200 [20:37<07:45,  8.63s/it]
 74%|███████▎  | 147/200 [20:46<07:37,  8.62s/it]
 74%|███████▍  | 148/200 [20:54<07:26,  8.59s/it]
 74%|███████▍  | 149/200 [21:03<07:16,  8.56s/it]
 75%|███████▌  | 150/200 [21:10<06:52,  8.26s/it]
 76%|███████▌  | 151/200 [21:19<06:50,  8.37s/it]
 76%|███████▌  | 152/200 [21:27<06:34,  8.22s/it]
 76%|███████▋  | 153/200 [21:36<06:32,  8.36s/it]
 77%|███████▋  | 154/200 [21:44<06:19,  8.25s/it]
 78%|███████▊  | 155/200 [21:51<06:02,  8.06s/it]
 78%|███████▊  | 156/200 [21:59<05:57,  8.12s/it]
 78%|███████▊  | 157/200 [22:08<05:54,  8.24s/it]
 79%|███████▉  | 158/200 [22:16<05:39,  8.08s/it]
 80%|███████▉  | 159/200 [22:24<05:37,  8.24s/it]
 80%|████████  | 160/200 [22:33<05:33,  8.34s/it]
 80%|████████  | 161/200 [22:42<05:30,  8.48s/it]
 81%|████████  | 162/200 [22:50<05:19,  8.41s/it]
 82%|████████▏ | 163/200 [22:58<05:05,  8.26s/it]
 82%|████████▏ | 164/200 [23:06<05:01,  8.38s/it]
 82%|████████▎ | 165/200 [23:16<05:05,  8.73s/it]
 83%|████████▎ | 166/200 [23:24<04:54,  8.66s/it]
 84%|████████▎ | 167/200 [23:32<04:37,  8.40s/it]
 84%|████████▍ | 168/200 [23:40<04:24,  8.25s/it]
 84%|████████▍ | 169/200 [23:49<04:23,  8.50s/it]
 85%|████████▌ | 170/200 [23:57<04:08,  8.30s/it]
 86%|████████▌ | 171/200 [24:05<03:59,  8.27s/it]
 86%|████████▌ | 172/200 [24:13<03:50,  8.24s/it]
 86%|████████▋ | 173/200 [24:22<03:43,  8.26s/it]
 87%|████████▋ | 174/200 [24:30<03:34,  8.23s/it]
 88%|████████▊ | 175/200 [24:39<03:34,  8.57s/it]
 88%|████████▊ | 176/200 [24:48<03:28,  8.69s/it]
 88%|████████▊ | 177/200 [24:57<03:18,  8.62s/it]
 89%|████████▉ | 178/200 [25:05<03:09,  8.61s/it]
 90%|████████▉ | 179/200 [25:13<02:57,  8.45s/it]
 90%|█████████ | 180/200 [25:22<02:49,  8.48s/it]
 90%|█████████ | 181/200 [25:31<02:43,  8.60s/it]
 91%|█████████ | 182/200 [25:40<02:39,  8.86s/it]
 92%|█████████▏| 183/200 [25:50<02:34,  9.08s/it]
 92%|█████████▏| 184/200 [25:58<02:19,  8.75s/it]
 92%|█████████▎| 185/200 [26:07<02:12,  8.82s/it]
 93%|█████████▎| 186/200 [26:16<02:03,  8.80s/it]
 94%|█████████▎| 187/200 [26:24<01:54,  8.83s/it]
 94%|█████████▍| 188/200 [26:33<01:46,  8.85s/it]
 94%|█████████▍| 189/200 [26:42<01:35,  8.65s/it]
 95%|█████████▌| 190/200 [26:49<01:22,  8.29s/it]
 96%|█████████▌| 191/200 [26:57<01:13,  8.16s/it]
 96%|█████████▌| 192/200 [27:04<01:03,  7.98s/it]
 96%|█████████▋| 193/200 [27:13<00:58,  8.30s/it]
 97%|█████████▋| 194/200 [27:22<00:50,  8.49s/it]
 98%|█████████▊| 195/200 [27:32<00:43,  8.75s/it]
 98%|█████████▊| 196/200 [27:41<00:35,  8.95s/it]
 98%|█████████▊| 197/200 [27:49<00:26,  8.69s/it]
 99%|█████████▉| 198/200 [27:57<00:17,  8.56s/it]
100%|█████████▉| 199/200 [28:06<00:08,  8.42s/it]
100%|██████████| 200/200 [28:15<00:00,  8.59s/it]
100%|██████████| 200/200 [28:15<00:00,  8.48s/it]
2023-05-30 11:01:34.363145: I tensorflow/core/platform/cpu_feature_guard.cc:193] This TensorFlow binary is optimized with oneAPI Deep Neural Network Library (oneDNN) to use the following CPU instructions in performance-critical operations:  SSE4.1 SSE4.2 AVX AVX2 FMA
To enable them in other operations, rebuild TensorFlow with the appropriate compiler flags.
Files already downloaded and verified
Files already downloaded and verified
  0%|          | 0/200 [00:00<?, ?it/s]  0%|          | 1/200 [00:11<37:07, 11.19s/it]  1%|          | 2/200 [00:18<30:18,  9.18s/it]  2%|▏         | 3/200 [00:26<27:26,  8.36s/it]  2%|▏         | 4/200 [00:34<27:01,  8.27s/it]  2%|▎         | 5/200 [00:42<26:26,  8.14s/it]  3%|▎         | 6/200 [00:51<26:56,  8.33s/it]  4%|▎         | 7/200 [00:59<27:13,  8.46s/it]  4%|▍         | 8/200 [01:07<26:33,  8.30s/it]  4%|▍         | 9/200 [01:16<26:53,  8.45s/it]  5%|▌         | 10/200 [01:25<27:41,  8.74s/it]  6%|▌         | 11/200 [01:34<27:45,  8.81s/it]  6%|▌         | 12/200 [01:43<27:48,  8.87s/it]  6%|▋         | 13/200 [01:51<26:16,  8.43s/it]  7%|▋         | 14/200 [01:58<24:56,  8.05s/it]  8%|▊         | 15/200 [02:06<24:37,  7.99s/it]  8%|▊         | 16/200 [02:15<25:07,  8.20s/it]  8%|▊         | 17/200 [02:22<24:25,  8.01s/it]  9%|▉         | 18/200 [02:30<24:03,  7.93s/it] 10%|▉         | 19/200 [02:39<24:50,  8.23s/it] 10%|█         | 20/200 [02:47<24:34,  8.19s/it] 10%|█         | 21/200 [02:55<24:23,  8.18s/it] 11%|█         | 22/200 [03:03<23:48,  8.03s/it] 12%|█▏        | 23/200 [03:11<23:43,  8.04s/it] 12%|█▏        | 24/200 [03:18<22:47,  7.77s/it] 12%|█▎        | 25/200 [03:26<22:46,  7.81s/it] 13%|█▎        | 26/200 [03:35<23:57,  8.26s/it] 14%|█▎        | 27/200 [03:45<24:46,  8.59s/it] 14%|█▍        | 28/200 [03:52<23:48,  8.31s/it] 14%|█▍        | 29/200 [03:59<22:50,  8.01s/it] 15%|█▌        | 30/200 [04:06<21:47,  7.69s/it] 16%|█▌        | 31/200 [04:14<21:28,  7.62s/it] 16%|█▌        | 32/200 [04:22<21:20,  7.62s/it] 16%|█▋        | 33/200 [04:29<21:31,  7.73s/it] 17%|█▋        | 34/200 [04:37<21:14,  7.68s/it] 18%|█▊        | 35/200 [04:45<21:11,  7.71s/it] 18%|█▊        | 36/200 [04:53<21:44,  7.96s/it] 18%|█▊        | 37/200 [05:02<22:26,  8.26s/it] 19%|█▉        | 38/200 [05:11<22:15,  8.24s/it] 20%|█▉        | 39/200 [05:18<21:20,  7.95s/it] 20%|██        | 40/200 [05:26<21:02,  7.89s/it] 20%|██        | 41/200 [05:33<20:53,  7.88s/it] 21%|██        | 42/200 [05:42<21:01,  7.98s/it] 22%|██▏       | 43/200 [05:49<20:19,  7.77s/it] 22%|██▏       | 44/200 [05:57<20:11,  7.77s/it] 22%|██▎       | 45/200 [06:05<20:12,  7.83s/it] 23%|██▎       | 46/200 [06:12<19:59,  7.79s/it] 24%|██▎       | 47/200 [06:20<19:39,  7.71s/it] 24%|██▍       | 48/200 [06:27<18:59,  7.49s/it] 24%|██▍       | 49/200 [06:35<19:17,  7.66s/it] 25%|██▌       | 50/200 [06:43<19:27,  7.78s/it] 26%|██▌       | 51/200 [06:52<20:16,  8.16s/it] 26%|██▌       | 52/200 [07:00<19:59,  8.10s/it] 26%|██▋       | 53/200 [07:09<20:11,  8.24s/it] 27%|██▋       | 54/200 [07:17<20:27,  8.40s/it] 28%|██▊       | 55/200 [07:26<20:10,  8.35s/it] 28%|██▊       | 56/200 [07:34<20:13,  8.42s/it] 28%|██▊       | 57/200 [07:43<20:01,  8.40s/it] 29%|██▉       | 58/200 [07:50<19:27,  8.22s/it] 30%|██▉       | 59/200 [07:58<19:07,  8.14s/it] 30%|███       | 60/200 [08:06<18:39,  7.99s/it] 30%|███       | 61/200 [08:15<19:03,  8.23s/it] 31%|███       | 62/200 [08:23<18:41,  8.13s/it] 32%|███▏      | 63/200 [08:30<18:11,  7.97s/it] 32%|███▏      | 64/200 [08:39<18:28,  8.15s/it] 32%|███▎      | 65/200 [08:48<18:52,  8.39s/it] 33%|███▎      | 66/200 [08:55<18:09,  8.13s/it] 34%|███▎      | 67/200 [09:03<17:28,  7.89s/it] 34%|███▍      | 68/200 [09:10<17:20,  7.88s/it] 34%|███▍      | 69/200 [09:19<17:27,  7.99s/it] 35%|███▌      | 70/200 [09:27<17:31,  8.09s/it] 36%|███▌      | 71/200 [09:35<17:28,  8.13s/it] 36%|███▌      | 72/200 [09:44<17:59,  8.44s/it] 36%|███▋      | 73/200 [09:52<17:25,  8.23s/it] 37%|███▋      | 74/200 [10:00<16:59,  8.09s/it] 38%|███▊      | 75/200 [10:08<16:36,  7.97s/it] 38%|███▊      | 76/200 [10:15<16:27,  7.97s/it] 38%|███▊      | 77/200 [10:23<16:08,  7.88s/it] 39%|███▉      | 78/200 [10:33<17:01,  8.37s/it] 40%|███▉      | 79/200 [10:41<16:52,  8.37s/it] 40%|████      | 80/200 [10:49<16:32,  8.27s/it] 40%|████      | 81/200 [10:56<15:42,  7.92s/it] 41%|████      | 82/200 [11:04<15:36,  7.94s/it] 42%|████▏     | 83/200 [11:12<15:24,  7.90s/it] 42%|████▏     | 84/200 [11:20<15:27,  7.99s/it] 42%|████▎     | 85/200 [11:28<15:10,  7.92s/it] 43%|████▎     | 86/200 [11:36<15:14,  8.02s/it] 44%|████▎     | 87/200 [11:44<14:51,  7.89s/it] 44%|████▍     | 88/200 [11:52<14:48,  7.93s/it] 44%|████▍     | 89/200 [11:59<14:17,  7.73s/it] 45%|████▌     | 90/200 [12:07<14:32,  7.93s/it] 46%|████▌     | 91/200 [12:15<14:15,  7.85s/it] 46%|████▌     | 92/200 [12:23<13:57,  7.75s/it] 46%|████▋     | 93/200 [12:31<14:18,  8.02s/it] 47%|████▋     | 94/200 [12:40<14:16,  8.08s/it] 48%|████▊     | 95/200 [12:48<14:34,  8.33s/it] 48%|████▊     | 96/200 [12:57<14:30,  8.37s/it] 48%|████▊     | 97/200 [13:04<13:52,  8.08s/it] 49%|████▉     | 98/200 [13:12<13:39,  8.03s/it] 50%|████▉     | 99/200 [13:20<13:17,  7.89s/it] 50%|█████     | 100/200 [13:27<12:53,  7.73s/it] 50%|█████     | 101/200 [13:36<13:20,  8.09s/it] 51%|█████     | 102/200 [13:44<13:07,  8.04s/it] 52%|█████▏    | 103/200 [13:53<13:23,  8.28s/it] 52%|█████▏    | 104/200 [14:02<13:41,  8.55s/it] 52%|█████▎    | 105/200 [14:10<13:22,  8.45s/it] 53%|█████▎    | 106/200 [14:18<12:54,  8.24s/it] 54%|█████▎    | 107/200 [14:26<12:30,  8.07s/it] 54%|█████▍    | 108/200 [14:34<12:30,  8.16s/it] 55%|█████▍    | 109/200 [14:42<12:14,  8.07s/it] 55%|█████▌    | 110/200 [14:49<11:42,  7.80s/it] 56%|█████▌    | 111/200 [14:59<12:20,  8.32s/it] 56%|█████▌    | 112/200 [15:06<11:45,  8.02s/it] 56%|█████▋    | 113/200 [15:14<11:39,  8.05s/it] 57%|█████▋    | 114/200 [15:21<11:15,  7.86s/it] 57%|█████▊    | 115/200 [15:29<11:06,  7.84s/it] 58%|█████▊    | 116/200 [15:38<11:17,  8.06s/it] 58%|█████▊    | 117/200 [15:46<11:15,  8.14s/it] 59%|█████▉    | 118/200 [15:55<11:21,  8.31s/it] 60%|█████▉    | 119/200 [16:04<11:21,  8.42s/it] 60%|██████    | 120/200 [16:13<11:36,  8.71s/it] 60%|██████    | 121/200 [16:22<11:25,  8.68s/it] 61%|██████    | 122/200 [16:29<10:46,  8.29s/it] 62%|██████▏   | 123/200 [16:38<11:04,  8.63s/it] 62%|██████▏   | 124/200 [16:48<11:19,  8.94s/it] 62%|██████▎   | 125/200 [16:57<11:09,  8.93s/it] 63%|██████▎   | 126/200 [17:05<10:51,  8.81s/it] 64%|██████▎   | 127/200 [17:14<10:45,  8.84s/it] 64%|██████▍   | 128/200 [17:23<10:22,  8.65s/it] 64%|██████▍   | 129/200 [17:31<10:12,  8.63s/it] 65%|██████▌   | 130/200 [17:40<10:07,  8.68s/it] 66%|██████▌   | 131/200 [17:48<09:50,  8.56s/it] 66%|██████▌   | 132/200 [17:57<09:43,  8.58s/it] 66%|██████▋   | 133/200 [18:05<09:33,  8.56s/it] 67%|██████▋   | 134/200 [18:15<09:39,  8.78s/it] 68%|██████▊   | 135/200 [18:23<09:21,  8.64s/it] 68%|██████▊   | 136/200 [18:32<09:20,  8.75s/it] 68%|██████▊   | 137/200 [18:41<09:13,  8.79s/it] 69%|██████▉   | 138/200 [18:50<09:05,  8.80s/it] 70%|██████▉   | 139/200 [18:58<08:44,  8.59s/it] 70%|███████   | 140/200 [19:06<08:37,  8.62s/it] 70%|███████   | 141/200 [19:15<08:32,  8.68s/it] 71%|███████   | 142/200 [19:23<08:10,  8.46s/it] 72%|███████▏  | 143/200 [19:31<07:48,  8.22s/it] 72%|███████▏  | 144/200 [19:40<07:57,  8.53s/it] 72%|███████▎  | 145/200 [19:49<08:00,  8.74s/it] 73%|███████▎  | 146/200 [19:57<07:39,  8.52s/it] 74%|███████▎  | 147/200 [20:06<07:37,  8.64s/it] 74%|███████▍  | 148/200 [20:15<07:34,  8.74s/it] 74%|███████▍  | 149/200 [20:24<07:20,  8.64s/it] 75%|███████▌  | 150/200 [20:33<07:18,  8.77s/it] 76%|███████▌  | 151/200 [20:42<07:16,  8.90s/it] 76%|███████▌  | 152/200 [20:51<07:05,  8.86s/it] 76%|███████▋  | 153/200 [20:59<06:51,  8.76s/it] 77%|███████▋  | 154/200 [21:07<06:31,  8.52s/it] 78%|███████▊  | 155/200 [21:15<06:13,  8.31s/it] 78%|███████▊  | 156/200 [21:24<06:10,  8.41s/it] 78%|███████▊  | 157/200 [21:32<05:55,  8.26s/it] 79%|███████▉  | 158/200 [21:40<05:52,  8.39s/it] 80%|███████▉  | 159/200 [21:49<05:51,  8.56s/it] 80%|████████  | 160/200 [21:57<05:36,  8.40s/it] 80%|████████  | 161/200 [22:05<05:20,  8.22s/it] 81%|████████  | 162/200 [22:13<05:09,  8.15s/it] 82%|████████▏ | 163/200 [22:21<05:03,  8.19s/it] 82%|████████▏ | 164/200 [22:29<04:46,  7.95s/it] 82%|████████▎ | 165/200 [22:37<04:45,  8.16s/it] 83%|████████▎ | 166/200 [22:47<04:57,  8.75s/it] 84%|████████▎ | 167/200 [22:56<04:45,  8.66s/it] 84%|████████▍ | 168/200 [23:04<04:28,  8.39s/it] 84%|████████▍ | 169/200 [23:14<04:38,  9.00s/it] 85%|████████▌ | 170/200 [23:23<04:31,  9.06s/it] 86%|████████▌ | 171/200 [23:33<04:26,  9.20s/it] 86%|████████▌ | 172/200 [23:41<04:09,  8.90s/it] 86%|████████▋ | 173/200 [23:50<03:58,  8.84s/it] 87%|████████▋ | 174/200 [23:59<03:51,  8.91s/it] 88%|████████▊ | 175/200 [24:07<03:37,  8.69s/it] 88%|████████▊ | 176/200 [24:15<03:25,  8.57s/it] 88%|████████▊ | 177/200 [24:24<03:17,  8.60s/it] 89%|████████▉ | 178/200 [24:33<03:11,  8.69s/it] 90%|████████▉ | 179/200 [24:41<02:59,  8.55s/it] 90%|█████████ | 180/200 [24:49<02:49,  8.48s/it] 90%|█████████ | 181/200 [24:58<02:42,  8.53s/it] 91%|█████████ | 182/200 [25:06<02:31,  8.40s/it] 92%|█████████▏| 183/200 [25:14<02:20,  8.26s/it] 92%|█████████▏| 184/200 [25:22<02:08,  8.02s/it] 92%|█████████▎| 185/200 [25:28<01:55,  7.68s/it] 93%|█████████▎| 186/200 [25:35<01:44,  7.49s/it] 94%|█████████▎| 187/200 [25:42<01:35,  7.32s/it] 94%|█████████▍| 188/200 [25:49<01:26,  7.19s/it] 94%|█████████▍| 189/200 [25:56<01:18,  7.11s/it] 95%|█████████▌| 190/200 [26:03<01:10,  7.02s/it] 96%|█████████▌| 191/200 [26:09<01:00,  6.75s/it] 96%|█████████▌| 192/200 [26:16<00:54,  6.80s/it] 96%|█████████▋| 193/200 [26:23<00:47,  6.77s/it] 97%|█████████▋| 194/200 [26:30<00:40,  6.79s/it] 98%|█████████▊| 195/200 [26:37<00:34,  6.94s/it] 98%|█████████▊| 196/200 [26:44<00:27,  6.87s/it] 98%|█████████▊| 197/200 [26:51<00:21,  7.15s/it] 99%|█████████▉| 198/200 [26:59<00:14,  7.19s/it]100%|█████████▉| 199/200 [27:06<00:07,  7.20s/it]100%|██████████| 200/200 [27:14<00:00,  7.50s/it]100%|██████████| 200/200 [27:14<00:00,  8.17s/it]
